<?xml version="1.0" encoding="UTF-8"?>
<robot generator="Robot 6.1.1 (Python 3.11.5 on darwin)" generated="20231003 22:51:59.383" rpa="false" schemaversion="4">
<suite id="s1" name="Tests" source="/Users/pedropradita/PycharmProjects/aha/tests">
<suite id="s1-s1" name="Login" source="/Users/pedropradita/PycharmProjects/aha/tests/login.robot">
<kw name="Set Implicit Wait Globally" library="base_keyword" type="SETUP">
<kw name="Set Selenium Implicit Wait" library="SeleniumLibrary">
<arg>20s</arg>
<doc>Sets the implicit wait value used by Selenium.</doc>
<status status="PASS" starttime="20231003 22:51:59.638" endtime="20231003 22:51:59.638"/>
</kw>
<status status="PASS" starttime="20231003 22:51:59.637" endtime="20231003 22:51:59.638"/>
</kw>
<test id="s1-s1-t1" name="Login with Email" line="15">
<kw name="Open Login Page" library="login_keyword" type="SETUP">
<arg>${${environment}_URL}</arg>
<arg>${browser_chrome}</arg>
<kw name="Open Home Page" library="base_keyword">
<arg>${SiteUrl}</arg>
<arg>${Browser}</arg>
<kw name="Open Browser" library="SeleniumLibrary">
<arg>${SiteUrl}</arg>
<arg>${Browser}</arg>
<doc>Opens a new browser instance to the optional ``url``.</doc>
<msg timestamp="20231003 22:51:59.639" level="INFO">Opening browser 'headless chrome' to base url 'https://earnaha.com/'.</msg>
<status status="PASS" starttime="20231003 22:51:59.639" endtime="20231003 22:52:03.406"/>
</kw>
<kw name="Maximize Browser Window" library="SeleniumLibrary">
<doc>Maximizes current browser window.</doc>
<status status="PASS" starttime="20231003 22:52:03.407" endtime="20231003 22:52:03.904"/>
</kw>
<status status="PASS" starttime="20231003 22:51:59.639" endtime="20231003 22:52:03.904"/>
</kw>
<kw name="Click Login Button Home Page" library="login_keyword">
<kw name="Click Element" library="SeleniumLibrary">
<arg>${login_button}</arg>
<doc>Click the element identified by ``locator``.</doc>
<msg timestamp="20231003 22:52:03.907" level="INFO">Clicking element 'xpath:(//a[contains(@href, '/login')])[1]'.</msg>
<status status="PASS" starttime="20231003 22:52:03.905" endtime="20231003 22:52:05.707"/>
</kw>
<status status="PASS" starttime="20231003 22:52:03.904" endtime="20231003 22:52:05.707"/>
</kw>
<status status="PASS" starttime="20231003 22:51:59.638" endtime="20231003 22:52:05.707"/>
</kw>
<kw name="Input Username" library="login_keyword">
<arg>${email}</arg>
<kw name="Wait Until Element Is Visible" library="SeleniumLibrary">
<arg>${email_field}</arg>
<doc>Waits until the element ``locator`` is visible.</doc>
<status status="PASS" starttime="20231003 22:52:05.708" endtime="20231003 22:52:05.743"/>
</kw>
<kw name="Input Text" library="SeleniumLibrary">
<arg>${email_field}</arg>
<arg>${email}</arg>
<doc>Types the given ``text`` into the text field identified by ``locator``.</doc>
<msg timestamp="20231003 22:52:05.744" level="INFO">Typing text 'pedro.pradita.s@gmail.com' into text field 'id:username'.</msg>
<status status="PASS" starttime="20231003 22:52:05.743" endtime="20231003 22:52:05.859"/>
</kw>
<status status="PASS" starttime="20231003 22:52:05.707" endtime="20231003 22:52:05.859"/>
</kw>
<kw name="Input Password" library="login_keyword">
<arg>${password}</arg>
<kw name="Input Text" library="SeleniumLibrary">
<arg>${password_field}</arg>
<arg>${password}</arg>
<doc>Types the given ``text`` into the text field identified by ``locator``.</doc>
<msg timestamp="20231003 22:52:05.860" level="INFO">Typing text 'Testaha1!' into text field 'id:password'.</msg>
<status status="PASS" starttime="20231003 22:52:05.860" endtime="20231003 22:52:05.937"/>
</kw>
<status status="PASS" starttime="20231003 22:52:05.860" endtime="20231003 22:52:05.937"/>
</kw>
<kw name="Click Login Button" library="login_keyword">
<kw name="Click Element" library="SeleniumLibrary">
<arg>${continue_button}</arg>
<doc>Click the element identified by ``locator``.</doc>
<msg timestamp="20231003 22:52:05.939" level="INFO">Clicking element 'xpath:(//*[@type='submit'])[2]'.</msg>
<status status="PASS" starttime="20231003 22:52:05.938" endtime="20231003 22:52:10.468"/>
</kw>
<status status="PASS" starttime="20231003 22:52:05.937" endtime="20231003 22:52:10.468"/>
</kw>
<kw name="Wait Profile Button is Visible" library="login_keyword">
<var>${visibility_result}</var>
<kw name="Wait Until Element Is Visible" library="SeleniumLibrary">
<arg>${profile_button}</arg>
<arg>10</arg>
<doc>Waits until the element ``locator`` is visible.</doc>
<status status="PASS" starttime="20231003 22:52:10.468" endtime="20231003 22:52:11.495"/>
</kw>
<kw name="Run Keyword And Return Status" library="BuiltIn">
<var>${visibility_status}</var>
<arg>element should be visible</arg>
<arg>${profile_button}</arg>
<doc>Runs the given keyword with given arguments and returns the status as a Boolean value.</doc>
<kw name="Element Should Be Visible" library="SeleniumLibrary">
<arg>${profile_button}</arg>
<doc>Verifies that the element identified by ``locator`` is visible.</doc>
<msg timestamp="20231003 22:52:11.512" level="INFO">Element 'css:div[aria-label='Profile']' is displayed.</msg>
<status status="PASS" starttime="20231003 22:52:11.495" endtime="20231003 22:52:11.512"/>
</kw>
<msg timestamp="20231003 22:52:11.512" level="INFO">${visibility_status} = True</msg>
<status status="PASS" starttime="20231003 22:52:11.495" endtime="20231003 22:52:11.512"/>
</kw>
<msg timestamp="20231003 22:52:11.512" level="INFO">${visibility_result} = True</msg>
<status status="PASS" starttime="20231003 22:52:10.468" endtime="20231003 22:52:11.512"/>
</kw>
<kw name="Should Be True" library="BuiltIn">
<arg>${visibility_result}</arg>
<doc>Fails if the given condition is not true.</doc>
<status status="PASS" starttime="20231003 22:52:11.512" endtime="20231003 22:52:11.513"/>
</kw>
<kw name="Close Browser" library="base_keyword" type="TEARDOWN">
<kw name="Close All Browsers" library="SeleniumLibrary">
<doc>Closes all open browsers and resets the browser cache.</doc>
<status status="PASS" starttime="20231003 22:52:11.513" endtime="20231003 22:52:11.659"/>
</kw>
<status status="PASS" starttime="20231003 22:52:11.513" endtime="20231003 22:52:11.659"/>
</kw>
<doc>Success login with email</doc>
<tag>login</tag>
<tag>regression</tag>
<status status="PASS" starttime="20231003 22:51:59.638" endtime="20231003 22:52:11.659"/>
</test>
<test id="s1-s1-t2" name="Login with Google OAuth" line="25">
<kw name="Open Login Page" library="login_keyword" type="SETUP">
<arg>${${environment}_URL}</arg>
<arg>${browser_chrome}</arg>
<kw name="Open Home Page" library="base_keyword">
<arg>${SiteUrl}</arg>
<arg>${Browser}</arg>
<kw name="Open Browser" library="SeleniumLibrary">
<arg>${SiteUrl}</arg>
<arg>${Browser}</arg>
<doc>Opens a new browser instance to the optional ``url``.</doc>
<msg timestamp="20231003 22:52:11.661" level="INFO">Opening browser 'headless chrome' to base url 'https://earnaha.com/'.</msg>
<status status="PASS" starttime="20231003 22:52:11.661" endtime="20231003 22:52:17.402"/>
</kw>
<kw name="Maximize Browser Window" library="SeleniumLibrary">
<doc>Maximizes current browser window.</doc>
<status status="PASS" starttime="20231003 22:52:17.403" endtime="20231003 22:52:17.866"/>
</kw>
<status status="PASS" starttime="20231003 22:52:11.660" endtime="20231003 22:52:17.866"/>
</kw>
<kw name="Click Login Button Home Page" library="login_keyword">
<kw name="Click Element" library="SeleniumLibrary">
<arg>${login_button}</arg>
<doc>Click the element identified by ``locator``.</doc>
<msg timestamp="20231003 22:52:17.868" level="INFO">Clicking element 'xpath:(//a[contains(@href, '/login')])[1]'.</msg>
<status status="PASS" starttime="20231003 22:52:17.867" endtime="20231003 22:52:19.480"/>
</kw>
<status status="PASS" starttime="20231003 22:52:17.867" endtime="20231003 22:52:19.480"/>
</kw>
<status status="PASS" starttime="20231003 22:52:11.660" endtime="20231003 22:52:19.480"/>
</kw>
<kw name="Click Google 0Auth Button" library="login_keyword">
<kw name="Click Element" library="SeleniumLibrary">
<arg>${google_0auth_button}</arg>
<doc>Click the element identified by ``locator``.</doc>
<msg timestamp="20231003 22:52:19.481" level="INFO">Clicking element 'xpath:(//*[@type='submit'])[3]'.</msg>
<status status="PASS" starttime="20231003 22:52:19.481" endtime="20231003 22:52:21.116"/>
</kw>
<status status="PASS" starttime="20231003 22:52:19.480" endtime="20231003 22:52:21.116"/>
</kw>
<kw name="Input Email Google" library="login_keyword">
<arg>${email_google}</arg>
<kw name="Wait Until Element Is Visible" library="SeleniumLibrary">
<arg>${email_google_field}</arg>
<doc>Waits until the element ``locator`` is visible.</doc>
<status status="PASS" starttime="20231003 22:52:21.117" endtime="20231003 22:52:21.178"/>
</kw>
<kw name="Input Text" library="SeleniumLibrary">
<arg>${email_google_field}</arg>
<arg>${email}</arg>
<doc>Types the given ``text`` into the text field identified by ``locator``.</doc>
<msg timestamp="20231003 22:52:21.179" level="INFO">Typing text 'pedro.pradita.aha@gmail.com' into text field 'id:identifierId'.</msg>
<status status="PASS" starttime="20231003 22:52:21.179" endtime="20231003 22:52:21.447"/>
</kw>
<status status="PASS" starttime="20231003 22:52:21.117" endtime="20231003 22:52:21.447"/>
</kw>
<kw name="Click Next Email Button" library="login_keyword">
<kw name="Click Element" library="SeleniumLibrary">
<arg>${next_button}</arg>
<doc>Click the element identified by ``locator``.</doc>
<msg timestamp="20231003 22:52:21.448" level="INFO">Clicking element 'id:identifierNext'.</msg>
<status status="PASS" starttime="20231003 22:52:21.447" endtime="20231003 22:52:21.643"/>
</kw>
<status status="PASS" starttime="20231003 22:52:21.447" endtime="20231003 22:52:21.643"/>
</kw>
<kw name="Input Password Google" library="login_keyword">
<arg>${password}</arg>
<kw name="Wait Until Element Is Visible" library="SeleniumLibrary">
<arg>${password_google_field}</arg>
<doc>Waits until the element ``locator`` is visible.</doc>
<status status="PASS" starttime="20231003 22:52:21.644" endtime="20231003 22:52:22.824"/>
</kw>
<kw name="Input Text" library="SeleniumLibrary">
<arg>${password_google_field}</arg>
<arg>${password}</arg>
<doc>Types the given ``text`` into the text field identified by ``locator``.</doc>
<msg timestamp="20231003 22:52:22.824" level="INFO">Typing text 'Testaha1!' into text field 'css:input[name='Passwd']'.</msg>
<status status="PASS" starttime="20231003 22:52:22.824" endtime="20231003 22:52:22.921"/>
</kw>
<status status="PASS" starttime="20231003 22:52:21.643" endtime="20231003 22:52:22.921"/>
</kw>
<kw name="Click Next Password Button" library="login_keyword">
<kw name="Click Element" library="SeleniumLibrary">
<arg>${next_password_button}</arg>
<doc>Click the element identified by ``locator``.</doc>
<msg timestamp="20231003 22:52:22.922" level="INFO">Clicking element 'id:passwordNext'.</msg>
<status status="PASS" starttime="20231003 22:52:22.921" endtime="20231003 22:52:23.133"/>
</kw>
<status status="PASS" starttime="20231003 22:52:22.921" endtime="20231003 22:52:23.133"/>
</kw>
<kw name="Wait Profile Button is Visible" library="login_keyword">
<var>${visibility_result}</var>
<kw name="Wait Until Element Is Visible" library="SeleniumLibrary">
<arg>${profile_button}</arg>
<arg>10</arg>
<doc>Waits until the element ``locator`` is visible.</doc>
<status status="PASS" starttime="20231003 22:52:23.134" endtime="20231003 22:52:30.950"/>
</kw>
<kw name="Run Keyword And Return Status" library="BuiltIn">
<var>${visibility_status}</var>
<arg>element should be visible</arg>
<arg>${profile_button}</arg>
<doc>Runs the given keyword with given arguments and returns the status as a Boolean value.</doc>
<kw name="Element Should Be Visible" library="SeleniumLibrary">
<arg>${profile_button}</arg>
<doc>Verifies that the element identified by ``locator`` is visible.</doc>
<msg timestamp="20231003 22:52:30.973" level="INFO">Element 'css:div[aria-label='Profile']' is displayed.</msg>
<status status="PASS" starttime="20231003 22:52:30.951" endtime="20231003 22:52:30.973"/>
</kw>
<msg timestamp="20231003 22:52:30.973" level="INFO">${visibility_status} = True</msg>
<status status="PASS" starttime="20231003 22:52:30.950" endtime="20231003 22:52:30.973"/>
</kw>
<msg timestamp="20231003 22:52:30.973" level="INFO">${visibility_result} = True</msg>
<status status="PASS" starttime="20231003 22:52:23.134" endtime="20231003 22:52:30.973"/>
</kw>
<kw name="Should Be True" library="BuiltIn">
<arg>${visibility_result}</arg>
<doc>Fails if the given condition is not true.</doc>
<status status="PASS" starttime="20231003 22:52:30.973" endtime="20231003 22:52:30.974"/>
</kw>
<kw name="Close Browser" library="base_keyword" type="TEARDOWN">
<kw name="Close All Browsers" library="SeleniumLibrary">
<doc>Closes all open browsers and resets the browser cache.</doc>
<status status="PASS" starttime="20231003 22:52:30.974" endtime="20231003 22:52:31.115"/>
</kw>
<status status="PASS" starttime="20231003 22:52:30.974" endtime="20231003 22:52:31.115"/>
</kw>
<doc>Success login with Google OAuth</doc>
<tag>login</tag>
<tag>regression</tag>
<status status="PASS" starttime="20231003 22:52:11.659" endtime="20231003 22:52:31.115"/>
</test>
<doc>Login Functionality</doc>
<status status="PASS" starttime="20231003 22:51:59.415" endtime="20231003 22:52:31.117"/>
</suite>
<suite id="s1-s2" name="Logout" source="/Users/pedropradita/PycharmProjects/aha/tests/logout.robot">
<kw name="Set Implicit Wait Globally" library="base_keyword" type="SETUP">
<kw name="Set Selenium Implicit Wait" library="SeleniumLibrary">
<arg>20s</arg>
<doc>Sets the implicit wait value used by Selenium.</doc>
<status status="PASS" starttime="20231003 22:52:31.139" endtime="20231003 22:52:31.139"/>
</kw>
<status status="PASS" starttime="20231003 22:52:31.139" endtime="20231003 22:52:31.139"/>
</kw>
<test id="s1-s2-t1" name="Logout With Email" line="16">
<kw name="Success Login with Email" library="login_keyword">
<arg>${${environment}_url}</arg>
<arg>${browser_chrome}</arg>
<arg>${email}</arg>
<arg>${password}</arg>
<kw name="Open Home Page" library="base_keyword">
<arg>${SiteUrl}</arg>
<arg>${Browser}</arg>
<kw name="Open Browser" library="SeleniumLibrary">
<arg>${SiteUrl}</arg>
<arg>${Browser}</arg>
<doc>Opens a new browser instance to the optional ``url``.</doc>
<msg timestamp="20231003 22:52:31.141" level="INFO">Opening browser 'headless chrome' to base url 'https://earnaha.com/'.</msg>
<status status="PASS" starttime="20231003 22:52:31.141" endtime="20231003 22:52:35.130"/>
</kw>
<kw name="Maximize Browser Window" library="SeleniumLibrary">
<doc>Maximizes current browser window.</doc>
<status status="PASS" starttime="20231003 22:52:35.130" endtime="20231003 22:52:35.597"/>
</kw>
<status status="PASS" starttime="20231003 22:52:31.140" endtime="20231003 22:52:35.597"/>
</kw>
<kw name="Click Login Button Home Page" library="login_keyword">
<kw name="Click Element" library="SeleniumLibrary">
<arg>${login_button}</arg>
<doc>Click the element identified by ``locator``.</doc>
<msg timestamp="20231003 22:52:35.599" level="INFO">Clicking element 'xpath:(//a[contains(@href, '/login')])[1]'.</msg>
<status status="PASS" starttime="20231003 22:52:35.598" endtime="20231003 22:52:37.118"/>
</kw>
<status status="PASS" starttime="20231003 22:52:35.597" endtime="20231003 22:52:37.118"/>
</kw>
<kw name="Input Username" library="login_keyword">
<arg>${email}</arg>
<kw name="Wait Until Element Is Visible" library="SeleniumLibrary">
<arg>${email_field}</arg>
<doc>Waits until the element ``locator`` is visible.</doc>
<status status="PASS" starttime="20231003 22:52:37.119" endtime="20231003 22:52:37.141"/>
</kw>
<kw name="Input Text" library="SeleniumLibrary">
<arg>${email_field}</arg>
<arg>${email}</arg>
<doc>Types the given ``text`` into the text field identified by ``locator``.</doc>
<msg timestamp="20231003 22:52:37.142" level="INFO">Typing text 'pedro.pradita.s@gmail.com' into text field 'id:username'.</msg>
<status status="PASS" starttime="20231003 22:52:37.141" endtime="20231003 22:52:37.246"/>
</kw>
<status status="PASS" starttime="20231003 22:52:37.118" endtime="20231003 22:52:37.246"/>
</kw>
<kw name="Input Password" library="login_keyword">
<arg>${password}</arg>
<kw name="Input Text" library="SeleniumLibrary">
<arg>${password_field}</arg>
<arg>${password}</arg>
<doc>Types the given ``text`` into the text field identified by ``locator``.</doc>
<msg timestamp="20231003 22:52:37.247" level="INFO">Typing text 'Testaha1!' into text field 'id:password'.</msg>
<status status="PASS" starttime="20231003 22:52:37.246" endtime="20231003 22:52:37.321"/>
</kw>
<status status="PASS" starttime="20231003 22:52:37.246" endtime="20231003 22:52:37.321"/>
</kw>
<kw name="Click Login Button" library="login_keyword">
<kw name="Click Element" library="SeleniumLibrary">
<arg>${continue_button}</arg>
<doc>Click the element identified by ``locator``.</doc>
<msg timestamp="20231003 22:52:37.321" level="INFO">Clicking element 'xpath:(//*[@type='submit'])[2]'.</msg>
<status status="PASS" starttime="20231003 22:52:37.321" endtime="20231003 22:52:41.923"/>
</kw>
<status status="PASS" starttime="20231003 22:52:37.321" endtime="20231003 22:52:41.923"/>
</kw>
<status status="PASS" starttime="20231003 22:52:31.140" endtime="20231003 22:52:41.923"/>
</kw>
<kw name="Logout Steps" library="logout_keyword">
<kw name="Click Profile Button" library="dashboard_keyword">
<kw name="Wait Until Element Is Visible" library="SeleniumLibrary">
<arg>${profile_button}</arg>
<arg>20s</arg>
<doc>Waits until the element ``locator`` is visible.</doc>
<status status="PASS" starttime="20231003 22:52:41.924" endtime="20231003 22:52:43.156"/>
</kw>
<kw name="Click Element" library="SeleniumLibrary">
<arg>${profile_button}</arg>
<doc>Click the element identified by ``locator``.</doc>
<msg timestamp="20231003 22:52:43.157" level="INFO">Clicking element 'css:div[aria-label='Profile']'.</msg>
<status status="PASS" starttime="20231003 22:52:43.156" endtime="20231003 22:52:43.360"/>
</kw>
<status status="PASS" starttime="20231003 22:52:41.924" endtime="20231003 22:52:43.360"/>
</kw>
<kw name="Click Settings Button" library="profile_keyword">
<kw name="Wait Until Element Is Enabled" library="SeleniumLibrary">
<arg>${settings_button}</arg>
<arg>5s</arg>
<doc>Waits until the element ``locator`` is enabled.</doc>
<status status="PASS" starttime="20231003 22:52:43.360" endtime="20231003 22:52:43.570"/>
</kw>
<kw name="Click Element" library="SeleniumLibrary">
<arg>${settings_button}</arg>
<doc>Click the element identified by ``locator``.</doc>
<msg timestamp="20231003 22:52:43.570" level="INFO">Clicking element 'css:a[href='/profile/settings']'.</msg>
<status status="PASS" starttime="20231003 22:52:43.570" endtime="20231003 22:52:43.619"/>
</kw>
<status status="PASS" starttime="20231003 22:52:43.360" endtime="20231003 22:52:43.619"/>
</kw>
<kw name="Click Logout Button" library="profile_keyword">
<kw name="Wait Until Element Is Enabled" library="SeleniumLibrary">
<arg>${settings_button}</arg>
<arg>5s</arg>
<doc>Waits until the element ``locator`` is enabled.</doc>
<status status="PASS" starttime="20231003 22:52:43.620" endtime="20231003 22:52:43.651"/>
</kw>
<kw name="Click Element" library="SeleniumLibrary">
<arg>${logout_button}</arg>
<doc>Click the element identified by ``locator``.</doc>
<msg timestamp="20231003 22:52:43.652" level="INFO">Clicking element 'xpath://button[normalize-space()='LOG OUT']'.</msg>
<status status="PASS" starttime="20231003 22:52:43.651" endtime="20231003 22:52:43.786"/>
</kw>
<status status="PASS" starttime="20231003 22:52:43.619" endtime="20231003 22:52:43.786"/>
</kw>
<kw name="Click Yes Button" library="profile_keyword">
<kw name="Click Element" library="SeleniumLibrary">
<arg>${yes_button}</arg>
<doc>Click the element identified by ``locator``.</doc>
<msg timestamp="20231003 22:52:43.787" level="INFO">Clicking element 'xpath://button[normalize-space()='Yes']'.</msg>
<status status="PASS" starttime="20231003 22:52:43.786" endtime="20231003 22:52:44.441"/>
</kw>
<status status="PASS" starttime="20231003 22:52:43.786" endtime="20231003 22:52:44.441"/>
</kw>
<status status="PASS" starttime="20231003 22:52:41.924" endtime="20231003 22:52:44.441"/>
</kw>
<kw name="Wait Text after Logout is Visible" library="logout_keyword">
<kw name="Wait Until Element Is Visible" library="SeleniumLibrary">
<arg>${success_logout_text}</arg>
<arg>10</arg>
<doc>Waits until the element ``locator`` is visible.</doc>
<status status="PASS" starttime="20231003 22:52:44.442" endtime="20231003 22:52:44.591"/>
</kw>
<kw name="Run Keyword And Return Status" library="BuiltIn">
<var>${visibility_status}</var>
<arg>element should be visible</arg>
<arg>${success_logout_text}</arg>
<doc>Runs the given keyword with given arguments and returns the status as a Boolean value.</doc>
<kw name="Element Should Be Visible" library="SeleniumLibrary">
<arg>${success_logout_text}</arg>
<doc>Verifies that the element identified by ``locator`` is visible.</doc>
<msg timestamp="20231003 22:52:44.611" level="INFO">Element 'xpath://h5[contains(@class, 'MuiTypography-h5')]' is displayed.</msg>
<status status="PASS" starttime="20231003 22:52:44.592" endtime="20231003 22:52:44.611"/>
</kw>
<msg timestamp="20231003 22:52:44.611" level="INFO">${visibility_status} = True</msg>
<status status="PASS" starttime="20231003 22:52:44.591" endtime="20231003 22:52:44.611"/>
</kw>
<status status="PASS" starttime="20231003 22:52:44.442" endtime="20231003 22:52:44.612"/>
</kw>
<kw name="Get Text after Logout" library="logout_keyword">
<var>${text_after_logout}</var>
<kw name="Get Text" library="SeleniumLibrary">
<var>${text}</var>
<arg>${success_logout_text}</arg>
<doc>Returns the text value of the element identified by ``locator``.</doc>
<msg timestamp="20231003 22:52:44.638" level="INFO">${text} = Login to Practice</msg>
<status status="PASS" starttime="20231003 22:52:44.612" endtime="20231003 22:52:44.638"/>
</kw>
<msg timestamp="20231003 22:52:44.638" level="INFO">${text_after_logout} = Login to Practice</msg>
<status status="PASS" starttime="20231003 22:52:44.612" endtime="20231003 22:52:44.638"/>
</kw>
<kw name="Should Be Equal" library="BuiltIn">
<arg>${text_after_logout}</arg>
<arg>${expected_after_logout_text}</arg>
<doc>Fails if the given objects are unequal.</doc>
<status status="PASS" starttime="20231003 22:52:44.638" endtime="20231003 22:52:44.638"/>
</kw>
<kw name="Close Browser" library="base_keyword" type="TEARDOWN">
<kw name="Close All Browsers" library="SeleniumLibrary">
<doc>Closes all open browsers and resets the browser cache.</doc>
<status status="PASS" starttime="20231003 22:52:44.639" endtime="20231003 22:52:44.761"/>
</kw>
<status status="PASS" starttime="20231003 22:52:44.639" endtime="20231003 22:52:44.761"/>
</kw>
<doc>Success logout with email</doc>
<tag>logout</tag>
<tag>regression</tag>
<status status="PASS" starttime="20231003 22:52:31.140" endtime="20231003 22:52:44.761"/>
</test>
<test id="s1-s2-t2" name="Logout With Google OAuth" line="26">
<kw name="Success Login with Google OAuth" library="login_keyword">
<arg>${${environment}_url}</arg>
<arg>${browser_chrome}</arg>
<arg>${email_google}</arg>
<arg>${password}</arg>
<kw name="Open Home Page" library="base_keyword">
<arg>${SiteUrl}</arg>
<arg>${Browser}</arg>
<kw name="Open Browser" library="SeleniumLibrary">
<arg>${SiteUrl}</arg>
<arg>${Browser}</arg>
<doc>Opens a new browser instance to the optional ``url``.</doc>
<msg timestamp="20231003 22:52:44.763" level="INFO">Opening browser 'headless chrome' to base url 'https://earnaha.com/'.</msg>
<status status="PASS" starttime="20231003 22:52:44.762" endtime="20231003 22:52:50.737"/>
</kw>
<kw name="Maximize Browser Window" library="SeleniumLibrary">
<doc>Maximizes current browser window.</doc>
<status status="PASS" starttime="20231003 22:52:50.737" endtime="20231003 22:52:51.248"/>
</kw>
<status status="PASS" starttime="20231003 22:52:44.762" endtime="20231003 22:52:51.248"/>
</kw>
<kw name="Click Login Button Home Page" library="login_keyword">
<kw name="Click Element" library="SeleniumLibrary">
<arg>${login_button}</arg>
<doc>Click the element identified by ``locator``.</doc>
<msg timestamp="20231003 22:52:51.253" level="INFO">Clicking element 'xpath:(//a[contains(@href, '/login')])[1]'.</msg>
<status status="PASS" starttime="20231003 22:52:51.249" endtime="20231003 22:52:53.120"/>
</kw>
<status status="PASS" starttime="20231003 22:52:51.249" endtime="20231003 22:52:53.120"/>
</kw>
<kw name="Click Google 0Auth Button" library="login_keyword">
<kw name="Click Element" library="SeleniumLibrary">
<arg>${google_0auth_button}</arg>
<doc>Click the element identified by ``locator``.</doc>
<msg timestamp="20231003 22:52:53.121" level="INFO">Clicking element 'xpath:(//*[@type='submit'])[3]'.</msg>
<status status="PASS" starttime="20231003 22:52:53.121" endtime="20231003 22:52:54.585"/>
</kw>
<status status="PASS" starttime="20231003 22:52:53.120" endtime="20231003 22:52:54.586"/>
</kw>
<kw name="Input Email Google" library="login_keyword">
<arg>${email_google}</arg>
<kw name="Wait Until Element Is Visible" library="SeleniumLibrary">
<arg>${email_google_field}</arg>
<doc>Waits until the element ``locator`` is visible.</doc>
<status status="PASS" starttime="20231003 22:52:54.586" endtime="20231003 22:52:54.624"/>
</kw>
<kw name="Input Text" library="SeleniumLibrary">
<arg>${email_google_field}</arg>
<arg>${email}</arg>
<doc>Types the given ``text`` into the text field identified by ``locator``.</doc>
<msg timestamp="20231003 22:52:54.625" level="INFO">Typing text 'pedro.pradita.aha@gmail.com' into text field 'id:identifierId'.</msg>
<status status="PASS" starttime="20231003 22:52:54.624" endtime="20231003 22:52:54.845"/>
</kw>
<status status="PASS" starttime="20231003 22:52:54.586" endtime="20231003 22:52:54.845"/>
</kw>
<kw name="Click Next Email Button" library="login_keyword">
<kw name="Click Element" library="SeleniumLibrary">
<arg>${next_button}</arg>
<doc>Click the element identified by ``locator``.</doc>
<msg timestamp="20231003 22:52:54.846" level="INFO">Clicking element 'id:identifierNext'.</msg>
<status status="PASS" starttime="20231003 22:52:54.846" endtime="20231003 22:52:55.045"/>
</kw>
<status status="PASS" starttime="20231003 22:52:54.845" endtime="20231003 22:52:55.045"/>
</kw>
<kw name="Input Password Google" library="login_keyword">
<arg>${password}</arg>
<kw name="Wait Until Element Is Visible" library="SeleniumLibrary">
<arg>${password_google_field}</arg>
<doc>Waits until the element ``locator`` is visible.</doc>
<status status="PASS" starttime="20231003 22:52:55.045" endtime="20231003 22:52:56.477"/>
</kw>
<kw name="Input Text" library="SeleniumLibrary">
<arg>${password_google_field}</arg>
<arg>${password}</arg>
<doc>Types the given ``text`` into the text field identified by ``locator``.</doc>
<msg timestamp="20231003 22:52:56.477" level="INFO">Typing text 'Testaha1!' into text field 'css:input[name='Passwd']'.</msg>
<status status="PASS" starttime="20231003 22:52:56.477" endtime="20231003 22:52:56.561"/>
</kw>
<status status="PASS" starttime="20231003 22:52:55.045" endtime="20231003 22:52:56.561"/>
</kw>
<kw name="Click Next Password Button" library="login_keyword">
<kw name="Click Element" library="SeleniumLibrary">
<arg>${next_password_button}</arg>
<doc>Click the element identified by ``locator``.</doc>
<msg timestamp="20231003 22:52:56.562" level="INFO">Clicking element 'id:passwordNext'.</msg>
<status status="PASS" starttime="20231003 22:52:56.562" endtime="20231003 22:52:56.773"/>
</kw>
<status status="PASS" starttime="20231003 22:52:56.561" endtime="20231003 22:52:56.774"/>
</kw>
<status status="PASS" starttime="20231003 22:52:44.762" endtime="20231003 22:52:56.774"/>
</kw>
<kw name="Logout Steps" library="logout_keyword">
<kw name="Click Profile Button" library="dashboard_keyword">
<kw name="Wait Until Element Is Visible" library="SeleniumLibrary">
<arg>${profile_button}</arg>
<arg>20s</arg>
<doc>Waits until the element ``locator`` is visible.</doc>
<status status="PASS" starttime="20231003 22:52:56.775" endtime="20231003 22:53:04.235"/>
</kw>
<kw name="Click Element" library="SeleniumLibrary">
<arg>${profile_button}</arg>
<doc>Click the element identified by ``locator``.</doc>
<msg timestamp="20231003 22:53:04.236" level="INFO">Clicking element 'css:div[aria-label='Profile']'.</msg>
<status status="PASS" starttime="20231003 22:53:04.236" endtime="20231003 22:53:04.299"/>
</kw>
<status status="PASS" starttime="20231003 22:52:56.774" endtime="20231003 22:53:04.299"/>
</kw>
<kw name="Click Settings Button" library="profile_keyword">
<kw name="Wait Until Element Is Enabled" library="SeleniumLibrary">
<arg>${settings_button}</arg>
<arg>5s</arg>
<doc>Waits until the element ``locator`` is enabled.</doc>
<status status="PASS" starttime="20231003 22:53:04.300" endtime="20231003 22:53:04.519"/>
</kw>
<kw name="Click Element" library="SeleniumLibrary">
<arg>${settings_button}</arg>
<doc>Click the element identified by ``locator``.</doc>
<msg timestamp="20231003 22:53:04.520" level="INFO">Clicking element 'css:a[href='/profile/settings']'.</msg>
<status status="PASS" starttime="20231003 22:53:04.519" endtime="20231003 22:53:04.572"/>
</kw>
<status status="PASS" starttime="20231003 22:53:04.299" endtime="20231003 22:53:04.572"/>
</kw>
<kw name="Click Logout Button" library="profile_keyword">
<kw name="Wait Until Element Is Enabled" library="SeleniumLibrary">
<arg>${settings_button}</arg>
<arg>5s</arg>
<doc>Waits until the element ``locator`` is enabled.</doc>
<msg timestamp="20231003 22:53:04.680" level="INFO">Suppressing StaleElementReferenceException from Selenium.</msg>
<status status="PASS" starttime="20231003 22:53:04.572" endtime="20231003 22:53:04.903"/>
</kw>
<kw name="Click Element" library="SeleniumLibrary">
<arg>${logout_button}</arg>
<doc>Click the element identified by ``locator``.</doc>
<msg timestamp="20231003 22:53:04.903" level="INFO">Clicking element 'xpath://button[normalize-space()='LOG OUT']'.</msg>
<status status="PASS" starttime="20231003 22:53:04.903" endtime="20231003 22:53:04.948"/>
</kw>
<status status="PASS" starttime="20231003 22:53:04.572" endtime="20231003 22:53:04.948"/>
</kw>
<kw name="Click Yes Button" library="profile_keyword">
<kw name="Click Element" library="SeleniumLibrary">
<arg>${yes_button}</arg>
<doc>Click the element identified by ``locator``.</doc>
<msg timestamp="20231003 22:53:04.949" level="INFO">Clicking element 'xpath://button[normalize-space()='Yes']'.</msg>
<status status="PASS" starttime="20231003 22:53:04.948" endtime="20231003 22:53:05.797"/>
</kw>
<status status="PASS" starttime="20231003 22:53:04.948" endtime="20231003 22:53:05.797"/>
</kw>
<status status="PASS" starttime="20231003 22:52:56.774" endtime="20231003 22:53:05.797"/>
</kw>
<kw name="Wait Text after Logout is Visible" library="logout_keyword">
<kw name="Wait Until Element Is Visible" library="SeleniumLibrary">
<arg>${success_logout_text}</arg>
<arg>10</arg>
<doc>Waits until the element ``locator`` is visible.</doc>
<status status="PASS" starttime="20231003 22:53:05.797" endtime="20231003 22:53:05.936"/>
</kw>
<kw name="Run Keyword And Return Status" library="BuiltIn">
<var>${visibility_status}</var>
<arg>element should be visible</arg>
<arg>${success_logout_text}</arg>
<doc>Runs the given keyword with given arguments and returns the status as a Boolean value.</doc>
<kw name="Element Should Be Visible" library="SeleniumLibrary">
<arg>${success_logout_text}</arg>
<doc>Verifies that the element identified by ``locator`` is visible.</doc>
<msg timestamp="20231003 22:53:05.949" level="INFO">Element 'xpath://h5[contains(@class, 'MuiTypography-h5')]' is displayed.</msg>
<status status="PASS" starttime="20231003 22:53:05.937" endtime="20231003 22:53:05.949"/>
</kw>
<msg timestamp="20231003 22:53:05.949" level="INFO">${visibility_status} = True</msg>
<status status="PASS" starttime="20231003 22:53:05.936" endtime="20231003 22:53:05.949"/>
</kw>
<status status="PASS" starttime="20231003 22:53:05.797" endtime="20231003 22:53:05.949"/>
</kw>
<kw name="Get Text after Logout" library="logout_keyword">
<var>${text_after_logout}</var>
<kw name="Get Text" library="SeleniumLibrary">
<var>${text}</var>
<arg>${success_logout_text}</arg>
<doc>Returns the text value of the element identified by ``locator``.</doc>
<msg timestamp="20231003 22:53:05.968" level="INFO">${text} = Login to Practice</msg>
<status status="PASS" starttime="20231003 22:53:05.950" endtime="20231003 22:53:05.968"/>
</kw>
<msg timestamp="20231003 22:53:05.968" level="INFO">${text_after_logout} = Login to Practice</msg>
<status status="PASS" starttime="20231003 22:53:05.950" endtime="20231003 22:53:05.969"/>
</kw>
<kw name="Should Be Equal" library="BuiltIn">
<arg>${text_after_logout}</arg>
<arg>${expected_after_logout_text}</arg>
<doc>Fails if the given objects are unequal.</doc>
<status status="PASS" starttime="20231003 22:53:05.969" endtime="20231003 22:53:05.969"/>
</kw>
<kw name="Close Browser" library="base_keyword" type="TEARDOWN">
<kw name="Close All Browsers" library="SeleniumLibrary">
<doc>Closes all open browsers and resets the browser cache.</doc>
<status status="PASS" starttime="20231003 22:53:05.970" endtime="20231003 22:53:06.137"/>
</kw>
<status status="PASS" starttime="20231003 22:53:05.969" endtime="20231003 22:53:06.137"/>
</kw>
<doc>Success logout with GoogleOAuth</doc>
<tag>logout</tag>
<tag>regression</tag>
<status status="PASS" starttime="20231003 22:52:44.761" endtime="20231003 22:53:06.137"/>
</test>
<doc>Logout Functionality</doc>
<status status="PASS" starttime="20231003 22:52:31.118" endtime="20231003 22:53:06.138"/>
</suite>
<suite id="s1-s3" name="Profile" source="/Users/pedropradita/PycharmProjects/aha/tests/profile.robot">
<kw name="Set Implicit Wait Globally" library="base_keyword" type="SETUP">
<kw name="Set Selenium Implicit Wait" library="SeleniumLibrary">
<arg>20s</arg>
<doc>Sets the implicit wait value used by Selenium.</doc>
<status status="PASS" starttime="20231003 22:53:06.159" endtime="20231003 22:53:06.159"/>
</kw>
<status status="PASS" starttime="20231003 22:53:06.159" endtime="20231003 22:53:06.160"/>
</kw>
<test id="s1-s3-t1" name="Edit birthday date" line="17">
<kw name="Success Login with Email" library="login_keyword" type="SETUP">
<arg>${${environment}_url}</arg>
<arg>${browser_chrome}</arg>
<arg>${email}</arg>
<arg>${password}</arg>
<kw name="Open Home Page" library="base_keyword">
<arg>${SiteUrl}</arg>
<arg>${Browser}</arg>
<kw name="Open Browser" library="SeleniumLibrary">
<arg>${SiteUrl}</arg>
<arg>${Browser}</arg>
<doc>Opens a new browser instance to the optional ``url``.</doc>
<msg timestamp="20231003 22:53:06.161" level="INFO">Opening browser 'headless chrome' to base url 'https://earnaha.com/'.</msg>
<status status="PASS" starttime="20231003 22:53:06.161" endtime="20231003 22:53:09.730"/>
</kw>
<kw name="Maximize Browser Window" library="SeleniumLibrary">
<doc>Maximizes current browser window.</doc>
<status status="PASS" starttime="20231003 22:53:09.730" endtime="20231003 22:53:10.223"/>
</kw>
<status status="PASS" starttime="20231003 22:53:06.160" endtime="20231003 22:53:10.223"/>
</kw>
<kw name="Click Login Button Home Page" library="login_keyword">
<kw name="Click Element" library="SeleniumLibrary">
<arg>${login_button}</arg>
<doc>Click the element identified by ``locator``.</doc>
<msg timestamp="20231003 22:53:10.225" level="INFO">Clicking element 'xpath:(//a[contains(@href, '/login')])[1]'.</msg>
<status status="PASS" starttime="20231003 22:53:10.224" endtime="20231003 22:53:11.713"/>
</kw>
<status status="PASS" starttime="20231003 22:53:10.223" endtime="20231003 22:53:11.713"/>
</kw>
<kw name="Input Username" library="login_keyword">
<arg>${email}</arg>
<kw name="Wait Until Element Is Visible" library="SeleniumLibrary">
<arg>${email_field}</arg>
<doc>Waits until the element ``locator`` is visible.</doc>
<status status="PASS" starttime="20231003 22:53:11.714" endtime="20231003 22:53:11.737"/>
</kw>
<kw name="Input Text" library="SeleniumLibrary">
<arg>${email_field}</arg>
<arg>${email}</arg>
<doc>Types the given ``text`` into the text field identified by ``locator``.</doc>
<msg timestamp="20231003 22:53:11.738" level="INFO">Typing text 'pedro.pradita.s@gmail.com' into text field 'id:username'.</msg>
<status status="PASS" starttime="20231003 22:53:11.737" endtime="20231003 22:53:11.843"/>
</kw>
<status status="PASS" starttime="20231003 22:53:11.714" endtime="20231003 22:53:11.843"/>
</kw>
<kw name="Input Password" library="login_keyword">
<arg>${password}</arg>
<kw name="Input Text" library="SeleniumLibrary">
<arg>${password_field}</arg>
<arg>${password}</arg>
<doc>Types the given ``text`` into the text field identified by ``locator``.</doc>
<msg timestamp="20231003 22:53:11.844" level="INFO">Typing text 'Testaha1!' into text field 'id:password'.</msg>
<status status="PASS" starttime="20231003 22:53:11.843" endtime="20231003 22:53:11.916"/>
</kw>
<status status="PASS" starttime="20231003 22:53:11.843" endtime="20231003 22:53:11.916"/>
</kw>
<kw name="Click Login Button" library="login_keyword">
<kw name="Click Element" library="SeleniumLibrary">
<arg>${continue_button}</arg>
<doc>Click the element identified by ``locator``.</doc>
<msg timestamp="20231003 22:53:11.916" level="INFO">Clicking element 'xpath:(//*[@type='submit'])[2]'.</msg>
<status status="PASS" starttime="20231003 22:53:11.916" endtime="20231003 22:53:16.463"/>
</kw>
<status status="PASS" starttime="20231003 22:53:11.916" endtime="20231003 22:53:16.463"/>
</kw>
<status status="PASS" starttime="20231003 22:53:06.160" endtime="20231003 22:53:16.463"/>
</kw>
<kw name="Click Profile Button" library="dashboard_keyword">
<kw name="Wait Until Element Is Visible" library="SeleniumLibrary">
<arg>${profile_button}</arg>
<arg>20s</arg>
<doc>Waits until the element ``locator`` is visible.</doc>
<status status="PASS" starttime="20231003 22:53:16.464" endtime="20231003 22:53:17.533"/>
</kw>
<kw name="Click Element" library="SeleniumLibrary">
<arg>${profile_button}</arg>
<doc>Click the element identified by ``locator``.</doc>
<msg timestamp="20231003 22:53:17.534" level="INFO">Clicking element 'css:div[aria-label='Profile']'.</msg>
<status status="PASS" starttime="20231003 22:53:17.533" endtime="20231003 22:53:17.617"/>
</kw>
<status status="PASS" starttime="20231003 22:53:16.464" endtime="20231003 22:53:17.617"/>
</kw>
<kw name="Click Edit Profile Button" library="profile_keyword">
<kw name="Wait Until Element Is Enabled" library="SeleniumLibrary">
<arg>${edit_profile_button}</arg>
<arg>5s</arg>
<doc>Waits until the element ``locator`` is enabled.</doc>
<status status="PASS" starttime="20231003 22:53:17.618" endtime="20231003 22:53:18.036"/>
</kw>
<kw name="Click Element" library="SeleniumLibrary">
<arg>${edit_profile_button}</arg>
<doc>Click the element identified by ``locator``.</doc>
<msg timestamp="20231003 22:53:18.036" level="INFO">Clicking element 'css:a[href='/profile/account/edit']'.</msg>
<status status="PASS" starttime="20231003 22:53:18.036" endtime="20231003 22:53:18.119"/>
</kw>
<status status="PASS" starttime="20231003 22:53:17.617" endtime="20231003 22:53:18.120"/>
</kw>
<kw name="Click Birthday Button" library="profile_keyword">
<kw name="Is Visible Birthday Field" library="profile_keyword">
<kw name="Wait Until Element Is Visible" library="SeleniumLibrary">
<arg>${birthday_field}</arg>
<arg>5s</arg>
<doc>Waits until the element ``locator`` is visible.</doc>
<status status="PASS" starttime="20231003 22:53:18.121" endtime="20231003 22:53:18.941"/>
</kw>
<status status="PASS" starttime="20231003 22:53:18.121" endtime="20231003 22:53:18.941"/>
</kw>
<kw name="Click Element" library="SeleniumLibrary">
<arg>${birthday_field}</arg>
<doc>Click the element identified by ``locator``.</doc>
<msg timestamp="20231003 22:53:18.942" level="INFO">Clicking element 'css:input[name='birthday']'.</msg>
<status status="PASS" starttime="20231003 22:53:18.941" endtime="20231003 22:53:19.051"/>
</kw>
<status status="PASS" starttime="20231003 22:53:18.120" endtime="20231003 22:53:19.052"/>
</kw>
<kw name="Random from List" library="common_keyword">
<var>${random_month}</var>
<arg>${month_names}</arg>
<kw name="Evaluate" library="BuiltIn">
<var>${random_list}</var>
<arg>random.choice(${lists})</arg>
<doc>Evaluates the given expression in Python and returns the result.</doc>
<msg timestamp="20231003 22:53:19.053" level="INFO">${random_list} = September</msg>
<status status="PASS" starttime="20231003 22:53:19.052" endtime="20231003 22:53:19.053"/>
</kw>
<msg timestamp="20231003 22:53:19.053" level="INFO">${random_month} = September</msg>
<status status="PASS" starttime="20231003 22:53:19.052" endtime="20231003 22:53:19.053"/>
</kw>
<kw name="Random from Range Number" library="common_keyword">
<var>${random_date}</var>
<arg>${start_date}</arg>
<arg>${end_date}</arg>
<kw name="Evaluate" library="BuiltIn">
<var>${random_number}</var>
<arg>random.randint(${start}, ${end})</arg>
<doc>Evaluates the given expression in Python and returns the result.</doc>
<msg timestamp="20231003 22:53:19.053" level="INFO">${random_number} = 21</msg>
<status status="PASS" starttime="20231003 22:53:19.053" endtime="20231003 22:53:19.053"/>
</kw>
<msg timestamp="20231003 22:53:19.054" level="INFO">${random_date} = 21</msg>
<status status="PASS" starttime="20231003 22:53:19.053" endtime="20231003 22:53:19.054"/>
</kw>
<kw name="Random from Range Number" library="common_keyword">
<var>${random_year}</var>
<arg>${start_year}</arg>
<arg>${end_year}</arg>
<kw name="Evaluate" library="BuiltIn">
<var>${random_number}</var>
<arg>random.randint(${start}, ${end})</arg>
<doc>Evaluates the given expression in Python and returns the result.</doc>
<msg timestamp="20231003 22:53:19.054" level="INFO">${random_number} = 2020</msg>
<status status="PASS" starttime="20231003 22:53:19.054" endtime="20231003 22:53:19.054"/>
</kw>
<msg timestamp="20231003 22:53:19.054" level="INFO">${random_year} = 2020</msg>
<status status="PASS" starttime="20231003 22:53:19.054" endtime="20231003 22:53:19.054"/>
</kw>
<kw name="Log To Console" library="BuiltIn">
<arg>\nRandom date: ${random_date} \nRandom month: ${random_month} \nRandom year: ${random_year}</arg>
<doc>Logs the given message to the console.</doc>
<status status="PASS" starttime="20231003 22:53:19.054" endtime="20231003 22:53:19.055"/>
</kw>
<kw name="Catenate" library="BuiltIn">
<var>${random_month_year}</var>
<arg>${random_month}</arg>
<arg>${random_year}</arg>
<doc>Catenates the given items together and returns the resulted string.</doc>
<msg timestamp="20231003 22:53:19.055" level="INFO">${random_month_year} = September 2020</msg>
<status status="PASS" starttime="20231003 22:53:19.055" endtime="20231003 22:53:19.055"/>
</kw>
<kw name="Catenate" library="BuiltIn">
<var>${random_date_month_year}</var>
<arg>${random_date}</arg>
<arg>${random_month}</arg>
<arg>${random_year}</arg>
<doc>Catenates the given items together and returns the resulted string.</doc>
<msg timestamp="20231003 22:53:19.055" level="INFO">${random_date_month_year} = 21 September 2020</msg>
<status status="PASS" starttime="20231003 22:53:19.055" endtime="20231003 22:53:19.055"/>
</kw>
<kw name="Log To Console" library="BuiltIn">
<arg>\nCombine random month year: ${random_month_year} \nCombine random date month year: ${random_date_month_year}</arg>
<doc>Logs the given message to the console.</doc>
<status status="PASS" starttime="20231003 22:53:19.055" endtime="20231003 22:53:19.056"/>
</kw>
<kw name="Get Text" library="SeleniumLibrary">
<var>${current_month_year}</var>
<arg>${month_year_text_calendar}</arg>
<doc>Returns the text value of the element identified by ``locator``.</doc>
<msg timestamp="20231003 22:53:19.082" level="INFO">${current_month_year} = November 2022</msg>
<status status="PASS" starttime="20231003 22:53:19.056" endtime="20231003 22:53:19.082"/>
</kw>
<kw name="Set Variable" library="BuiltIn">
<var>${current_year}</var>
<arg>${current_month_year.split()[1]}</arg>
<doc>Returns the given values which can then be assigned to a variables.</doc>
<msg timestamp="20231003 22:53:19.084" level="INFO">${current_year} = 2022</msg>
<status status="PASS" starttime="20231003 22:53:19.083" endtime="20231003 22:53:19.084"/>
</kw>
<kw name="Log To Console" library="BuiltIn">
<arg>\nCurrent month year: ${current_month_year} \nCurrent year: ${current_year}</arg>
<doc>Logs the given message to the console.</doc>
<status status="PASS" starttime="20231003 22:53:19.084" endtime="20231003 22:53:19.084"/>
</kw>
<kw name="Get Value" library="SeleniumLibrary">
<var>${birthday_field_text}</var>
<arg>${birthday_field}</arg>
<doc>Returns the value attribute of the element identified by ``locator``.</doc>
<msg timestamp="20231003 22:53:19.105" level="INFO">${birthday_field_text} = 02/11/22</msg>
<status status="PASS" starttime="20231003 22:53:19.084" endtime="20231003 22:53:19.105"/>
</kw>
<kw name="Log To Console" library="BuiltIn">
<arg>\nDate on field: ${birthday_field_text}</arg>
<doc>Logs the given message to the console.</doc>
<status status="PASS" starttime="20231003 22:53:19.105" endtime="20231003 22:53:19.105"/>
</kw>
<kw name="Set Variable" library="BuiltIn">
<var>${current_birthday_field_text}</var>
<arg>${birthday_field_text}</arg>
<doc>Returns the given values which can then be assigned to a variables.</doc>
<msg timestamp="20231003 22:53:19.106" level="INFO">${current_birthday_field_text} = 02/11/22</msg>
<status status="PASS" starttime="20231003 22:53:19.105" endtime="20231003 22:53:19.106"/>
</kw>
<kw name="Set Variable" library="BuiltIn">
<var>${formatted_current_date}</var>
<arg>${EMPTY}</arg>
<doc>Returns the given values which can then be assigned to a variables.</doc>
<msg timestamp="20231003 22:53:19.106" level="INFO">${formatted_current_date} = </msg>
<status status="PASS" starttime="20231003 22:53:19.106" endtime="20231003 22:53:19.106"/>
</kw>
<kw name="Run Keyword And Return Status" library="BuiltIn">
<var>${is_not_empty}</var>
<arg>Should Not Be Empty</arg>
<arg>${current_birthday_field_text}</arg>
<doc>Runs the given keyword with given arguments and returns the status as a Boolean value.</doc>
<kw name="Should Not Be Empty" library="BuiltIn">
<arg>${current_birthday_field_text}</arg>
<doc>Verifies that the given item is not empty.</doc>
<msg timestamp="20231003 22:53:19.107" level="INFO">Length is 8</msg>
<status status="PASS" starttime="20231003 22:53:19.107" endtime="20231003 22:53:19.107"/>
</kw>
<msg timestamp="20231003 22:53:19.107" level="INFO">${is_not_empty} = True</msg>
<status status="PASS" starttime="20231003 22:53:19.106" endtime="20231003 22:53:19.107"/>
</kw>
<if>
<branch type="IF" condition="${is_not_empty}">
<kw name="Split and Format Date" library="common_keyword">
<var>${formatted_current_date}</var>
<arg>${current_birthday_field_text}</arg>
<kw name="Split String" library="String">
<var>${date_parts}</var>
<arg>${date}</arg>
<arg>/</arg>
<doc>Splits the ``string`` using ``separator`` as a delimiter string.</doc>
<msg timestamp="20231003 22:53:19.108" level="INFO">${date_parts} = ['02', '11', '22']</msg>
<status status="PASS" starttime="20231003 22:53:19.107" endtime="20231003 22:53:19.108"/>
</kw>
<kw name="Set Variable" library="BuiltIn">
<var>${day}</var>
<arg>${date_parts[0]}</arg>
<doc>Returns the given values which can then be assigned to a variables.</doc>
<msg timestamp="20231003 22:53:19.108" level="INFO">${day} = 02</msg>
<status status="PASS" starttime="20231003 22:53:19.108" endtime="20231003 22:53:19.108"/>
</kw>
<kw name="Set Variable" library="BuiltIn">
<var>${month}</var>
<arg>${date_parts[1]}</arg>
<doc>Returns the given values which can then be assigned to a variables.</doc>
<msg timestamp="20231003 22:53:19.109" level="INFO">${month} = 11</msg>
<status status="PASS" starttime="20231003 22:53:19.108" endtime="20231003 22:53:19.109"/>
</kw>
<kw name="Set Variable" library="BuiltIn">
<var>${year}</var>
<arg>${date_parts[2]}</arg>
<doc>Returns the given values which can then be assigned to a variables.</doc>
<msg timestamp="20231003 22:53:19.110" level="INFO">${year} = 22</msg>
<status status="PASS" starttime="20231003 22:53:19.109" endtime="20231003 22:53:19.110"/>
</kw>
<kw name="Evaluate" library="BuiltIn">
<var>${finally_day}</var>
<arg>"${day}".lstrip("0")</arg>
<doc>Evaluates the given expression in Python and returns the result.</doc>
<msg timestamp="20231003 22:53:19.110" level="INFO">${finally_day} = 2</msg>
<status status="PASS" starttime="20231003 22:53:19.110" endtime="20231003 22:53:19.110"/>
</kw>
<kw name="Set Variable" library="BuiltIn">
<var>${formatted_date}</var>
<arg>${finally_day}</arg>
<doc>Returns the given values which can then be assigned to a variables.</doc>
<msg timestamp="20231003 22:53:19.111" level="INFO">${formatted_date} = 2</msg>
<status status="PASS" starttime="20231003 22:53:19.110" endtime="20231003 22:53:19.111"/>
</kw>
<msg timestamp="20231003 22:53:19.111" level="INFO">${formatted_current_date} = 2</msg>
<status status="PASS" starttime="20231003 22:53:19.107" endtime="20231003 22:53:19.111"/>
</kw>
<kw name="Log To Console" library="BuiltIn">
<arg>\nFormatted Date: ${formatted_current_date}</arg>
<doc>Logs the given message to the console.</doc>
<status status="PASS" starttime="20231003 22:53:19.111" endtime="20231003 22:53:19.111"/>
</kw>
<status status="PASS" starttime="20231003 22:53:19.107" endtime="20231003 22:53:19.111"/>
</branch>
<branch type="ELSE">
<kw name="Log To Console" library="BuiltIn">
<arg>The birthday field is empty</arg>
<doc>Logs the given message to the console.</doc>
<status status="NOT RUN" starttime="20231003 22:53:19.111" endtime="20231003 22:53:19.111"/>
</kw>
<status status="NOT RUN" starttime="20231003 22:53:19.111" endtime="20231003 22:53:19.112"/>
</branch>
<status status="PASS" starttime="20231003 22:53:19.107" endtime="20231003 22:53:19.112"/>
</if>
<kw name="Click Previous or Next Button until Date Found" library="common_keyword">
<var>${target_date}</var>
<arg>${random_month_year}</arg>
<for flavor="IN RANGE">
<var>${i}</var>
<value>${max_attempts}</value>
<iter>
<var name="${i}">0</var>
<kw name="Get Text" library="SeleniumLibrary">
<var>${current_month_year}</var>
<arg>${month_year_text_calendar}</arg>
<doc>Returns the text value of the element identified by ``locator``.</doc>
<msg timestamp="20231003 22:53:19.130" level="INFO">${current_month_year} = November 2022</msg>
<status status="PASS" starttime="20231003 22:53:19.113" endtime="20231003 22:53:19.130"/>
</kw>
<kw name="Convert Date" library="DateTime">
<var>${convert_random_month_year}</var>
<arg>${random_month_year}</arg>
<arg>date_format=%B %Y</arg>
<doc>Converts between supported `date formats`.</doc>
<msg timestamp="20231003 22:53:19.135" level="INFO">${convert_random_month_year} = 2020-09-01 00:00:00.000</msg>
<status status="PASS" starttime="20231003 22:53:19.130" endtime="20231003 22:53:19.135"/>
</kw>
<kw name="Convert Date" library="DateTime">
<var>${convert_current_month_year}</var>
<arg>${current_month_year}</arg>
<arg>date_format=%B %Y</arg>
<doc>Converts between supported `date formats`.</doc>
<msg timestamp="20231003 22:53:19.135" level="INFO">${convert_current_month_year} = 2022-11-01 00:00:00.000</msg>
<status status="PASS" starttime="20231003 22:53:19.135" endtime="20231003 22:53:19.135"/>
</kw>
<kw name="Run Keyword If" library="BuiltIn">
<arg>'${convert_current_month_year}' == '${convert_random_month_year}'</arg>
<arg>Exit For Loop</arg>
<doc>Runs the given keyword with the given arguments, if ``condition`` is true.</doc>
<status status="PASS" starttime="20231003 22:53:19.135" endtime="20231003 22:53:19.136"/>
</kw>
<kw name="Run Keyword If" library="BuiltIn">
<arg>'${convert_random_month_year}' &gt; '${convert_current_month_year}'</arg>
<arg>Click Element</arg>
<arg>${calendar_next_button}</arg>
<arg>ELSE</arg>
<arg>Click Element</arg>
<arg>${calendar_previous_button}</arg>
<doc>Runs the given keyword with the given arguments, if ``condition`` is true.</doc>
<kw name="Click Element" library="SeleniumLibrary">
<arg>${calendar_previous_button}</arg>
<doc>Click the element identified by ``locator``.</doc>
<msg timestamp="20231003 22:53:19.137" level="INFO">Clicking element 'xpath://button[@title='Previous month']'.</msg>
<status status="PASS" starttime="20231003 22:53:19.136" endtime="20231003 22:53:19.222"/>
</kw>
<status status="PASS" starttime="20231003 22:53:19.136" endtime="20231003 22:53:19.222"/>
</kw>
<status status="PASS" starttime="20231003 22:53:19.113" endtime="20231003 22:53:19.222"/>
</iter>
<iter>
<var name="${i}">1</var>
<kw name="Get Text" library="SeleniumLibrary">
<var>${current_month_year}</var>
<arg>${month_year_text_calendar}</arg>
<doc>Returns the text value of the element identified by ``locator``.</doc>
<msg timestamp="20231003 22:53:19.240" level="INFO">${current_month_year} = October 2022</msg>
<status status="PASS" starttime="20231003 22:53:19.222" endtime="20231003 22:53:19.240"/>
</kw>
<kw name="Convert Date" library="DateTime">
<var>${convert_random_month_year}</var>
<arg>${random_month_year}</arg>
<arg>date_format=%B %Y</arg>
<doc>Converts between supported `date formats`.</doc>
<msg timestamp="20231003 22:53:19.241" level="INFO">${convert_random_month_year} = 2020-09-01 00:00:00.000</msg>
<status status="PASS" starttime="20231003 22:53:19.241" endtime="20231003 22:53:19.241"/>
</kw>
<kw name="Convert Date" library="DateTime">
<var>${convert_current_month_year}</var>
<arg>${current_month_year}</arg>
<arg>date_format=%B %Y</arg>
<doc>Converts between supported `date formats`.</doc>
<msg timestamp="20231003 22:53:19.241" level="INFO">${convert_current_month_year} = 2022-10-01 00:00:00.000</msg>
<status status="PASS" starttime="20231003 22:53:19.241" endtime="20231003 22:53:19.241"/>
</kw>
<kw name="Run Keyword If" library="BuiltIn">
<arg>'${convert_current_month_year}' == '${convert_random_month_year}'</arg>
<arg>Exit For Loop</arg>
<doc>Runs the given keyword with the given arguments, if ``condition`` is true.</doc>
<status status="PASS" starttime="20231003 22:53:19.241" endtime="20231003 22:53:19.241"/>
</kw>
<kw name="Run Keyword If" library="BuiltIn">
<arg>'${convert_random_month_year}' &gt; '${convert_current_month_year}'</arg>
<arg>Click Element</arg>
<arg>${calendar_next_button}</arg>
<arg>ELSE</arg>
<arg>Click Element</arg>
<arg>${calendar_previous_button}</arg>
<doc>Runs the given keyword with the given arguments, if ``condition`` is true.</doc>
<kw name="Click Element" library="SeleniumLibrary">
<arg>${calendar_previous_button}</arg>
<doc>Click the element identified by ``locator``.</doc>
<msg timestamp="20231003 22:53:19.242" level="INFO">Clicking element 'xpath://button[@title='Previous month']'.</msg>
<status status="PASS" starttime="20231003 22:53:19.242" endtime="20231003 22:53:19.308"/>
</kw>
<status status="PASS" starttime="20231003 22:53:19.242" endtime="20231003 22:53:19.308"/>
</kw>
<status status="PASS" starttime="20231003 22:53:19.222" endtime="20231003 22:53:19.308"/>
</iter>
<iter>
<var name="${i}">2</var>
<kw name="Get Text" library="SeleniumLibrary">
<var>${current_month_year}</var>
<arg>${month_year_text_calendar}</arg>
<doc>Returns the text value of the element identified by ``locator``.</doc>
<msg timestamp="20231003 22:53:19.324" level="INFO">${current_month_year} = September 2022</msg>
<status status="PASS" starttime="20231003 22:53:19.308" endtime="20231003 22:53:19.324"/>
</kw>
<kw name="Convert Date" library="DateTime">
<var>${convert_random_month_year}</var>
<arg>${random_month_year}</arg>
<arg>date_format=%B %Y</arg>
<doc>Converts between supported `date formats`.</doc>
<msg timestamp="20231003 22:53:19.325" level="INFO">${convert_random_month_year} = 2020-09-01 00:00:00.000</msg>
<status status="PASS" starttime="20231003 22:53:19.324" endtime="20231003 22:53:19.325"/>
</kw>
<kw name="Convert Date" library="DateTime">
<var>${convert_current_month_year}</var>
<arg>${current_month_year}</arg>
<arg>date_format=%B %Y</arg>
<doc>Converts between supported `date formats`.</doc>
<msg timestamp="20231003 22:53:19.325" level="INFO">${convert_current_month_year} = 2022-09-01 00:00:00.000</msg>
<status status="PASS" starttime="20231003 22:53:19.325" endtime="20231003 22:53:19.325"/>
</kw>
<kw name="Run Keyword If" library="BuiltIn">
<arg>'${convert_current_month_year}' == '${convert_random_month_year}'</arg>
<arg>Exit For Loop</arg>
<doc>Runs the given keyword with the given arguments, if ``condition`` is true.</doc>
<status status="PASS" starttime="20231003 22:53:19.325" endtime="20231003 22:53:19.325"/>
</kw>
<kw name="Run Keyword If" library="BuiltIn">
<arg>'${convert_random_month_year}' &gt; '${convert_current_month_year}'</arg>
<arg>Click Element</arg>
<arg>${calendar_next_button}</arg>
<arg>ELSE</arg>
<arg>Click Element</arg>
<arg>${calendar_previous_button}</arg>
<doc>Runs the given keyword with the given arguments, if ``condition`` is true.</doc>
<kw name="Click Element" library="SeleniumLibrary">
<arg>${calendar_previous_button}</arg>
<doc>Click the element identified by ``locator``.</doc>
<msg timestamp="20231003 22:53:19.326" level="INFO">Clicking element 'xpath://button[@title='Previous month']'.</msg>
<status status="PASS" starttime="20231003 22:53:19.326" endtime="20231003 22:53:19.385"/>
</kw>
<status status="PASS" starttime="20231003 22:53:19.325" endtime="20231003 22:53:19.385"/>
</kw>
<status status="PASS" starttime="20231003 22:53:19.308" endtime="20231003 22:53:19.385"/>
</iter>
<iter>
<var name="${i}">3</var>
<kw name="Get Text" library="SeleniumLibrary">
<var>${current_month_year}</var>
<arg>${month_year_text_calendar}</arg>
<doc>Returns the text value of the element identified by ``locator``.</doc>
<msg timestamp="20231003 22:53:19.405" level="INFO">${current_month_year} = August 2022</msg>
<status status="PASS" starttime="20231003 22:53:19.386" endtime="20231003 22:53:19.405"/>
</kw>
<kw name="Convert Date" library="DateTime">
<var>${convert_random_month_year}</var>
<arg>${random_month_year}</arg>
<arg>date_format=%B %Y</arg>
<doc>Converts between supported `date formats`.</doc>
<msg timestamp="20231003 22:53:19.406" level="INFO">${convert_random_month_year} = 2020-09-01 00:00:00.000</msg>
<status status="PASS" starttime="20231003 22:53:19.405" endtime="20231003 22:53:19.406"/>
</kw>
<kw name="Convert Date" library="DateTime">
<var>${convert_current_month_year}</var>
<arg>${current_month_year}</arg>
<arg>date_format=%B %Y</arg>
<doc>Converts between supported `date formats`.</doc>
<msg timestamp="20231003 22:53:19.406" level="INFO">${convert_current_month_year} = 2022-08-01 00:00:00.000</msg>
<status status="PASS" starttime="20231003 22:53:19.406" endtime="20231003 22:53:19.406"/>
</kw>
<kw name="Run Keyword If" library="BuiltIn">
<arg>'${convert_current_month_year}' == '${convert_random_month_year}'</arg>
<arg>Exit For Loop</arg>
<doc>Runs the given keyword with the given arguments, if ``condition`` is true.</doc>
<status status="PASS" starttime="20231003 22:53:19.406" endtime="20231003 22:53:19.406"/>
</kw>
<kw name="Run Keyword If" library="BuiltIn">
<arg>'${convert_random_month_year}' &gt; '${convert_current_month_year}'</arg>
<arg>Click Element</arg>
<arg>${calendar_next_button}</arg>
<arg>ELSE</arg>
<arg>Click Element</arg>
<arg>${calendar_previous_button}</arg>
<doc>Runs the given keyword with the given arguments, if ``condition`` is true.</doc>
<kw name="Click Element" library="SeleniumLibrary">
<arg>${calendar_previous_button}</arg>
<doc>Click the element identified by ``locator``.</doc>
<msg timestamp="20231003 22:53:19.407" level="INFO">Clicking element 'xpath://button[@title='Previous month']'.</msg>
<status status="PASS" starttime="20231003 22:53:19.407" endtime="20231003 22:53:19.472"/>
</kw>
<status status="PASS" starttime="20231003 22:53:19.406" endtime="20231003 22:53:19.472"/>
</kw>
<status status="PASS" starttime="20231003 22:53:19.385" endtime="20231003 22:53:19.472"/>
</iter>
<iter>
<var name="${i}">4</var>
<kw name="Get Text" library="SeleniumLibrary">
<var>${current_month_year}</var>
<arg>${month_year_text_calendar}</arg>
<doc>Returns the text value of the element identified by ``locator``.</doc>
<msg timestamp="20231003 22:53:19.490" level="INFO">${current_month_year} = July 2022</msg>
<status status="PASS" starttime="20231003 22:53:19.472" endtime="20231003 22:53:19.490"/>
</kw>
<kw name="Convert Date" library="DateTime">
<var>${convert_random_month_year}</var>
<arg>${random_month_year}</arg>
<arg>date_format=%B %Y</arg>
<doc>Converts between supported `date formats`.</doc>
<msg timestamp="20231003 22:53:19.491" level="INFO">${convert_random_month_year} = 2020-09-01 00:00:00.000</msg>
<status status="PASS" starttime="20231003 22:53:19.490" endtime="20231003 22:53:19.491"/>
</kw>
<kw name="Convert Date" library="DateTime">
<var>${convert_current_month_year}</var>
<arg>${current_month_year}</arg>
<arg>date_format=%B %Y</arg>
<doc>Converts between supported `date formats`.</doc>
<msg timestamp="20231003 22:53:19.491" level="INFO">${convert_current_month_year} = 2022-07-01 00:00:00.000</msg>
<status status="PASS" starttime="20231003 22:53:19.491" endtime="20231003 22:53:19.491"/>
</kw>
<kw name="Run Keyword If" library="BuiltIn">
<arg>'${convert_current_month_year}' == '${convert_random_month_year}'</arg>
<arg>Exit For Loop</arg>
<doc>Runs the given keyword with the given arguments, if ``condition`` is true.</doc>
<status status="PASS" starttime="20231003 22:53:19.491" endtime="20231003 22:53:19.491"/>
</kw>
<kw name="Run Keyword If" library="BuiltIn">
<arg>'${convert_random_month_year}' &gt; '${convert_current_month_year}'</arg>
<arg>Click Element</arg>
<arg>${calendar_next_button}</arg>
<arg>ELSE</arg>
<arg>Click Element</arg>
<arg>${calendar_previous_button}</arg>
<doc>Runs the given keyword with the given arguments, if ``condition`` is true.</doc>
<kw name="Click Element" library="SeleniumLibrary">
<arg>${calendar_previous_button}</arg>
<doc>Click the element identified by ``locator``.</doc>
<msg timestamp="20231003 22:53:19.492" level="INFO">Clicking element 'xpath://button[@title='Previous month']'.</msg>
<status status="PASS" starttime="20231003 22:53:19.491" endtime="20231003 22:53:19.605"/>
</kw>
<status status="PASS" starttime="20231003 22:53:19.491" endtime="20231003 22:53:19.605"/>
</kw>
<status status="PASS" starttime="20231003 22:53:19.472" endtime="20231003 22:53:19.605"/>
</iter>
<iter>
<var name="${i}">5</var>
<kw name="Get Text" library="SeleniumLibrary">
<var>${current_month_year}</var>
<arg>${month_year_text_calendar}</arg>
<doc>Returns the text value of the element identified by ``locator``.</doc>
<msg timestamp="20231003 22:53:19.623" level="INFO">${current_month_year} = June 2022</msg>
<status status="PASS" starttime="20231003 22:53:19.605" endtime="20231003 22:53:19.623"/>
</kw>
<kw name="Convert Date" library="DateTime">
<var>${convert_random_month_year}</var>
<arg>${random_month_year}</arg>
<arg>date_format=%B %Y</arg>
<doc>Converts between supported `date formats`.</doc>
<msg timestamp="20231003 22:53:19.623" level="INFO">${convert_random_month_year} = 2020-09-01 00:00:00.000</msg>
<status status="PASS" starttime="20231003 22:53:19.623" endtime="20231003 22:53:19.623"/>
</kw>
<kw name="Convert Date" library="DateTime">
<var>${convert_current_month_year}</var>
<arg>${current_month_year}</arg>
<arg>date_format=%B %Y</arg>
<doc>Converts between supported `date formats`.</doc>
<msg timestamp="20231003 22:53:19.624" level="INFO">${convert_current_month_year} = 2022-06-01 00:00:00.000</msg>
<status status="PASS" starttime="20231003 22:53:19.623" endtime="20231003 22:53:19.624"/>
</kw>
<kw name="Run Keyword If" library="BuiltIn">
<arg>'${convert_current_month_year}' == '${convert_random_month_year}'</arg>
<arg>Exit For Loop</arg>
<doc>Runs the given keyword with the given arguments, if ``condition`` is true.</doc>
<status status="PASS" starttime="20231003 22:53:19.624" endtime="20231003 22:53:19.624"/>
</kw>
<kw name="Run Keyword If" library="BuiltIn">
<arg>'${convert_random_month_year}' &gt; '${convert_current_month_year}'</arg>
<arg>Click Element</arg>
<arg>${calendar_next_button}</arg>
<arg>ELSE</arg>
<arg>Click Element</arg>
<arg>${calendar_previous_button}</arg>
<doc>Runs the given keyword with the given arguments, if ``condition`` is true.</doc>
<kw name="Click Element" library="SeleniumLibrary">
<arg>${calendar_previous_button}</arg>
<doc>Click the element identified by ``locator``.</doc>
<msg timestamp="20231003 22:53:19.624" level="INFO">Clicking element 'xpath://button[@title='Previous month']'.</msg>
<status status="PASS" starttime="20231003 22:53:19.624" endtime="20231003 22:53:19.694"/>
</kw>
<status status="PASS" starttime="20231003 22:53:19.624" endtime="20231003 22:53:19.694"/>
</kw>
<status status="PASS" starttime="20231003 22:53:19.605" endtime="20231003 22:53:19.694"/>
</iter>
<iter>
<var name="${i}">6</var>
<kw name="Get Text" library="SeleniumLibrary">
<var>${current_month_year}</var>
<arg>${month_year_text_calendar}</arg>
<doc>Returns the text value of the element identified by ``locator``.</doc>
<msg timestamp="20231003 22:53:19.710" level="INFO">${current_month_year} = May 2022</msg>
<status status="PASS" starttime="20231003 22:53:19.694" endtime="20231003 22:53:19.710"/>
</kw>
<kw name="Convert Date" library="DateTime">
<var>${convert_random_month_year}</var>
<arg>${random_month_year}</arg>
<arg>date_format=%B %Y</arg>
<doc>Converts between supported `date formats`.</doc>
<msg timestamp="20231003 22:53:19.710" level="INFO">${convert_random_month_year} = 2020-09-01 00:00:00.000</msg>
<status status="PASS" starttime="20231003 22:53:19.710" endtime="20231003 22:53:19.710"/>
</kw>
<kw name="Convert Date" library="DateTime">
<var>${convert_current_month_year}</var>
<arg>${current_month_year}</arg>
<arg>date_format=%B %Y</arg>
<doc>Converts between supported `date formats`.</doc>
<msg timestamp="20231003 22:53:19.711" level="INFO">${convert_current_month_year} = 2022-05-01 00:00:00.000</msg>
<status status="PASS" starttime="20231003 22:53:19.710" endtime="20231003 22:53:19.711"/>
</kw>
<kw name="Run Keyword If" library="BuiltIn">
<arg>'${convert_current_month_year}' == '${convert_random_month_year}'</arg>
<arg>Exit For Loop</arg>
<doc>Runs the given keyword with the given arguments, if ``condition`` is true.</doc>
<status status="PASS" starttime="20231003 22:53:19.711" endtime="20231003 22:53:19.711"/>
</kw>
<kw name="Run Keyword If" library="BuiltIn">
<arg>'${convert_random_month_year}' &gt; '${convert_current_month_year}'</arg>
<arg>Click Element</arg>
<arg>${calendar_next_button}</arg>
<arg>ELSE</arg>
<arg>Click Element</arg>
<arg>${calendar_previous_button}</arg>
<doc>Runs the given keyword with the given arguments, if ``condition`` is true.</doc>
<kw name="Click Element" library="SeleniumLibrary">
<arg>${calendar_previous_button}</arg>
<doc>Click the element identified by ``locator``.</doc>
<msg timestamp="20231003 22:53:19.712" level="INFO">Clicking element 'xpath://button[@title='Previous month']'.</msg>
<status status="PASS" starttime="20231003 22:53:19.711" endtime="20231003 22:53:19.767"/>
</kw>
<status status="PASS" starttime="20231003 22:53:19.711" endtime="20231003 22:53:19.767"/>
</kw>
<status status="PASS" starttime="20231003 22:53:19.694" endtime="20231003 22:53:19.767"/>
</iter>
<iter>
<var name="${i}">7</var>
<kw name="Get Text" library="SeleniumLibrary">
<var>${current_month_year}</var>
<arg>${month_year_text_calendar}</arg>
<doc>Returns the text value of the element identified by ``locator``.</doc>
<msg timestamp="20231003 22:53:19.787" level="INFO">${current_month_year} = April 2022</msg>
<status status="PASS" starttime="20231003 22:53:19.767" endtime="20231003 22:53:19.787"/>
</kw>
<kw name="Convert Date" library="DateTime">
<var>${convert_random_month_year}</var>
<arg>${random_month_year}</arg>
<arg>date_format=%B %Y</arg>
<doc>Converts between supported `date formats`.</doc>
<msg timestamp="20231003 22:53:19.788" level="INFO">${convert_random_month_year} = 2020-09-01 00:00:00.000</msg>
<status status="PASS" starttime="20231003 22:53:19.787" endtime="20231003 22:53:19.788"/>
</kw>
<kw name="Convert Date" library="DateTime">
<var>${convert_current_month_year}</var>
<arg>${current_month_year}</arg>
<arg>date_format=%B %Y</arg>
<doc>Converts between supported `date formats`.</doc>
<msg timestamp="20231003 22:53:19.788" level="INFO">${convert_current_month_year} = 2022-04-01 00:00:00.000</msg>
<status status="PASS" starttime="20231003 22:53:19.788" endtime="20231003 22:53:19.788"/>
</kw>
<kw name="Run Keyword If" library="BuiltIn">
<arg>'${convert_current_month_year}' == '${convert_random_month_year}'</arg>
<arg>Exit For Loop</arg>
<doc>Runs the given keyword with the given arguments, if ``condition`` is true.</doc>
<status status="PASS" starttime="20231003 22:53:19.788" endtime="20231003 22:53:19.788"/>
</kw>
<kw name="Run Keyword If" library="BuiltIn">
<arg>'${convert_random_month_year}' &gt; '${convert_current_month_year}'</arg>
<arg>Click Element</arg>
<arg>${calendar_next_button}</arg>
<arg>ELSE</arg>
<arg>Click Element</arg>
<arg>${calendar_previous_button}</arg>
<doc>Runs the given keyword with the given arguments, if ``condition`` is true.</doc>
<kw name="Click Element" library="SeleniumLibrary">
<arg>${calendar_previous_button}</arg>
<doc>Click the element identified by ``locator``.</doc>
<msg timestamp="20231003 22:53:19.789" level="INFO">Clicking element 'xpath://button[@title='Previous month']'.</msg>
<status status="PASS" starttime="20231003 22:53:19.789" endtime="20231003 22:53:19.841"/>
</kw>
<status status="PASS" starttime="20231003 22:53:19.788" endtime="20231003 22:53:19.841"/>
</kw>
<status status="PASS" starttime="20231003 22:53:19.767" endtime="20231003 22:53:19.841"/>
</iter>
<iter>
<var name="${i}">8</var>
<kw name="Get Text" library="SeleniumLibrary">
<var>${current_month_year}</var>
<arg>${month_year_text_calendar}</arg>
<doc>Returns the text value of the element identified by ``locator``.</doc>
<msg timestamp="20231003 22:53:19.857" level="INFO">${current_month_year} = March 2022</msg>
<status status="PASS" starttime="20231003 22:53:19.841" endtime="20231003 22:53:19.857"/>
</kw>
<kw name="Convert Date" library="DateTime">
<var>${convert_random_month_year}</var>
<arg>${random_month_year}</arg>
<arg>date_format=%B %Y</arg>
<doc>Converts between supported `date formats`.</doc>
<msg timestamp="20231003 22:53:19.857" level="INFO">${convert_random_month_year} = 2020-09-01 00:00:00.000</msg>
<status status="PASS" starttime="20231003 22:53:19.857" endtime="20231003 22:53:19.857"/>
</kw>
<kw name="Convert Date" library="DateTime">
<var>${convert_current_month_year}</var>
<arg>${current_month_year}</arg>
<arg>date_format=%B %Y</arg>
<doc>Converts between supported `date formats`.</doc>
<msg timestamp="20231003 22:53:19.858" level="INFO">${convert_current_month_year} = 2022-03-01 00:00:00.000</msg>
<status status="PASS" starttime="20231003 22:53:19.857" endtime="20231003 22:53:19.858"/>
</kw>
<kw name="Run Keyword If" library="BuiltIn">
<arg>'${convert_current_month_year}' == '${convert_random_month_year}'</arg>
<arg>Exit For Loop</arg>
<doc>Runs the given keyword with the given arguments, if ``condition`` is true.</doc>
<status status="PASS" starttime="20231003 22:53:19.858" endtime="20231003 22:53:19.858"/>
</kw>
<kw name="Run Keyword If" library="BuiltIn">
<arg>'${convert_random_month_year}' &gt; '${convert_current_month_year}'</arg>
<arg>Click Element</arg>
<arg>${calendar_next_button}</arg>
<arg>ELSE</arg>
<arg>Click Element</arg>
<arg>${calendar_previous_button}</arg>
<doc>Runs the given keyword with the given arguments, if ``condition`` is true.</doc>
<kw name="Click Element" library="SeleniumLibrary">
<arg>${calendar_previous_button}</arg>
<doc>Click the element identified by ``locator``.</doc>
<msg timestamp="20231003 22:53:19.859" level="INFO">Clicking element 'xpath://button[@title='Previous month']'.</msg>
<status status="PASS" starttime="20231003 22:53:19.858" endtime="20231003 22:53:19.908"/>
</kw>
<status status="PASS" starttime="20231003 22:53:19.858" endtime="20231003 22:53:19.908"/>
</kw>
<status status="PASS" starttime="20231003 22:53:19.841" endtime="20231003 22:53:19.908"/>
</iter>
<iter>
<var name="${i}">9</var>
<kw name="Get Text" library="SeleniumLibrary">
<var>${current_month_year}</var>
<arg>${month_year_text_calendar}</arg>
<doc>Returns the text value of the element identified by ``locator``.</doc>
<msg timestamp="20231003 22:53:19.927" level="INFO">${current_month_year} = February 2022</msg>
<status status="PASS" starttime="20231003 22:53:19.909" endtime="20231003 22:53:19.927"/>
</kw>
<kw name="Convert Date" library="DateTime">
<var>${convert_random_month_year}</var>
<arg>${random_month_year}</arg>
<arg>date_format=%B %Y</arg>
<doc>Converts between supported `date formats`.</doc>
<msg timestamp="20231003 22:53:19.928" level="INFO">${convert_random_month_year} = 2020-09-01 00:00:00.000</msg>
<status status="PASS" starttime="20231003 22:53:19.927" endtime="20231003 22:53:19.928"/>
</kw>
<kw name="Convert Date" library="DateTime">
<var>${convert_current_month_year}</var>
<arg>${current_month_year}</arg>
<arg>date_format=%B %Y</arg>
<doc>Converts between supported `date formats`.</doc>
<msg timestamp="20231003 22:53:19.928" level="INFO">${convert_current_month_year} = 2022-02-01 00:00:00.000</msg>
<status status="PASS" starttime="20231003 22:53:19.928" endtime="20231003 22:53:19.928"/>
</kw>
<kw name="Run Keyword If" library="BuiltIn">
<arg>'${convert_current_month_year}' == '${convert_random_month_year}'</arg>
<arg>Exit For Loop</arg>
<doc>Runs the given keyword with the given arguments, if ``condition`` is true.</doc>
<status status="PASS" starttime="20231003 22:53:19.928" endtime="20231003 22:53:19.928"/>
</kw>
<kw name="Run Keyword If" library="BuiltIn">
<arg>'${convert_random_month_year}' &gt; '${convert_current_month_year}'</arg>
<arg>Click Element</arg>
<arg>${calendar_next_button}</arg>
<arg>ELSE</arg>
<arg>Click Element</arg>
<arg>${calendar_previous_button}</arg>
<doc>Runs the given keyword with the given arguments, if ``condition`` is true.</doc>
<kw name="Click Element" library="SeleniumLibrary">
<arg>${calendar_previous_button}</arg>
<doc>Click the element identified by ``locator``.</doc>
<msg timestamp="20231003 22:53:19.929" level="INFO">Clicking element 'xpath://button[@title='Previous month']'.</msg>
<status status="PASS" starttime="20231003 22:53:19.929" endtime="20231003 22:53:19.976"/>
</kw>
<status status="PASS" starttime="20231003 22:53:19.928" endtime="20231003 22:53:19.976"/>
</kw>
<status status="PASS" starttime="20231003 22:53:19.908" endtime="20231003 22:53:19.976"/>
</iter>
<iter>
<var name="${i}">10</var>
<kw name="Get Text" library="SeleniumLibrary">
<var>${current_month_year}</var>
<arg>${month_year_text_calendar}</arg>
<doc>Returns the text value of the element identified by ``locator``.</doc>
<msg timestamp="20231003 22:53:20.001" level="INFO">${current_month_year} = January 2022</msg>
<status status="PASS" starttime="20231003 22:53:19.976" endtime="20231003 22:53:20.001"/>
</kw>
<kw name="Convert Date" library="DateTime">
<var>${convert_random_month_year}</var>
<arg>${random_month_year}</arg>
<arg>date_format=%B %Y</arg>
<doc>Converts between supported `date formats`.</doc>
<msg timestamp="20231003 22:53:20.001" level="INFO">${convert_random_month_year} = 2020-09-01 00:00:00.000</msg>
<status status="PASS" starttime="20231003 22:53:20.001" endtime="20231003 22:53:20.001"/>
</kw>
<kw name="Convert Date" library="DateTime">
<var>${convert_current_month_year}</var>
<arg>${current_month_year}</arg>
<arg>date_format=%B %Y</arg>
<doc>Converts between supported `date formats`.</doc>
<msg timestamp="20231003 22:53:20.002" level="INFO">${convert_current_month_year} = 2022-01-01 00:00:00.000</msg>
<status status="PASS" starttime="20231003 22:53:20.001" endtime="20231003 22:53:20.002"/>
</kw>
<kw name="Run Keyword If" library="BuiltIn">
<arg>'${convert_current_month_year}' == '${convert_random_month_year}'</arg>
<arg>Exit For Loop</arg>
<doc>Runs the given keyword with the given arguments, if ``condition`` is true.</doc>
<status status="PASS" starttime="20231003 22:53:20.002" endtime="20231003 22:53:20.002"/>
</kw>
<kw name="Run Keyword If" library="BuiltIn">
<arg>'${convert_random_month_year}' &gt; '${convert_current_month_year}'</arg>
<arg>Click Element</arg>
<arg>${calendar_next_button}</arg>
<arg>ELSE</arg>
<arg>Click Element</arg>
<arg>${calendar_previous_button}</arg>
<doc>Runs the given keyword with the given arguments, if ``condition`` is true.</doc>
<kw name="Click Element" library="SeleniumLibrary">
<arg>${calendar_previous_button}</arg>
<doc>Click the element identified by ``locator``.</doc>
<msg timestamp="20231003 22:53:20.002" level="INFO">Clicking element 'xpath://button[@title='Previous month']'.</msg>
<status status="PASS" starttime="20231003 22:53:20.002" endtime="20231003 22:53:20.044"/>
</kw>
<status status="PASS" starttime="20231003 22:53:20.002" endtime="20231003 22:53:20.044"/>
</kw>
<status status="PASS" starttime="20231003 22:53:19.976" endtime="20231003 22:53:20.044"/>
</iter>
<iter>
<var name="${i}">11</var>
<kw name="Get Text" library="SeleniumLibrary">
<var>${current_month_year}</var>
<arg>${month_year_text_calendar}</arg>
<doc>Returns the text value of the element identified by ``locator``.</doc>
<msg timestamp="20231003 22:53:20.060" level="INFO">${current_month_year} = December 2021</msg>
<status status="PASS" starttime="20231003 22:53:20.044" endtime="20231003 22:53:20.060"/>
</kw>
<kw name="Convert Date" library="DateTime">
<var>${convert_random_month_year}</var>
<arg>${random_month_year}</arg>
<arg>date_format=%B %Y</arg>
<doc>Converts between supported `date formats`.</doc>
<msg timestamp="20231003 22:53:20.060" level="INFO">${convert_random_month_year} = 2020-09-01 00:00:00.000</msg>
<status status="PASS" starttime="20231003 22:53:20.060" endtime="20231003 22:53:20.060"/>
</kw>
<kw name="Convert Date" library="DateTime">
<var>${convert_current_month_year}</var>
<arg>${current_month_year}</arg>
<arg>date_format=%B %Y</arg>
<doc>Converts between supported `date formats`.</doc>
<msg timestamp="20231003 22:53:20.061" level="INFO">${convert_current_month_year} = 2021-12-01 00:00:00.000</msg>
<status status="PASS" starttime="20231003 22:53:20.060" endtime="20231003 22:53:20.061"/>
</kw>
<kw name="Run Keyword If" library="BuiltIn">
<arg>'${convert_current_month_year}' == '${convert_random_month_year}'</arg>
<arg>Exit For Loop</arg>
<doc>Runs the given keyword with the given arguments, if ``condition`` is true.</doc>
<status status="PASS" starttime="20231003 22:53:20.061" endtime="20231003 22:53:20.061"/>
</kw>
<kw name="Run Keyword If" library="BuiltIn">
<arg>'${convert_random_month_year}' &gt; '${convert_current_month_year}'</arg>
<arg>Click Element</arg>
<arg>${calendar_next_button}</arg>
<arg>ELSE</arg>
<arg>Click Element</arg>
<arg>${calendar_previous_button}</arg>
<doc>Runs the given keyword with the given arguments, if ``condition`` is true.</doc>
<kw name="Click Element" library="SeleniumLibrary">
<arg>${calendar_previous_button}</arg>
<doc>Click the element identified by ``locator``.</doc>
<msg timestamp="20231003 22:53:20.062" level="INFO">Clicking element 'xpath://button[@title='Previous month']'.</msg>
<status status="PASS" starttime="20231003 22:53:20.061" endtime="20231003 22:53:20.110"/>
</kw>
<status status="PASS" starttime="20231003 22:53:20.061" endtime="20231003 22:53:20.110"/>
</kw>
<status status="PASS" starttime="20231003 22:53:20.044" endtime="20231003 22:53:20.110"/>
</iter>
<iter>
[...]
<msg timestamp="20231003 22:53:21.062" level="INFO">Clicking element 'xpath://button[@title='Previous month']'.</msg>
<status status="PASS" starttime="20231003 22:53:21.062" endtime="20231003 22:53:21.120"/>
</kw>
<status status="PASS" starttime="20231003 22:53:21.062" endtime="20231003 22:53:21.120"/>
</kw>
<status status="PASS" starttime="20231003 22:53:21.043" endtime="20231003 22:53:21.120"/>
</iter>
<iter>
<var name="${i}">26</var>
<kw name="Get Text" library="SeleniumLibrary">
<var>${current_month_year}</var>
<arg>${month_year_text_calendar}</arg>
<doc>Returns the text value of the element identified by ``locator``.</doc>
<msg timestamp="20231003 22:53:21.136" level="INFO">${current_month_year} = September 2020</msg>
<status status="PASS" starttime="20231003 22:53:21.121" endtime="20231003 22:53:21.136"/>
</kw>
<kw name="Convert Date" library="DateTime">
<var>${convert_random_month_year}</var>
<arg>${random_month_year}</arg>
<arg>date_format=%B %Y</arg>
<doc>Converts between supported `date formats`.</doc>
<msg timestamp="20231003 22:53:21.137" level="INFO">${convert_random_month_year} = 2020-09-01 00:00:00.000</msg>
<status status="PASS" starttime="20231003 22:53:21.137" endtime="20231003 22:53:21.137"/>
</kw>
<kw name="Convert Date" library="DateTime">
<var>${convert_current_month_year}</var>
<arg>${current_month_year}</arg>
<arg>date_format=%B %Y</arg>
<doc>Converts between supported `date formats`.</doc>
<msg timestamp="20231003 22:53:21.137" level="INFO">${convert_current_month_year} = 2020-09-01 00:00:00.000</msg>
<status status="PASS" starttime="20231003 22:53:21.137" endtime="20231003 22:53:21.137"/>
</kw>
<kw name="Run Keyword If" library="BuiltIn">
<arg>'${convert_current_month_year}' == '${convert_random_month_year}'</arg>
<arg>Exit For Loop</arg>
<doc>Runs the given keyword with the given arguments, if ``condition`` is true.</doc>
<kw name="Exit For Loop" library="BuiltIn">
<doc>Stops executing the enclosing FOR loop.</doc>
<msg timestamp="20231003 22:53:21.138" level="INFO">Exiting for loop altogether.</msg>
<status status="PASS" starttime="20231003 22:53:21.137" endtime="20231003 22:53:21.138"/>
</kw>
<status status="PASS" starttime="20231003 22:53:21.137" endtime="20231003 22:53:21.138"/>
</kw>
<kw name="Run Keyword If" library="BuiltIn">
<arg>'${convert_random_month_year}' &gt; '${convert_current_month_year}'</arg>
<arg>Click Element</arg>
<arg>${calendar_next_button}</arg>
<arg>ELSE</arg>
<arg>Click Element</arg>
<arg>${calendar_previous_button}</arg>
<doc>Runs the given keyword with the given arguments, if ``condition`` is true.</doc>
<status status="NOT RUN" starttime="20231003 22:53:21.138" endtime="20231003 22:53:21.138"/>
</kw>
<status status="PASS" starttime="20231003 22:53:21.121" endtime="20231003 22:53:21.138"/>
</iter>
<status status="PASS" starttime="20231003 22:53:19.112" endtime="20231003 22:53:21.138"/>
</for>
<msg timestamp="20231003 22:53:21.138" level="INFO">${target_date} = September 2020</msg>
<status status="PASS" starttime="20231003 22:53:19.112" endtime="20231003 22:53:21.138"/>
</kw>
<kw name="Log To Console" library="BuiltIn">
<arg>\nMonth year after search: ${target_date}</arg>
<doc>Logs the given message to the console.</doc>
<status status="PASS" starttime="20231003 22:53:21.138" endtime="20231003 22:53:21.138"/>
</kw>
<if>
<branch type="IF" condition="'${random_month_year}' != '${target_date}'">
<kw name="Log To Console" library="BuiltIn">
<arg>\nDate not found after max attempts</arg>
<doc>Logs the given message to the console.</doc>
<status status="NOT RUN" starttime="20231003 22:53:21.138" endtime="20231003 22:53:21.139"/>
</kw>
<status status="NOT RUN" starttime="20231003 22:53:21.138" endtime="20231003 22:53:21.139"/>
</branch>
<branch type="ELSE IF" condition="'${formatted_current_date}'.isdigit()">
<if>
<branch type="IF" condition="'${formatted_current_date}' == '${random_date}'">
<if>
<branch type="IF" condition="'${current_month_year}' == '${random_month_year}'">
<kw name="Double Click Date In Calendar" library="profile_keyword">
<arg>${random_date}</arg>
<status status="NOT RUN" starttime="20231003 22:53:21.139" endtime="20231003 22:53:21.139"/>
</kw>
<status status="NOT RUN" starttime="20231003 22:53:21.139" endtime="20231003 22:53:21.139"/>
</branch>
<branch type="ELSE">
<kw name="Click Date In Calendar" library="profile_keyword">
<arg>${random_date}</arg>
<status status="NOT RUN" starttime="20231003 22:53:21.139" endtime="20231003 22:53:21.139"/>
</kw>
<status status="NOT RUN" starttime="20231003 22:53:21.139" endtime="20231003 22:53:21.139"/>
</branch>
<status status="NOT RUN" starttime="20231003 22:53:21.139" endtime="20231003 22:53:21.139"/>
</if>
<status status="NOT RUN" starttime="20231003 22:53:21.139" endtime="20231003 22:53:21.139"/>
</branch>
<branch type="ELSE">
<kw name="Click Date In Calendar" library="profile_keyword">
<arg>${random_date}</arg>
<kw name="Set Variable" library="BuiltIn">
<var>${date_button_locator}</var>
<arg>${date_prefix}${target_date}${date_suffix}</arg>
<doc>Returns the given values which can then be assigned to a variables.</doc>
<msg timestamp="20231003 22:53:21.139" level="INFO">${date_button_locator} = xpath://button[normalize-space(.)='21']</msg>
<status status="PASS" starttime="20231003 22:53:21.139" endtime="20231003 22:53:21.140"/>
</kw>
<kw name="Click Element" library="SeleniumLibrary">
<arg>${date_button_locator}</arg>
<doc>Click the element identified by ``locator``.</doc>
<msg timestamp="20231003 22:53:21.140" level="INFO">Clicking element 'xpath://button[normalize-space(.)='21']'.</msg>
<status status="PASS" starttime="20231003 22:53:21.140" endtime="20231003 22:53:21.194"/>
</kw>
<status status="PASS" starttime="20231003 22:53:21.139" endtime="20231003 22:53:21.194"/>
</kw>
<status status="PASS" starttime="20231003 22:53:21.139" endtime="20231003 22:53:21.194"/>
</branch>
<status status="PASS" starttime="20231003 22:53:21.139" endtime="20231003 22:53:21.194"/>
</if>
<status status="PASS" starttime="20231003 22:53:21.139" endtime="20231003 22:53:21.194"/>
</branch>
<branch type="ELSE">
<kw name="Click Date In Calendar" library="profile_keyword">
<arg>${random_date}</arg>
<status status="NOT RUN" starttime="20231003 22:53:21.195" endtime="20231003 22:53:21.195"/>
</kw>
<status status="NOT RUN" starttime="20231003 22:53:21.194" endtime="20231003 22:53:21.195"/>
</branch>
<status status="PASS" starttime="20231003 22:53:21.138" endtime="20231003 22:53:21.195"/>
</if>
<kw name="Click Ok Button in Calendar" library="profile_keyword">
<kw name="Sleep" library="BuiltIn">
<arg>1s</arg>
<doc>Pauses the test executed for the given time.</doc>
<msg timestamp="20231003 22:53:22.196" level="INFO">Slept 1 second</msg>
<status status="PASS" starttime="20231003 22:53:21.195" endtime="20231003 22:53:22.196"/>
</kw>
<kw name="Wait Until Element Is Enabled" library="SeleniumLibrary">
<arg>${ok_calendar_button}</arg>
<arg>5s</arg>
<doc>Waits until the element ``locator`` is enabled.</doc>
<status status="PASS" starttime="20231003 22:53:22.196" endtime="20231003 22:53:22.218"/>
</kw>
<kw name="Click Element" library="SeleniumLibrary">
<arg>${ok_calendar_button}</arg>
<doc>Click the element identified by ``locator``.</doc>
<msg timestamp="20231003 22:53:22.218" level="INFO">Clicking element 'xpath://button[normalize-space()='OK']'.</msg>
<status status="PASS" starttime="20231003 22:53:22.218" endtime="20231003 22:53:22.287"/>
</kw>
<status status="PASS" starttime="20231003 22:53:21.195" endtime="20231003 22:53:22.287"/>
</kw>
<kw name="Click Save Button" library="profile_keyword">
<kw name="Wait Until Element Is Enabled" library="SeleniumLibrary">
<arg>${save_button}</arg>
<arg>5s</arg>
<doc>Waits until the element ``locator`` is enabled.</doc>
<status status="PASS" starttime="20231003 22:53:22.288" endtime="20231003 22:53:22.315"/>
</kw>
<kw name="Click Element" library="SeleniumLibrary">
<arg>${save_button}</arg>
<doc>Click the element identified by ``locator``.</doc>
<msg timestamp="20231003 22:53:22.316" level="INFO">Clicking element 'css:button[type='submit']'.</msg>
<status status="PASS" starttime="20231003 22:53:22.315" endtime="20231003 22:53:22.697"/>
</kw>
<status status="PASS" starttime="20231003 22:53:22.288" endtime="20231003 22:53:22.697"/>
</kw>
<kw name="Is Visible Success Message" library="profile_keyword">
<kw name="Wait Until Element Is Visible" library="SeleniumLibrary">
<arg>${success_message}</arg>
<arg>5s</arg>
<doc>Waits until the element ``locator`` is visible.</doc>
<status status="PASS" starttime="20231003 22:53:22.698" endtime="20231003 22:53:22.733"/>
</kw>
<status status="PASS" starttime="20231003 22:53:22.698" endtime="20231003 22:53:22.733"/>
</kw>
<kw name="Wait Until Element Is Visible" library="SeleniumLibrary">
<arg>${birthday_field}</arg>
<doc>Waits until the element ``locator`` is visible.</doc>
<status status="PASS" starttime="20231003 22:53:22.733" endtime="20231003 22:53:22.749"/>
</kw>
<kw name="Get Value" library="SeleniumLibrary">
<var>${birthday_text}</var>
<arg>${birthday_field}</arg>
<doc>Returns the value attribute of the element identified by ``locator``.</doc>
<msg timestamp="20231003 22:53:22.763" level="INFO">${birthday_text} = 21/09/20</msg>
<status status="PASS" starttime="20231003 22:53:22.749" endtime="20231003 22:53:22.763"/>
</kw>
<kw name="Log To Console" library="BuiltIn">
<arg>\nMonth year after save: ${birthday_text}</arg>
<doc>Logs the given message to the console.</doc>
<status status="PASS" starttime="20231003 22:53:22.763" endtime="20231003 22:53:22.763"/>
</kw>
<kw name="Click Birthday Button" library="profile_keyword">
<kw name="Is Visible Birthday Field" library="profile_keyword">
<kw name="Wait Until Element Is Visible" library="SeleniumLibrary">
<arg>${birthday_field}</arg>
<arg>5s</arg>
<doc>Waits until the element ``locator`` is visible.</doc>
<status status="PASS" starttime="20231003 22:53:22.764" endtime="20231003 22:53:22.778"/>
</kw>
<status status="PASS" starttime="20231003 22:53:22.764" endtime="20231003 22:53:22.778"/>
</kw>
<kw name="Click Element" library="SeleniumLibrary">
<arg>${birthday_field}</arg>
<doc>Click the element identified by ``locator``.</doc>
<msg timestamp="20231003 22:53:22.779" level="INFO">Clicking element 'css:input[name='birthday']'.</msg>
<status status="PASS" starttime="20231003 22:53:22.778" endtime="20231003 22:53:22.848"/>
</kw>
<status status="PASS" starttime="20231003 22:53:22.763" endtime="20231003 22:53:22.848"/>
</kw>
<kw name="Get Text" library="SeleniumLibrary">
<var>${current_month_year}</var>
<arg>${month_year_text_calendar}</arg>
<doc>Returns the text value of the element identified by ``locator``.</doc>
<msg timestamp="20231003 22:53:22.867" level="INFO">${current_month_year} = September 2020</msg>
<status status="PASS" starttime="20231003 22:53:22.848" endtime="20231003 22:53:22.867"/>
</kw>
<kw name="Should Be Equal" library="BuiltIn">
<arg>${current_month_year}</arg>
<arg>${random_month_year}</arg>
<doc>Fails if the given objects are unequal.</doc>
<status status="PASS" starttime="20231003 22:53:22.868" endtime="20231003 22:53:22.868"/>
</kw>
<kw name="Close Browser" library="base_keyword" type="TEARDOWN">
<kw name="Close All Browsers" library="SeleniumLibrary">
<doc>Closes all open browsers and resets the browser cache.</doc>
<status status="PASS" starttime="20231003 22:53:22.868" endtime="20231003 22:53:23.085"/>
</kw>
<status status="PASS" starttime="20231003 22:53:22.868" endtime="20231003 22:53:23.085"/>
</kw>
<doc>Success edit birthday date</doc>
<tag>profile</tag>
<tag>regression</tag>
<status status="PASS" starttime="20231003 22:53:06.160" endtime="20231003 22:53:23.085"/>
</test>
<doc>Profile Functionality</doc>
<status status="PASS" starttime="20231003 22:53:06.139" endtime="20231003 22:53:23.086"/>
</suite>
<suite id="s1-s4" name="Signup" source="/Users/pedropradita/PycharmProjects/aha/tests/signup.robot">
<kw name="Set Implicit Wait Globally" library="base_keyword" type="SETUP">
<kw name="Set Selenium Implicit Wait" library="SeleniumLibrary">
<arg>20s</arg>
<doc>Sets the implicit wait value used by Selenium.</doc>
<status status="PASS" starttime="20231003 22:53:23.104" endtime="20231003 22:53:23.105"/>
</kw>
<status status="PASS" starttime="20231003 22:53:23.104" endtime="20231003 22:53:23.105"/>
</kw>
<test id="s1-s4-t1" name="Signup with Email" line="19">
<kw name="Open Signup Page" library="signup_keyword" type="SETUP">
<arg>${${environment}_URL}</arg>
<arg>${browser_chrome}</arg>
<kw name="Open Home Page" library="base_keyword">
<arg>${SiteUrl}</arg>
<arg>${Browser}</arg>
<kw name="Open Browser" library="SeleniumLibrary">
<arg>${SiteUrl}</arg>
<arg>${Browser}</arg>
<doc>Opens a new browser instance to the optional ``url``.</doc>
<msg timestamp="20231003 22:53:23.107" level="INFO">Opening browser 'headless chrome' to base url 'https://earnaha.com/'.</msg>
<status status="PASS" starttime="20231003 22:53:23.106" endtime="20231003 22:53:29.913"/>
</kw>
<kw name="Maximize Browser Window" library="SeleniumLibrary">
<doc>Maximizes current browser window.</doc>
<status status="PASS" starttime="20231003 22:53:29.913" endtime="20231003 22:53:30.382"/>
</kw>
<status status="PASS" starttime="20231003 22:53:23.106" endtime="20231003 22:53:30.383"/>
</kw>
<kw name="Click Signup Button Home Page" library="signup_keyword">
<kw name="Click Element" library="SeleniumLibrary">
<arg>${signup_button}</arg>
<doc>Click the element identified by ``locator``.</doc>
<msg timestamp="20231003 22:53:30.385" level="INFO">Clicking element 'xpath:(//a[contains(@href, '/signup')])[1]'.</msg>
<status status="PASS" starttime="20231003 22:53:30.384" endtime="20231003 22:53:31.900"/>
</kw>
<status status="PASS" starttime="20231003 22:53:30.383" endtime="20231003 22:53:31.900"/>
</kw>
<status status="PASS" starttime="20231003 22:53:23.105" endtime="20231003 22:53:31.900"/>
</kw>
<kw name="Get Current Date Time Formatted" library="common_keyword">
<var>${formatted_date_time}</var>
<kw name="Get Current Date" library="DateTime">
<var>${formatted_current_date}</var>
<arg>result_format=%Y%m%d%H%M%S</arg>
<doc>Returns current local or UTC time with an optional increment.</doc>
<msg timestamp="20231003 22:53:31.901" level="INFO">${formatted_current_date} = 20231003225331</msg>
<status status="PASS" starttime="20231003 22:53:31.900" endtime="20231003 22:53:31.901"/>
</kw>
<kw name="Log To Console" library="BuiltIn">
<arg>\nCurrent date: ${formatted_current_date}</arg>
<doc>Logs the given message to the console.</doc>
<status status="PASS" starttime="20231003 22:53:31.901" endtime="20231003 22:53:31.901"/>
</kw>
<msg timestamp="20231003 22:53:31.901" level="INFO">${formatted_date_time} = 20231003225331</msg>
<status status="PASS" starttime="20231003 22:53:31.900" endtime="20231003 22:53:31.901"/>
</kw>
<kw name="Input Username" library="signup_keyword">
<arg>${sign_email_front}${${environment}_text}.${formatted_date_time}${sign_email_end}</arg>
<kw name="Wait Until Element Is Visible" library="SeleniumLibrary">
<arg>${email_field}</arg>
<doc>Waits until the element ``locator`` is visible.</doc>
<status status="PASS" starttime="20231003 22:53:31.902" endtime="20231003 22:53:31.926"/>
</kw>
<kw name="Input Text" library="SeleniumLibrary">
<arg>${email_field}</arg>
<arg>${email}</arg>
<doc>Types the given ``text`` into the text field identified by ``locator``.</doc>
<msg timestamp="20231003 22:53:31.927" level="INFO">Typing text 'test.prod.20231003225331@aha.test' into text field 'id:email'.</msg>
<status status="PASS" starttime="20231003 22:53:31.927" endtime="20231003 22:53:32.086"/>
</kw>
<status status="PASS" starttime="20231003 22:53:31.901" endtime="20231003 22:53:32.086"/>
</kw>
<kw name="Input Password" library="signup_keyword">
<arg>${password}</arg>
<kw name="Input Text" library="SeleniumLibrary">
<arg>${password_field}</arg>
<arg>${password}</arg>
<doc>Types the given ``text`` into the text field identified by ``locator``.</doc>
<msg timestamp="20231003 22:53:32.087" level="INFO">Typing text 'Testaha1!' into text field 'id:password'.</msg>
<status status="PASS" starttime="20231003 22:53:32.087" endtime="20231003 22:53:32.180"/>
</kw>
<status status="PASS" starttime="20231003 22:53:32.086" endtime="20231003 22:53:32.180"/>
</kw>
<kw name="Click Signup Button" library="signup_keyword">
<kw name="Click Element" library="SeleniumLibrary">
<arg>${continue_button}</arg>
<doc>Click the element identified by ``locator``.</doc>
<msg timestamp="20231003 22:53:32.181" level="INFO">Clicking element 'xpath:(//*[@type='submit'])[1]'.</msg>
<status status="PASS" starttime="20231003 22:53:32.180" endtime="20231003 22:53:36.552"/>
</kw>
<status status="PASS" starttime="20231003 22:53:32.180" endtime="20231003 22:53:36.552"/>
</kw>
<kw name="Wait Profile Button is Visible" library="signup_keyword">
<var>${visibility_result}</var>
<kw name="Wait Until Element Is Visible" library="SeleniumLibrary">
<arg>${profile_button}</arg>
<arg>10</arg>
<doc>Waits until the element ``locator`` is visible.</doc>
<status status="PASS" starttime="20231003 22:53:36.552" endtime="20231003 22:53:38.113"/>
</kw>
<kw name="Run Keyword And Return Status" library="BuiltIn">
<var>${visibility_status}</var>
<arg>element should be visible</arg>
<arg>${profile_button}</arg>
<doc>Runs the given keyword with given arguments and returns the status as a Boolean value.</doc>
<kw name="Element Should Be Visible" library="SeleniumLibrary">
<arg>${profile_button}</arg>
<doc>Verifies that the element identified by ``locator`` is visible.</doc>
<msg timestamp="20231003 22:53:38.135" level="INFO">Element 'css:div[aria-label='Profile']' is displayed.</msg>
<status status="PASS" starttime="20231003 22:53:38.114" endtime="20231003 22:53:38.135"/>
</kw>
<msg timestamp="20231003 22:53:38.135" level="INFO">${visibility_status} = True</msg>
<status status="PASS" starttime="20231003 22:53:38.114" endtime="20231003 22:53:38.135"/>
</kw>
<msg timestamp="20231003 22:53:38.135" level="INFO">${visibility_result} = True</msg>
<status status="PASS" starttime="20231003 22:53:36.552" endtime="20231003 22:53:38.135"/>
</kw>
<kw name="Should Be True" library="BuiltIn">
<arg>${visibility_result}</arg>
<doc>Fails if the given condition is not true.</doc>
<status status="PASS" starttime="20231003 22:53:38.135" endtime="20231003 22:53:38.135"/>
</kw>
<kw name="Close Browser" library="base_keyword" type="TEARDOWN">
<kw name="Close All Browsers" library="SeleniumLibrary">
<doc>Closes all open browsers and resets the browser cache.</doc>
<status status="PASS" starttime="20231003 22:53:38.136" endtime="20231003 22:53:38.248"/>
</kw>
<status status="PASS" starttime="20231003 22:53:38.136" endtime="20231003 22:53:38.248"/>
</kw>
<doc>Success signup with new email</doc>
<tag>regression</tag>
<tag>signup</tag>
<status status="PASS" starttime="20231003 22:53:23.105" endtime="20231003 22:53:38.248"/>
</test>
<doc>Signup Functionality</doc>
<status status="PASS" starttime="20231003 22:53:23.087" endtime="20231003 22:53:38.249"/>
</suite>
<status status="PASS" starttime="20231003 22:51:59.386" endtime="20231003 22:53:38.250"/>
</suite>
<statistics>
<total>
<stat pass="6" fail="0" skip="0">All Tests</stat>
</total>
<tag>
<stat pass="2" fail="0" skip="0">login</stat>
<stat pass="2" fail="0" skip="0">logout</stat>
<stat pass="1" fail="0" skip="0">profile</stat>
<stat pass="6" fail="0" skip="0">regression</stat>
<stat pass="1" fail="0" skip="0">signup</stat>
</tag>
<suite>
<stat pass="6" fail="0" skip="0" id="s1" name="Tests">Tests</stat>
<stat pass="2" fail="0" skip="0" id="s1-s1" name="Login">Tests.Login</stat>
<stat pass="2" fail="0" skip="0" id="s1-s2" name="Logout">Tests.Logout</stat>
<stat pass="1" fail="0" skip="0" id="s1-s3" name="Profile">Tests.Profile</stat>
<stat pass="1" fail="0" skip="0" id="s1-s4" name="Signup">Tests.Signup</stat>
</suite>
</statistics>
<errors>
</errors>
</robot>
