<?xml version="1.0" encoding="UTF-8"?>
<robot generator="Robot 6.1.1 (Python 3.11.5 on darwin)" generated="20231003 22:49:46.801" rpa="false" schemaversion="4">
<suite id="s1" name="Tests" source="/Users/pedropradita/PycharmProjects/aha/tests">
<suite id="s1-s1" name="Login" source="/Users/pedropradita/PycharmProjects/aha/tests/login.robot">
<kw name="Set Implicit Wait Globally" library="base_keyword" type="SETUP">
<kw name="Set Selenium Implicit Wait" library="SeleniumLibrary">
<arg>20s</arg>
<doc>Sets the implicit wait value used by Selenium.</doc>
<status status="PASS" starttime="20231003 22:49:47.049" endtime="20231003 22:49:47.049"/>
</kw>
<status status="PASS" starttime="20231003 22:49:47.048" endtime="20231003 22:49:47.049"/>
</kw>
<test id="s1-s1-t1" name="Login with Email" line="15">
<kw name="Open Login Page" library="login_keyword" type="SETUP">
<arg>${${environment}_URL}</arg>
<arg>${browser_chrome}</arg>
<kw name="Open Home Page" library="base_keyword">
<arg>${SiteUrl}</arg>
<arg>${Browser}</arg>
<kw name="Open Browser" library="SeleniumLibrary">
<arg>${SiteUrl}</arg>
<arg>${Browser}</arg>
<doc>Opens a new browser instance to the optional ``url``.</doc>
<msg timestamp="20231003 22:49:47.051" level="INFO">Opening browser 'headless chrome' to base url 'https://earnaha.com/'.</msg>
<status status="PASS" starttime="20231003 22:49:47.051" endtime="20231003 22:49:54.714"/>
</kw>
<kw name="Maximize Browser Window" library="SeleniumLibrary">
<doc>Maximizes current browser window.</doc>
<status status="PASS" starttime="20231003 22:49:54.714" endtime="20231003 22:49:55.176"/>
</kw>
<status status="PASS" starttime="20231003 22:49:47.050" endtime="20231003 22:49:55.176"/>
</kw>
<kw name="Click Login Button Home Page" library="login_keyword">
<kw name="Click Element" library="SeleniumLibrary">
<arg>${login_button}</arg>
<doc>Click the element identified by ``locator``.</doc>
<msg timestamp="20231003 22:49:55.177" level="INFO">Clicking element 'xpath:(//a[contains(@href, '/login')])[1]'.</msg>
<status status="PASS" starttime="20231003 22:49:55.177" endtime="20231003 22:49:56.866"/>
</kw>
<status status="PASS" starttime="20231003 22:49:55.176" endtime="20231003 22:49:56.866"/>
</kw>
<status status="PASS" starttime="20231003 22:49:47.050" endtime="20231003 22:49:56.866"/>
</kw>
<kw name="Input Username" library="login_keyword">
<arg>${email}</arg>
<kw name="Wait Until Element Is Visible" library="SeleniumLibrary">
<arg>${email_field}</arg>
<doc>Waits until the element ``locator`` is visible.</doc>
<status status="PASS" starttime="20231003 22:49:56.867" endtime="20231003 22:49:56.896"/>
</kw>
<kw name="Input Text" library="SeleniumLibrary">
<arg>${email_field}</arg>
<arg>${email}</arg>
<doc>Types the given ``text`` into the text field identified by ``locator``.</doc>
<msg timestamp="20231003 22:49:56.896" level="INFO">Typing text 'pedro.pradita.s@gmail.com' into text field 'id:username'.</msg>
<status status="PASS" starttime="20231003 22:49:56.896" endtime="20231003 22:49:57.052"/>
</kw>
<status status="PASS" starttime="20231003 22:49:56.866" endtime="20231003 22:49:57.052"/>
</kw>
<kw name="Input Password" library="login_keyword">
<arg>${password}</arg>
<kw name="Input Text" library="SeleniumLibrary">
<arg>${password_field}</arg>
<arg>${password}</arg>
<doc>Types the given ``text`` into the text field identified by ``locator``.</doc>
<msg timestamp="20231003 22:49:57.053" level="INFO">Typing text 'Testaha1!' into text field 'id:password'.</msg>
<status status="PASS" starttime="20231003 22:49:57.052" endtime="20231003 22:49:57.148"/>
</kw>
<status status="PASS" starttime="20231003 22:49:57.052" endtime="20231003 22:49:57.148"/>
</kw>
<kw name="Click Login Button" library="login_keyword">
<kw name="Click Element" library="SeleniumLibrary">
<arg>${continue_button}</arg>
<doc>Click the element identified by ``locator``.</doc>
<msg timestamp="20231003 22:49:57.149" level="INFO">Clicking element 'xpath:(//*[@type='submit'])[2]'.</msg>
<status status="PASS" starttime="20231003 22:49:57.149" endtime="20231003 22:50:02.005"/>
</kw>
<status status="PASS" starttime="20231003 22:49:57.149" endtime="20231003 22:50:02.005"/>
</kw>
<kw name="Wait Profile Button is Visible" library="login_keyword">
<var>${visibility_result}</var>
<kw name="Wait Until Element Is Visible" library="SeleniumLibrary">
<arg>${profile_button}</arg>
<arg>10</arg>
<doc>Waits until the element ``locator`` is visible.</doc>
<status status="PASS" starttime="20231003 22:50:02.006" endtime="20231003 22:50:03.024"/>
</kw>
<kw name="Run Keyword And Return Status" library="BuiltIn">
<var>${visibility_status}</var>
<arg>element should be visible</arg>
<arg>${profile_button}</arg>
<doc>Runs the given keyword with given arguments and returns the status as a Boolean value.</doc>
<kw name="Element Should Be Visible" library="SeleniumLibrary">
<arg>${profile_button}</arg>
<doc>Verifies that the element identified by ``locator`` is visible.</doc>
<msg timestamp="20231003 22:50:03.041" level="INFO">Element 'css:div[aria-label='Profile']' is displayed.</msg>
<status status="PASS" starttime="20231003 22:50:03.024" endtime="20231003 22:50:03.041"/>
</kw>
<msg timestamp="20231003 22:50:03.041" level="INFO">${visibility_status} = True</msg>
<status status="PASS" starttime="20231003 22:50:03.024" endtime="20231003 22:50:03.041"/>
</kw>
<msg timestamp="20231003 22:50:03.041" level="INFO">${visibility_result} = True</msg>
<status status="PASS" starttime="20231003 22:50:02.006" endtime="20231003 22:50:03.041"/>
</kw>
<kw name="Should Be True" library="BuiltIn">
<arg>${visibility_result}</arg>
<doc>Fails if the given condition is not true.</doc>
<status status="PASS" starttime="20231003 22:50:03.041" endtime="20231003 22:50:03.042"/>
</kw>
<kw name="Close Browser" library="base_keyword" type="TEARDOWN">
<kw name="Close All Browsers" library="SeleniumLibrary">
<doc>Closes all open browsers and resets the browser cache.</doc>
<status status="PASS" starttime="20231003 22:50:03.042" endtime="20231003 22:50:03.171"/>
</kw>
<status status="PASS" starttime="20231003 22:50:03.042" endtime="20231003 22:50:03.171"/>
</kw>
<doc>Success login with email</doc>
<tag>login</tag>
<tag>regression</tag>
<status status="PASS" starttime="20231003 22:49:47.049" endtime="20231003 22:50:03.171"/>
</test>
<test id="s1-s1-t2" name="Login with Google OAuth" line="25">
<kw name="Open Login Page" library="login_keyword" type="SETUP">
<arg>${${environment}_URL}</arg>
<arg>${browser_chrome}</arg>
<kw name="Open Home Page" library="base_keyword">
<arg>${SiteUrl}</arg>
<arg>${Browser}</arg>
<kw name="Open Browser" library="SeleniumLibrary">
<arg>${SiteUrl}</arg>
<arg>${Browser}</arg>
<doc>Opens a new browser instance to the optional ``url``.</doc>
<msg timestamp="20231003 22:50:03.174" level="INFO">Opening browser 'headless chrome' to base url 'https://earnaha.com/'.</msg>
<status status="PASS" starttime="20231003 22:50:03.173" endtime="20231003 22:50:06.984"/>
</kw>
<kw name="Maximize Browser Window" library="SeleniumLibrary">
<doc>Maximizes current browser window.</doc>
<status status="PASS" starttime="20231003 22:50:06.984" endtime="20231003 22:50:07.450"/>
</kw>
<status status="PASS" starttime="20231003 22:50:03.173" endtime="20231003 22:50:07.450"/>
</kw>
<kw name="Click Login Button Home Page" library="login_keyword">
<kw name="Click Element" library="SeleniumLibrary">
<arg>${login_button}</arg>
<doc>Click the element identified by ``locator``.</doc>
<msg timestamp="20231003 22:50:07.452" level="INFO">Clicking element 'xpath:(//a[contains(@href, '/login')])[1]'.</msg>
<status status="PASS" starttime="20231003 22:50:07.451" endtime="20231003 22:50:09.108"/>
</kw>
<status status="PASS" starttime="20231003 22:50:07.450" endtime="20231003 22:50:09.108"/>
</kw>
<status status="PASS" starttime="20231003 22:50:03.173" endtime="20231003 22:50:09.108"/>
</kw>
<kw name="Click Google 0Auth Button" library="login_keyword">
<kw name="Click Element" library="SeleniumLibrary">
<arg>${google_0auth_button}</arg>
<doc>Click the element identified by ``locator``.</doc>
<msg timestamp="20231003 22:50:09.109" level="INFO">Clicking element 'xpath:(//*[@type='submit'])[3]'.</msg>
<status status="PASS" starttime="20231003 22:50:09.108" endtime="20231003 22:50:10.806"/>
</kw>
<status status="PASS" starttime="20231003 22:50:09.108" endtime="20231003 22:50:10.806"/>
</kw>
<kw name="Input Email Google" library="login_keyword">
<arg>${email_google}</arg>
<kw name="Wait Until Element Is Visible" library="SeleniumLibrary">
<arg>${email_google_field}</arg>
<doc>Waits until the element ``locator`` is visible.</doc>
<status status="PASS" starttime="20231003 22:50:10.807" endtime="20231003 22:50:10.848"/>
</kw>
<kw name="Input Text" library="SeleniumLibrary">
<arg>${email_google_field}</arg>
<arg>${email}</arg>
<doc>Types the given ``text`` into the text field identified by ``locator``.</doc>
<msg timestamp="20231003 22:50:10.849" level="INFO">Typing text 'pedro.pradita.aha@gmail.com' into text field 'id:identifierId'.</msg>
<status status="PASS" starttime="20231003 22:50:10.848" endtime="20231003 22:50:11.075"/>
</kw>
<status status="PASS" starttime="20231003 22:50:10.806" endtime="20231003 22:50:11.075"/>
</kw>
<kw name="Click Next Email Button" library="login_keyword">
<kw name="Click Element" library="SeleniumLibrary">
<arg>${next_button}</arg>
<doc>Click the element identified by ``locator``.</doc>
<msg timestamp="20231003 22:50:11.076" level="INFO">Clicking element 'id:identifierNext'.</msg>
<status status="PASS" starttime="20231003 22:50:11.076" endtime="20231003 22:50:11.289"/>
</kw>
<status status="PASS" starttime="20231003 22:50:11.076" endtime="20231003 22:50:11.289"/>
</kw>
<kw name="Input Password Google" library="login_keyword">
<arg>${password}</arg>
<kw name="Wait Until Element Is Visible" library="SeleniumLibrary">
<arg>${password_google_field}</arg>
<doc>Waits until the element ``locator`` is visible.</doc>
<status status="PASS" starttime="20231003 22:50:11.289" endtime="20231003 22:50:12.366"/>
</kw>
<kw name="Input Text" library="SeleniumLibrary">
<arg>${password_google_field}</arg>
<arg>${password}</arg>
<doc>Types the given ``text`` into the text field identified by ``locator``.</doc>
<msg timestamp="20231003 22:50:12.367" level="INFO">Typing text 'Testaha1!' into text field 'css:input[name='Passwd']'.</msg>
<status status="PASS" starttime="20231003 22:50:12.366" endtime="20231003 22:50:12.453"/>
</kw>
<status status="PASS" starttime="20231003 22:50:11.289" endtime="20231003 22:50:12.453"/>
</kw>
<kw name="Click Next Password Button" library="login_keyword">
<kw name="Click Element" library="SeleniumLibrary">
<arg>${next_password_button}</arg>
<doc>Click the element identified by ``locator``.</doc>
<msg timestamp="20231003 22:50:12.453" level="INFO">Clicking element 'id:passwordNext'.</msg>
<status status="PASS" starttime="20231003 22:50:12.453" endtime="20231003 22:50:12.648"/>
</kw>
<status status="PASS" starttime="20231003 22:50:12.453" endtime="20231003 22:50:12.648"/>
</kw>
<kw name="Wait Profile Button is Visible" library="login_keyword">
<var>${visibility_result}</var>
<kw name="Wait Until Element Is Visible" library="SeleniumLibrary">
<arg>${profile_button}</arg>
<arg>10</arg>
<doc>Waits until the element ``locator`` is visible.</doc>
<status status="PASS" starttime="20231003 22:50:12.649" endtime="20231003 22:50:21.543"/>
</kw>
<kw name="Run Keyword And Return Status" library="BuiltIn">
<var>${visibility_status}</var>
<arg>element should be visible</arg>
<arg>${profile_button}</arg>
<doc>Runs the given keyword with given arguments and returns the status as a Boolean value.</doc>
<kw name="Element Should Be Visible" library="SeleniumLibrary">
<arg>${profile_button}</arg>
<doc>Verifies that the element identified by ``locator`` is visible.</doc>
<msg timestamp="20231003 22:50:21.564" level="INFO">Element 'css:div[aria-label='Profile']' is displayed.</msg>
<status status="PASS" starttime="20231003 22:50:21.543" endtime="20231003 22:50:21.564"/>
</kw>
<msg timestamp="20231003 22:50:21.564" level="INFO">${visibility_status} = True</msg>
<status status="PASS" starttime="20231003 22:50:21.543" endtime="20231003 22:50:21.564"/>
</kw>
<msg timestamp="20231003 22:50:21.564" level="INFO">${visibility_result} = True</msg>
<status status="PASS" starttime="20231003 22:50:12.649" endtime="20231003 22:50:21.564"/>
</kw>
<kw name="Should Be True" library="BuiltIn">
<arg>${visibility_result}</arg>
<doc>Fails if the given condition is not true.</doc>
<status status="PASS" starttime="20231003 22:50:21.564" endtime="20231003 22:50:21.565"/>
</kw>
<kw name="Close Browser" library="base_keyword" type="TEARDOWN">
<kw name="Close All Browsers" library="SeleniumLibrary">
<doc>Closes all open browsers and resets the browser cache.</doc>
<status status="PASS" starttime="20231003 22:50:21.565" endtime="20231003 22:50:21.689"/>
</kw>
<status status="PASS" starttime="20231003 22:50:21.565" endtime="20231003 22:50:21.690"/>
</kw>
<doc>Success login with Google OAuth</doc>
<tag>login</tag>
<tag>regression</tag>
<status status="PASS" starttime="20231003 22:50:03.172" endtime="20231003 22:50:21.690"/>
</test>
<doc>Login Functionality</doc>
<status status="PASS" starttime="20231003 22:49:46.823" endtime="20231003 22:50:21.691"/>
</suite>
<suite id="s1-s2" name="Logout" source="/Users/pedropradita/PycharmProjects/aha/tests/logout.robot">
<kw name="Set Implicit Wait Globally" library="base_keyword" type="SETUP">
<kw name="Set Selenium Implicit Wait" library="SeleniumLibrary">
<arg>20s</arg>
<doc>Sets the implicit wait value used by Selenium.</doc>
<status status="PASS" starttime="20231003 22:50:21.714" endtime="20231003 22:50:21.714"/>
</kw>
<status status="PASS" starttime="20231003 22:50:21.714" endtime="20231003 22:50:21.714"/>
</kw>
<test id="s1-s2-t1" name="Logout With Email" line="16">
<kw name="Success Login with Email" library="login_keyword">
<arg>${${environment}_url}</arg>
<arg>${browser_chrome}</arg>
<arg>${email}</arg>
<arg>${password}</arg>
<kw name="Open Home Page" library="base_keyword">
<arg>${SiteUrl}</arg>
<arg>${Browser}</arg>
<kw name="Open Browser" library="SeleniumLibrary">
<arg>${SiteUrl}</arg>
<arg>${Browser}</arg>
<doc>Opens a new browser instance to the optional ``url``.</doc>
<msg timestamp="20231003 22:50:21.718" level="INFO">Opening browser 'headless chrome' to base url 'https://earnaha.com/'.</msg>
<status status="PASS" starttime="20231003 22:50:21.717" endtime="20231003 22:50:29.092"/>
</kw>
<kw name="Maximize Browser Window" library="SeleniumLibrary">
<doc>Maximizes current browser window.</doc>
<status status="PASS" starttime="20231003 22:50:29.093" endtime="20231003 22:50:29.567"/>
</kw>
<status status="PASS" starttime="20231003 22:50:21.716" endtime="20231003 22:50:29.567"/>
</kw>
<kw name="Click Login Button Home Page" library="login_keyword">
<kw name="Click Element" library="SeleniumLibrary">
<arg>${login_button}</arg>
<doc>Click the element identified by ``locator``.</doc>
<msg timestamp="20231003 22:50:29.568" level="INFO">Clicking element 'xpath:(//a[contains(@href, '/login')])[1]'.</msg>
<status status="PASS" starttime="20231003 22:50:29.567" endtime="20231003 22:50:31.495"/>
</kw>
<status status="PASS" starttime="20231003 22:50:29.567" endtime="20231003 22:50:31.495"/>
</kw>
<kw name="Input Username" library="login_keyword">
<arg>${email}</arg>
<kw name="Wait Until Element Is Visible" library="SeleniumLibrary">
<arg>${email_field}</arg>
<doc>Waits until the element ``locator`` is visible.</doc>
<status status="PASS" starttime="20231003 22:50:31.496" endtime="20231003 22:50:31.532"/>
</kw>
<kw name="Input Text" library="SeleniumLibrary">
<arg>${email_field}</arg>
<arg>${email}</arg>
<doc>Types the given ``text`` into the text field identified by ``locator``.</doc>
<msg timestamp="20231003 22:50:31.533" level="INFO">Typing text 'pedro.pradita.s@gmail.com' into text field 'id:username'.</msg>
<status status="PASS" starttime="20231003 22:50:31.532" endtime="20231003 22:50:31.657"/>
</kw>
<status status="PASS" starttime="20231003 22:50:31.495" endtime="20231003 22:50:31.657"/>
</kw>
<kw name="Input Password" library="login_keyword">
<arg>${password}</arg>
<kw name="Input Text" library="SeleniumLibrary">
<arg>${password_field}</arg>
<arg>${password}</arg>
<doc>Types the given ``text`` into the text field identified by ``locator``.</doc>
<msg timestamp="20231003 22:50:31.658" level="INFO">Typing text 'Testaha1!' into text field 'id:password'.</msg>
<status status="PASS" starttime="20231003 22:50:31.658" endtime="20231003 22:50:31.740"/>
</kw>
<status status="PASS" starttime="20231003 22:50:31.657" endtime="20231003 22:50:31.740"/>
</kw>
<kw name="Click Login Button" library="login_keyword">
<kw name="Click Element" library="SeleniumLibrary">
<arg>${continue_button}</arg>
<doc>Click the element identified by ``locator``.</doc>
<msg timestamp="20231003 22:50:31.741" level="INFO">Clicking element 'xpath:(//*[@type='submit'])[2]'.</msg>
<status status="PASS" starttime="20231003 22:50:31.740" endtime="20231003 22:50:36.783"/>
</kw>
<status status="PASS" starttime="20231003 22:50:31.740" endtime="20231003 22:50:36.783"/>
</kw>
<status status="PASS" starttime="20231003 22:50:21.715" endtime="20231003 22:50:36.783"/>
</kw>
<kw name="Logout Steps" library="logout_keyword">
<kw name="Click Profile Button" library="dashboard_keyword">
<kw name="Wait Until Element Is Visible" library="SeleniumLibrary">
<arg>${profile_button}</arg>
<arg>20s</arg>
<doc>Waits until the element ``locator`` is visible.</doc>
<status status="PASS" starttime="20231003 22:50:36.784" endtime="20231003 22:50:38.050"/>
</kw>
<kw name="Click Element" library="SeleniumLibrary">
<arg>${profile_button}</arg>
<doc>Click the element identified by ``locator``.</doc>
<msg timestamp="20231003 22:50:38.051" level="INFO">Clicking element 'css:div[aria-label='Profile']'.</msg>
<status status="PASS" starttime="20231003 22:50:38.051" endtime="20231003 22:50:38.114"/>
</kw>
<status status="PASS" starttime="20231003 22:50:36.784" endtime="20231003 22:50:38.114"/>
</kw>
<kw name="Click Settings Button" library="profile_keyword">
<kw name="Wait Until Element Is Enabled" library="SeleniumLibrary">
<arg>${settings_button}</arg>
<arg>5s</arg>
<doc>Waits until the element ``locator`` is enabled.</doc>
<status status="PASS" starttime="20231003 22:50:38.115" endtime="20231003 22:50:38.359"/>
</kw>
<kw name="Click Element" library="SeleniumLibrary">
<arg>${settings_button}</arg>
<doc>Click the element identified by ``locator``.</doc>
<msg timestamp="20231003 22:50:38.359" level="INFO">Clicking element 'css:a[href='/profile/settings']'.</msg>
<status status="PASS" starttime="20231003 22:50:38.359" endtime="20231003 22:50:38.413"/>
</kw>
<status status="PASS" starttime="20231003 22:50:38.114" endtime="20231003 22:50:38.413"/>
</kw>
<kw name="Click Logout Button" library="profile_keyword">
<kw name="Wait Until Element Is Enabled" library="SeleniumLibrary">
<arg>${settings_button}</arg>
<arg>5s</arg>
<doc>Waits until the element ``locator`` is enabled.</doc>
<status status="PASS" starttime="20231003 22:50:38.413" endtime="20231003 22:50:38.477"/>
</kw>
<kw name="Click Element" library="SeleniumLibrary">
<arg>${logout_button}</arg>
<doc>Click the element identified by ``locator``.</doc>
<msg timestamp="20231003 22:50:38.478" level="INFO">Clicking element 'xpath://button[normalize-space()='LOG OUT']'.</msg>
<status status="PASS" starttime="20231003 22:50:38.477" endtime="20231003 22:50:38.586"/>
</kw>
<status status="PASS" starttime="20231003 22:50:38.413" endtime="20231003 22:50:38.586"/>
</kw>
<kw name="Click Yes Button" library="profile_keyword">
<kw name="Click Element" library="SeleniumLibrary">
<arg>${yes_button}</arg>
<doc>Click the element identified by ``locator``.</doc>
<msg timestamp="20231003 22:50:38.587" level="INFO">Clicking element 'xpath://button[normalize-space()='Yes']'.</msg>
<status status="PASS" starttime="20231003 22:50:38.586" endtime="20231003 22:50:39.450"/>
</kw>
<status status="PASS" starttime="20231003 22:50:38.586" endtime="20231003 22:50:39.450"/>
</kw>
<status status="PASS" starttime="20231003 22:50:36.783" endtime="20231003 22:50:39.451"/>
</kw>
<kw name="Wait Text after Logout is Visible" library="logout_keyword">
<kw name="Wait Until Element Is Visible" library="SeleniumLibrary">
<arg>${success_logout_text}</arg>
<arg>10</arg>
<doc>Waits until the element ``locator`` is visible.</doc>
<status status="PASS" starttime="20231003 22:50:39.451" endtime="20231003 22:50:39.598"/>
</kw>
<kw name="Run Keyword And Return Status" library="BuiltIn">
<var>${visibility_status}</var>
<arg>element should be visible</arg>
<arg>${success_logout_text}</arg>
<doc>Runs the given keyword with given arguments and returns the status as a Boolean value.</doc>
<kw name="Element Should Be Visible" library="SeleniumLibrary">
<arg>${success_logout_text}</arg>
<doc>Verifies that the element identified by ``locator`` is visible.</doc>
<msg timestamp="20231003 22:50:39.614" level="INFO">Element 'xpath://h5[contains(@class, 'MuiTypography-h5')]' is displayed.</msg>
<status status="PASS" starttime="20231003 22:50:39.598" endtime="20231003 22:50:39.614"/>
</kw>
<msg timestamp="20231003 22:50:39.615" level="INFO">${visibility_status} = True</msg>
<status status="PASS" starttime="20231003 22:50:39.598" endtime="20231003 22:50:39.615"/>
</kw>
<status status="PASS" starttime="20231003 22:50:39.451" endtime="20231003 22:50:39.615"/>
</kw>
<kw name="Get Text after Logout" library="logout_keyword">
<var>${text_after_logout}</var>
<kw name="Get Text" library="SeleniumLibrary">
<var>${text}</var>
<arg>${success_logout_text}</arg>
<doc>Returns the text value of the element identified by ``locator``.</doc>
<msg timestamp="20231003 22:50:39.644" level="INFO">${text} = Login to Practice</msg>
<status status="PASS" starttime="20231003 22:50:39.615" endtime="20231003 22:50:39.644"/>
</kw>
<msg timestamp="20231003 22:50:39.644" level="INFO">${text_after_logout} = Login to Practice</msg>
<status status="PASS" starttime="20231003 22:50:39.615" endtime="20231003 22:50:39.644"/>
</kw>
<kw name="Should Be Equal" library="BuiltIn">
<arg>${text_after_logout}</arg>
<arg>${expected_after_logout_text}</arg>
<doc>Fails if the given objects are unequal.</doc>
<status status="PASS" starttime="20231003 22:50:39.644" endtime="20231003 22:50:39.645"/>
</kw>
<kw name="Close Browser" library="base_keyword" type="TEARDOWN">
<kw name="Close All Browsers" library="SeleniumLibrary">
<doc>Closes all open browsers and resets the browser cache.</doc>
<status status="PASS" starttime="20231003 22:50:39.646" endtime="20231003 22:50:39.765"/>
</kw>
<status status="PASS" starttime="20231003 22:50:39.646" endtime="20231003 22:50:39.765"/>
</kw>
<doc>Success logout with email</doc>
<tag>logout</tag>
<tag>regression</tag>
<status status="PASS" starttime="20231003 22:50:21.714" endtime="20231003 22:50:39.765"/>
</test>
<test id="s1-s2-t2" name="Logout With Google OAuth" line="26">
<kw name="Success Login with Google OAuth" library="login_keyword">
<arg>${${environment}_url}</arg>
<arg>${browser_chrome}</arg>
<arg>${email_google}</arg>
<arg>${password}</arg>
<kw name="Open Home Page" library="base_keyword">
<arg>${SiteUrl}</arg>
<arg>${Browser}</arg>
<kw name="Open Browser" library="SeleniumLibrary">
<arg>${SiteUrl}</arg>
<arg>${Browser}</arg>
<doc>Opens a new browser instance to the optional ``url``.</doc>
<msg timestamp="20231003 22:50:39.768" level="INFO">Opening browser 'headless chrome' to base url 'https://earnaha.com/'.</msg>
<status status="PASS" starttime="20231003 22:50:39.767" endtime="20231003 22:50:45.732"/>
</kw>
<kw name="Maximize Browser Window" library="SeleniumLibrary">
<doc>Maximizes current browser window.</doc>
<status status="PASS" starttime="20231003 22:50:45.733" endtime="20231003 22:50:46.215"/>
</kw>
<status status="PASS" starttime="20231003 22:50:39.767" endtime="20231003 22:50:46.215"/>
</kw>
<kw name="Click Login Button Home Page" library="login_keyword">
<kw name="Click Element" library="SeleniumLibrary">
<arg>${login_button}</arg>
<doc>Click the element identified by ``locator``.</doc>
<msg timestamp="20231003 22:50:46.218" level="INFO">Clicking element 'xpath:(//a[contains(@href, '/login')])[1]'.</msg>
<status status="PASS" starttime="20231003 22:50:46.216" endtime="20231003 22:50:47.990"/>
</kw>
<status status="PASS" starttime="20231003 22:50:46.216" endtime="20231003 22:50:47.990"/>
</kw>
<kw name="Click Google 0Auth Button" library="login_keyword">
<kw name="Click Element" library="SeleniumLibrary">
<arg>${google_0auth_button}</arg>
<doc>Click the element identified by ``locator``.</doc>
<msg timestamp="20231003 22:50:47.992" level="INFO">Clicking element 'xpath:(//*[@type='submit'])[3]'.</msg>
<status status="PASS" starttime="20231003 22:50:47.991" endtime="20231003 22:50:49.393"/>
</kw>
<status status="PASS" starttime="20231003 22:50:47.991" endtime="20231003 22:50:49.394"/>
</kw>
<kw name="Input Email Google" library="login_keyword">
<arg>${email_google}</arg>
<kw name="Wait Until Element Is Visible" library="SeleniumLibrary">
<arg>${email_google_field}</arg>
<doc>Waits until the element ``locator`` is visible.</doc>
<status status="PASS" starttime="20231003 22:50:49.394" endtime="20231003 22:50:49.443"/>
</kw>
<kw name="Input Text" library="SeleniumLibrary">
<arg>${email_google_field}</arg>
<arg>${email}</arg>
<doc>Types the given ``text`` into the text field identified by ``locator``.</doc>
<msg timestamp="20231003 22:50:49.443" level="INFO">Typing text 'pedro.pradita.aha@gmail.com' into text field 'id:identifierId'.</msg>
<status status="PASS" starttime="20231003 22:50:49.443" endtime="20231003 22:50:49.762"/>
</kw>
<status status="PASS" starttime="20231003 22:50:49.394" endtime="20231003 22:50:49.762"/>
</kw>
<kw name="Click Next Email Button" library="login_keyword">
<kw name="Click Element" library="SeleniumLibrary">
<arg>${next_button}</arg>
<doc>Click the element identified by ``locator``.</doc>
<msg timestamp="20231003 22:50:49.763" level="INFO">Clicking element 'id:identifierNext'.</msg>
<status status="PASS" starttime="20231003 22:50:49.762" endtime="20231003 22:50:49.955"/>
</kw>
<status status="PASS" starttime="20231003 22:50:49.762" endtime="20231003 22:50:49.955"/>
</kw>
<kw name="Input Password Google" library="login_keyword">
<arg>${password}</arg>
<kw name="Wait Until Element Is Visible" library="SeleniumLibrary">
<arg>${password_google_field}</arg>
<doc>Waits until the element ``locator`` is visible.</doc>
<status status="PASS" starttime="20231003 22:50:49.955" endtime="20231003 22:50:51.096"/>
</kw>
<kw name="Input Text" library="SeleniumLibrary">
<arg>${password_google_field}</arg>
<arg>${password}</arg>
<doc>Types the given ``text`` into the text field identified by ``locator``.</doc>
<msg timestamp="20231003 22:50:51.097" level="INFO">Typing text 'Testaha1!' into text field 'css:input[name='Passwd']'.</msg>
<status status="PASS" starttime="20231003 22:50:51.097" endtime="20231003 22:50:51.186"/>
</kw>
<status status="PASS" starttime="20231003 22:50:49.955" endtime="20231003 22:50:51.186"/>
</kw>
<kw name="Click Next Password Button" library="login_keyword">
<kw name="Click Element" library="SeleniumLibrary">
<arg>${next_password_button}</arg>
<doc>Click the element identified by ``locator``.</doc>
<msg timestamp="20231003 22:50:51.187" level="INFO">Clicking element 'id:passwordNext'.</msg>
<status status="PASS" starttime="20231003 22:50:51.187" endtime="20231003 22:50:51.373"/>
</kw>
<status status="PASS" starttime="20231003 22:50:51.186" endtime="20231003 22:50:51.373"/>
</kw>
<status status="PASS" starttime="20231003 22:50:39.766" endtime="20231003 22:50:51.373"/>
</kw>
<kw name="Logout Steps" library="logout_keyword">
<kw name="Click Profile Button" library="dashboard_keyword">
<kw name="Wait Until Element Is Visible" library="SeleniumLibrary">
<arg>${profile_button}</arg>
<arg>20s</arg>
<doc>Waits until the element ``locator`` is visible.</doc>
<status status="PASS" starttime="20231003 22:50:51.374" endtime="20231003 22:50:59.033"/>
</kw>
<kw name="Click Element" library="SeleniumLibrary">
<arg>${profile_button}</arg>
<doc>Click the element identified by ``locator``.</doc>
<msg timestamp="20231003 22:50:59.034" level="INFO">Clicking element 'css:div[aria-label='Profile']'.</msg>
<status status="PASS" starttime="20231003 22:50:59.033" endtime="20231003 22:50:59.098"/>
</kw>
<status status="PASS" starttime="20231003 22:50:51.373" endtime="20231003 22:50:59.099"/>
</kw>
<kw name="Click Settings Button" library="profile_keyword">
<kw name="Wait Until Element Is Enabled" library="SeleniumLibrary">
<arg>${settings_button}</arg>
<arg>5s</arg>
<doc>Waits until the element ``locator`` is enabled.</doc>
<status status="PASS" starttime="20231003 22:50:59.099" endtime="20231003 22:50:59.637"/>
</kw>
<kw name="Click Element" library="SeleniumLibrary">
<arg>${settings_button}</arg>
<doc>Click the element identified by ``locator``.</doc>
<msg timestamp="20231003 22:50:59.638" level="INFO">Clicking element 'css:a[href='/profile/settings']'.</msg>
<status status="PASS" starttime="20231003 22:50:59.637" endtime="20231003 22:50:59.691"/>
</kw>
<status status="PASS" starttime="20231003 22:50:59.099" endtime="20231003 22:50:59.691"/>
</kw>
<kw name="Click Logout Button" library="profile_keyword">
<kw name="Wait Until Element Is Enabled" library="SeleniumLibrary">
<arg>${settings_button}</arg>
<arg>5s</arg>
<doc>Waits until the element ``locator`` is enabled.</doc>
<status status="PASS" starttime="20231003 22:50:59.692" endtime="20231003 22:50:59.718"/>
</kw>
<kw name="Click Element" library="SeleniumLibrary">
<arg>${logout_button}</arg>
<doc>Click the element identified by ``locator``.</doc>
<msg timestamp="20231003 22:50:59.719" level="INFO">Clicking element 'xpath://button[normalize-space()='LOG OUT']'.</msg>
<status status="PASS" starttime="20231003 22:50:59.719" endtime="20231003 22:50:59.872"/>
</kw>
<status status="PASS" starttime="20231003 22:50:59.691" endtime="20231003 22:50:59.872"/>
</kw>
<kw name="Click Yes Button" library="profile_keyword">
<kw name="Click Element" library="SeleniumLibrary">
<arg>${yes_button}</arg>
<doc>Click the element identified by ``locator``.</doc>
<msg timestamp="20231003 22:50:59.873" level="INFO">Clicking element 'xpath://button[normalize-space()='Yes']'.</msg>
<status status="PASS" starttime="20231003 22:50:59.872" endtime="20231003 22:51:00.513"/>
</kw>
<status status="PASS" starttime="20231003 22:50:59.872" endtime="20231003 22:51:00.513"/>
</kw>
<status status="PASS" starttime="20231003 22:50:51.373" endtime="20231003 22:51:00.513"/>
</kw>
<kw name="Wait Text after Logout is Visible" library="logout_keyword">
<kw name="Wait Until Element Is Visible" library="SeleniumLibrary">
<arg>${success_logout_text}</arg>
<arg>10</arg>
<doc>Waits until the element ``locator`` is visible.</doc>
<status status="PASS" starttime="20231003 22:51:00.513" endtime="20231003 22:51:00.655"/>
</kw>
<kw name="Run Keyword And Return Status" library="BuiltIn">
<var>${visibility_status}</var>
<arg>element should be visible</arg>
<arg>${success_logout_text}</arg>
<doc>Runs the given keyword with given arguments and returns the status as a Boolean value.</doc>
<kw name="Element Should Be Visible" library="SeleniumLibrary">
<arg>${success_logout_text}</arg>
<doc>Verifies that the element identified by ``locator`` is visible.</doc>
<msg timestamp="20231003 22:51:00.668" level="INFO">Element 'xpath://h5[contains(@class, 'MuiTypography-h5')]' is displayed.</msg>
<status status="PASS" starttime="20231003 22:51:00.656" endtime="20231003 22:51:00.668"/>
</kw>
<msg timestamp="20231003 22:51:00.668" level="INFO">${visibility_status} = True</msg>
<status status="PASS" starttime="20231003 22:51:00.655" endtime="20231003 22:51:00.668"/>
</kw>
<status status="PASS" starttime="20231003 22:51:00.513" endtime="20231003 22:51:00.668"/>
</kw>
<kw name="Get Text after Logout" library="logout_keyword">
<var>${text_after_logout}</var>
<kw name="Get Text" library="SeleniumLibrary">
<var>${text}</var>
<arg>${success_logout_text}</arg>
<doc>Returns the text value of the element identified by ``locator``.</doc>
<msg timestamp="20231003 22:51:00.687" level="INFO">${text} = Login to Practice</msg>
<status status="PASS" starttime="20231003 22:51:00.668" endtime="20231003 22:51:00.687"/>
</kw>
<msg timestamp="20231003 22:51:00.687" level="INFO">${text_after_logout} = Login to Practice</msg>
<status status="PASS" starttime="20231003 22:51:00.668" endtime="20231003 22:51:00.687"/>
</kw>
<kw name="Should Be Equal" library="BuiltIn">
<arg>${text_after_logout}</arg>
<arg>${expected_after_logout_text}</arg>
<doc>Fails if the given objects are unequal.</doc>
<status status="PASS" starttime="20231003 22:51:00.687" endtime="20231003 22:51:00.688"/>
</kw>
<kw name="Close Browser" library="base_keyword" type="TEARDOWN">
<kw name="Close All Browsers" library="SeleniumLibrary">
<doc>Closes all open browsers and resets the browser cache.</doc>
<status status="PASS" starttime="20231003 22:51:00.688" endtime="20231003 22:51:00.808"/>
</kw>
<status status="PASS" starttime="20231003 22:51:00.688" endtime="20231003 22:51:00.808"/>
</kw>
<doc>Success logout with GoogleOAuth</doc>
<tag>logout</tag>
<tag>regression</tag>
<status status="PASS" starttime="20231003 22:50:39.766" endtime="20231003 22:51:00.808"/>
</test>
<doc>Logout Functionality</doc>
<status status="PASS" starttime="20231003 22:50:21.692" endtime="20231003 22:51:00.808"/>
</suite>
<suite id="s1-s3" name="Profile" source="/Users/pedropradita/PycharmProjects/aha/tests/profile.robot">
<kw name="Set Implicit Wait Globally" library="base_keyword" type="SETUP">
<kw name="Set Selenium Implicit Wait" library="SeleniumLibrary">
<arg>20s</arg>
<doc>Sets the implicit wait value used by Selenium.</doc>
<status status="PASS" starttime="20231003 22:51:00.830" endtime="20231003 22:51:00.830"/>
</kw>
<status status="PASS" starttime="20231003 22:51:00.830" endtime="20231003 22:51:00.830"/>
</kw>
<test id="s1-s3-t1" name="Edit birthday date" line="17">
<kw name="Success Login with Email" library="login_keyword" type="SETUP">
<arg>${${environment}_url}</arg>
<arg>${browser_chrome}</arg>
<arg>${email}</arg>
<arg>${password}</arg>
<kw name="Open Home Page" library="base_keyword">
<arg>${SiteUrl}</arg>
<arg>${Browser}</arg>
<kw name="Open Browser" library="SeleniumLibrary">
<arg>${SiteUrl}</arg>
<arg>${Browser}</arg>
<doc>Opens a new browser instance to the optional ``url``.</doc>
<msg timestamp="20231003 22:51:00.832" level="INFO">Opening browser 'headless chrome' to base url 'https://earnaha.com/'.</msg>
<status status="PASS" starttime="20231003 22:51:00.832" endtime="20231003 22:51:07.241"/>
</kw>
<kw name="Maximize Browser Window" library="SeleniumLibrary">
<doc>Maximizes current browser window.</doc>
<status status="PASS" starttime="20231003 22:51:07.242" endtime="20231003 22:51:07.733"/>
</kw>
<status status="PASS" starttime="20231003 22:51:00.831" endtime="20231003 22:51:07.733"/>
</kw>
<kw name="Click Login Button Home Page" library="login_keyword">
<kw name="Click Element" library="SeleniumLibrary">
<arg>${login_button}</arg>
<doc>Click the element identified by ``locator``.</doc>
<msg timestamp="20231003 22:51:07.736" level="INFO">Clicking element 'xpath:(//a[contains(@href, '/login')])[1]'.</msg>
<status status="PASS" starttime="20231003 22:51:07.734" endtime="20231003 22:51:09.337"/>
</kw>
<status status="PASS" starttime="20231003 22:51:07.734" endtime="20231003 22:51:09.337"/>
</kw>
<kw name="Input Username" library="login_keyword">
<arg>${email}</arg>
<kw name="Wait Until Element Is Visible" library="SeleniumLibrary">
<arg>${email_field}</arg>
<doc>Waits until the element ``locator`` is visible.</doc>
<status status="PASS" starttime="20231003 22:51:09.337" endtime="20231003 22:51:09.365"/>
</kw>
<kw name="Input Text" library="SeleniumLibrary">
<arg>${email_field}</arg>
<arg>${email}</arg>
<doc>Types the given ``text`` into the text field identified by ``locator``.</doc>
<msg timestamp="20231003 22:51:09.366" level="INFO">Typing text 'pedro.pradita.s@gmail.com' into text field 'id:username'.</msg>
<status status="PASS" starttime="20231003 22:51:09.365" endtime="20231003 22:51:09.461"/>
</kw>
<status status="PASS" starttime="20231003 22:51:09.337" endtime="20231003 22:51:09.461"/>
</kw>
<kw name="Input Password" library="login_keyword">
<arg>${password}</arg>
<kw name="Input Text" library="SeleniumLibrary">
<arg>${password_field}</arg>
<arg>${password}</arg>
<doc>Types the given ``text`` into the text field identified by ``locator``.</doc>
<msg timestamp="20231003 22:51:09.462" level="INFO">Typing text 'Testaha1!' into text field 'id:password'.</msg>
<status status="PASS" starttime="20231003 22:51:09.462" endtime="20231003 22:51:09.534"/>
</kw>
<status status="PASS" starttime="20231003 22:51:09.461" endtime="20231003 22:51:09.534"/>
</kw>
<kw name="Click Login Button" library="login_keyword">
<kw name="Click Element" library="SeleniumLibrary">
<arg>${continue_button}</arg>
<doc>Click the element identified by ``locator``.</doc>
<msg timestamp="20231003 22:51:09.535" level="INFO">Clicking element 'xpath:(//*[@type='submit'])[2]'.</msg>
<status status="PASS" starttime="20231003 22:51:09.535" endtime="20231003 22:51:15.157"/>
</kw>
<status status="PASS" starttime="20231003 22:51:09.534" endtime="20231003 22:51:15.157"/>
</kw>
<status status="PASS" starttime="20231003 22:51:00.831" endtime="20231003 22:51:15.157"/>
</kw>
<kw name="Click Profile Button" library="dashboard_keyword">
<kw name="Wait Until Element Is Visible" library="SeleniumLibrary">
<arg>${profile_button}</arg>
<arg>20s</arg>
<doc>Waits until the element ``locator`` is visible.</doc>
<status status="PASS" starttime="20231003 22:51:15.158" endtime="20231003 22:51:16.200"/>
</kw>
<kw name="Click Element" library="SeleniumLibrary">
<arg>${profile_button}</arg>
<doc>Click the element identified by ``locator``.</doc>
<msg timestamp="20231003 22:51:16.201" level="INFO">Clicking element 'css:div[aria-label='Profile']'.</msg>
<status status="PASS" starttime="20231003 22:51:16.201" endtime="20231003 22:51:16.276"/>
</kw>
<status status="PASS" starttime="20231003 22:51:15.157" endtime="20231003 22:51:16.276"/>
</kw>
<kw name="Click Edit Profile Button" library="profile_keyword">
<kw name="Wait Until Element Is Enabled" library="SeleniumLibrary">
<arg>${edit_profile_button}</arg>
<arg>5s</arg>
<doc>Waits until the element ``locator`` is enabled.</doc>
<status status="PASS" starttime="20231003 22:51:16.277" endtime="20231003 22:51:16.506"/>
</kw>
<kw name="Click Element" library="SeleniumLibrary">
<arg>${edit_profile_button}</arg>
<doc>Click the element identified by ``locator``.</doc>
<msg timestamp="20231003 22:51:16.506" level="INFO">Clicking element 'css:a[href='/profile/account/edit']'.</msg>
<status status="PASS" starttime="20231003 22:51:16.506" endtime="20231003 22:51:16.583"/>
</kw>
<status status="PASS" starttime="20231003 22:51:16.276" endtime="20231003 22:51:16.583"/>
</kw>
<kw name="Click Birthday Button" library="profile_keyword">
<kw name="Is Visible Birthday Field" library="profile_keyword">
<kw name="Wait Until Element Is Visible" library="SeleniumLibrary">
<arg>${birthday_field}</arg>
<arg>5s</arg>
<doc>Waits until the element ``locator`` is visible.</doc>
<status status="PASS" starttime="20231003 22:51:16.584" endtime="20231003 22:51:17.446"/>
</kw>
<status status="PASS" starttime="20231003 22:51:16.584" endtime="20231003 22:51:17.446"/>
</kw>
<kw name="Click Element" library="SeleniumLibrary">
<arg>${birthday_field}</arg>
<doc>Click the element identified by ``locator``.</doc>
<msg timestamp="20231003 22:51:17.446" level="INFO">Clicking element 'css:input[name='birthday']'.</msg>
<status status="PASS" starttime="20231003 22:51:17.446" endtime="20231003 22:51:17.541"/>
</kw>
<status status="PASS" starttime="20231003 22:51:16.583" endtime="20231003 22:51:17.541"/>
</kw>
<kw name="Random from List" library="common_keyword">
<var>${random_month}</var>
<arg>${month_names}</arg>
<kw name="Evaluate" library="BuiltIn">
<var>${random_list}</var>
<arg>random.choice(${lists})</arg>
<doc>Evaluates the given expression in Python and returns the result.</doc>
<msg timestamp="20231003 22:51:17.542" level="INFO">${random_list} = February</msg>
<status status="PASS" starttime="20231003 22:51:17.542" endtime="20231003 22:51:17.542"/>
</kw>
<msg timestamp="20231003 22:51:17.542" level="INFO">${random_month} = February</msg>
<status status="PASS" starttime="20231003 22:51:17.541" endtime="20231003 22:51:17.542"/>
</kw>
<kw name="Random from Range Number" library="common_keyword">
<var>${random_date}</var>
<arg>${start_date}</arg>
<arg>${end_date}</arg>
<kw name="Evaluate" library="BuiltIn">
<var>${random_number}</var>
<arg>random.randint(${start}, ${end})</arg>
<doc>Evaluates the given expression in Python and returns the result.</doc>
<msg timestamp="20231003 22:51:17.543" level="INFO">${random_number} = 4</msg>
<status status="PASS" starttime="20231003 22:51:17.543" endtime="20231003 22:51:17.543"/>
</kw>
<msg timestamp="20231003 22:51:17.543" level="INFO">${random_date} = 4</msg>
<status status="PASS" starttime="20231003 22:51:17.542" endtime="20231003 22:51:17.543"/>
</kw>
<kw name="Random from Range Number" library="common_keyword">
<var>${random_year}</var>
<arg>${start_year}</arg>
<arg>${end_year}</arg>
<kw name="Evaluate" library="BuiltIn">
<var>${random_number}</var>
<arg>random.randint(${start}, ${end})</arg>
<doc>Evaluates the given expression in Python and returns the result.</doc>
<msg timestamp="20231003 22:51:17.544" level="INFO">${random_number} = 2022</msg>
<status status="PASS" starttime="20231003 22:51:17.543" endtime="20231003 22:51:17.544"/>
</kw>
<msg timestamp="20231003 22:51:17.544" level="INFO">${random_year} = 2022</msg>
<status status="PASS" starttime="20231003 22:51:17.543" endtime="20231003 22:51:17.544"/>
</kw>
<kw name="Log To Console" library="BuiltIn">
<arg>\nRandom date: ${random_date} \nRandom month: ${random_month} \nRandom year: ${random_year}</arg>
<doc>Logs the given message to the console.</doc>
<status status="PASS" starttime="20231003 22:51:17.544" endtime="20231003 22:51:17.544"/>
</kw>
<kw name="Catenate" library="BuiltIn">
<var>${random_month_year}</var>
<arg>${random_month}</arg>
<arg>${random_year}</arg>
<doc>Catenates the given items together and returns the resulted string.</doc>
<msg timestamp="20231003 22:51:17.544" level="INFO">${random_month_year} = February 2022</msg>
<status status="PASS" starttime="20231003 22:51:17.544" endtime="20231003 22:51:17.544"/>
</kw>
<kw name="Catenate" library="BuiltIn">
<var>${random_date_month_year}</var>
<arg>${random_date}</arg>
<arg>${random_month}</arg>
<arg>${random_year}</arg>
<doc>Catenates the given items together and returns the resulted string.</doc>
<msg timestamp="20231003 22:51:17.545" level="INFO">${random_date_month_year} = 4 February 2022</msg>
<status status="PASS" starttime="20231003 22:51:17.545" endtime="20231003 22:51:17.545"/>
</kw>
<kw name="Log To Console" library="BuiltIn">
<arg>\nCombine random month year: ${random_month_year} \nCombine random date month year: ${random_date_month_year}</arg>
<doc>Logs the given message to the console.</doc>
<status status="PASS" starttime="20231003 22:51:17.545" endtime="20231003 22:51:17.545"/>
</kw>
<kw name="Get Text" library="SeleniumLibrary">
<var>${current_month_year}</var>
<arg>${month_year_text_calendar}</arg>
<doc>Returns the text value of the element identified by ``locator``.</doc>
<msg timestamp="20231003 22:51:17.571" level="INFO">${current_month_year} = November 2022</msg>
<status status="PASS" starttime="20231003 22:51:17.545" endtime="20231003 22:51:17.571"/>
</kw>
<kw name="Set Variable" library="BuiltIn">
<var>${current_year}</var>
<arg>${current_month_year.split()[1]}</arg>
<doc>Returns the given values which can then be assigned to a variables.</doc>
<msg timestamp="20231003 22:51:17.573" level="INFO">${current_year} = 2022</msg>
<status status="PASS" starttime="20231003 22:51:17.572" endtime="20231003 22:51:17.573"/>
</kw>
<kw name="Log To Console" library="BuiltIn">
<arg>\nCurrent month year: ${current_month_year} \nCurrent year: ${current_year}</arg>
<doc>Logs the given message to the console.</doc>
<status status="PASS" starttime="20231003 22:51:17.573" endtime="20231003 22:51:17.573"/>
</kw>
<kw name="Get Value" library="SeleniumLibrary">
<var>${birthday_field_text}</var>
<arg>${birthday_field}</arg>
<doc>Returns the value attribute of the element identified by ``locator``.</doc>
<msg timestamp="20231003 22:51:17.601" level="INFO">${birthday_field_text} = 02/11/22</msg>
<status status="PASS" starttime="20231003 22:51:17.573" endtime="20231003 22:51:17.601"/>
</kw>
<kw name="Log To Console" library="BuiltIn">
<arg>\nDate on field: ${birthday_field_text}</arg>
<doc>Logs the given message to the console.</doc>
<status status="PASS" starttime="20231003 22:51:17.601" endtime="20231003 22:51:17.601"/>
</kw>
<kw name="Set Variable" library="BuiltIn">
<var>${current_birthday_field_text}</var>
<arg>${birthday_field_text}</arg>
<doc>Returns the given values which can then be assigned to a variables.</doc>
<msg timestamp="20231003 22:51:17.602" level="INFO">${current_birthday_field_text} = 02/11/22</msg>
<status status="PASS" starttime="20231003 22:51:17.602" endtime="20231003 22:51:17.602"/>
</kw>
<kw name="Set Variable" library="BuiltIn">
<var>${formatted_current_date}</var>
<arg>${EMPTY}</arg>
<doc>Returns the given values which can then be assigned to a variables.</doc>
<msg timestamp="20231003 22:51:17.604" level="INFO">${formatted_current_date} = </msg>
<status status="PASS" starttime="20231003 22:51:17.602" endtime="20231003 22:51:17.604"/>
</kw>
<kw name="Run Keyword And Return Status" library="BuiltIn">
<var>${is_not_empty}</var>
<arg>Should Not Be Empty</arg>
<arg>${current_birthday_field_text}</arg>
<doc>Runs the given keyword with given arguments and returns the status as a Boolean value.</doc>
<kw name="Should Not Be Empty" library="BuiltIn">
<arg>${current_birthday_field_text}</arg>
<doc>Verifies that the given item is not empty.</doc>
<msg timestamp="20231003 22:51:17.605" level="INFO">Length is 8</msg>
<status status="PASS" starttime="20231003 22:51:17.605" endtime="20231003 22:51:17.605"/>
</kw>
<msg timestamp="20231003 22:51:17.606" level="INFO">${is_not_empty} = True</msg>
<status status="PASS" starttime="20231003 22:51:17.605" endtime="20231003 22:51:17.606"/>
</kw>
<if>
<branch type="IF" condition="${is_not_empty}">
<kw name="Split and Format Date" library="common_keyword">
<var>${formatted_current_date}</var>
<arg>${current_birthday_field_text}</arg>
<kw name="Split String" library="String">
<var>${date_parts}</var>
<arg>${date}</arg>
<arg>/</arg>
<doc>Splits the ``string`` using ``separator`` as a delimiter string.</doc>
<msg timestamp="20231003 22:51:17.607" level="INFO">${date_parts} = ['02', '11', '22']</msg>
<status status="PASS" starttime="20231003 22:51:17.607" endtime="20231003 22:51:17.607"/>
</kw>
<kw name="Set Variable" library="BuiltIn">
<var>${day}</var>
<arg>${date_parts[0]}</arg>
<doc>Returns the given values which can then be assigned to a variables.</doc>
<msg timestamp="20231003 22:51:17.609" level="INFO">${day} = 02</msg>
<status status="PASS" starttime="20231003 22:51:17.608" endtime="20231003 22:51:17.609"/>
</kw>
<kw name="Set Variable" library="BuiltIn">
<var>${month}</var>
<arg>${date_parts[1]}</arg>
<doc>Returns the given values which can then be assigned to a variables.</doc>
<msg timestamp="20231003 22:51:17.611" level="INFO">${month} = 11</msg>
<status status="PASS" starttime="20231003 22:51:17.609" endtime="20231003 22:51:17.611"/>
</kw>
<kw name="Set Variable" library="BuiltIn">
<var>${year}</var>
<arg>${date_parts[2]}</arg>
<doc>Returns the given values which can then be assigned to a variables.</doc>
<msg timestamp="20231003 22:51:17.612" level="INFO">${year} = 22</msg>
<status status="PASS" starttime="20231003 22:51:17.611" endtime="20231003 22:51:17.612"/>
</kw>
<kw name="Evaluate" library="BuiltIn">
<var>${finally_day}</var>
<arg>"${day}".lstrip("0")</arg>
<doc>Evaluates the given expression in Python and returns the result.</doc>
<msg timestamp="20231003 22:51:17.612" level="INFO">${finally_day} = 2</msg>
<status status="PASS" starttime="20231003 22:51:17.612" endtime="20231003 22:51:17.612"/>
</kw>
<kw name="Set Variable" library="BuiltIn">
<var>${formatted_date}</var>
<arg>${finally_day}</arg>
<doc>Returns the given values which can then be assigned to a variables.</doc>
<msg timestamp="20231003 22:51:17.613" level="INFO">${formatted_date} = 2</msg>
<status status="PASS" starttime="20231003 22:51:17.612" endtime="20231003 22:51:17.613"/>
</kw>
<msg timestamp="20231003 22:51:17.630" level="INFO">${formatted_current_date} = 2</msg>
<status status="PASS" starttime="20231003 22:51:17.606" endtime="20231003 22:51:17.630"/>
</kw>
<kw name="Log To Console" library="BuiltIn">
<arg>\nFormatted Date: ${formatted_current_date}</arg>
<doc>Logs the given message to the console.</doc>
<status status="PASS" starttime="20231003 22:51:17.630" endtime="20231003 22:51:17.631"/>
</kw>
<status status="PASS" starttime="20231003 22:51:17.606" endtime="20231003 22:51:17.631"/>
</branch>
<branch type="ELSE">
<kw name="Log To Console" library="BuiltIn">
<arg>The birthday field is empty</arg>
<doc>Logs the given message to the console.</doc>
<status status="NOT RUN" starttime="20231003 22:51:17.631" endtime="20231003 22:51:17.631"/>
</kw>
<status status="NOT RUN" starttime="20231003 22:51:17.631" endtime="20231003 22:51:17.631"/>
</branch>
<status status="PASS" starttime="20231003 22:51:17.606" endtime="20231003 22:51:17.631"/>
</if>
<kw name="Click Previous or Next Button until Date Found" library="common_keyword">
<var>${target_date}</var>
<arg>${random_month_year}</arg>
<for flavor="IN RANGE">
<var>${i}</var>
<value>${max_attempts}</value>
<iter>
<var name="${i}">0</var>
<kw name="Get Text" library="SeleniumLibrary">
<var>${current_month_year}</var>
<arg>${month_year_text_calendar}</arg>
<doc>Returns the text value of the element identified by ``locator``.</doc>
<msg timestamp="20231003 22:51:17.648" level="INFO">${current_month_year} = November 2022</msg>
<status status="PASS" starttime="20231003 22:51:17.632" endtime="20231003 22:51:17.648"/>
</kw>
<kw name="Convert Date" library="DateTime">
<var>${convert_random_month_year}</var>
<arg>${random_month_year}</arg>
<arg>date_format=%B %Y</arg>
<doc>Converts between supported `date formats`.</doc>
<msg timestamp="20231003 22:51:17.654" level="INFO">${convert_random_month_year} = 2022-02-01 00:00:00.000</msg>
<status status="PASS" starttime="20231003 22:51:17.648" endtime="20231003 22:51:17.654"/>
</kw>
<kw name="Convert Date" library="DateTime">
<var>${convert_current_month_year}</var>
<arg>${current_month_year}</arg>
<arg>date_format=%B %Y</arg>
<doc>Converts between supported `date formats`.</doc>
<msg timestamp="20231003 22:51:17.654" level="INFO">${convert_current_month_year} = 2022-11-01 00:00:00.000</msg>
<status status="PASS" starttime="20231003 22:51:17.654" endtime="20231003 22:51:17.654"/>
</kw>
<kw name="Run Keyword If" library="BuiltIn">
<arg>'${convert_current_month_year}' == '${convert_random_month_year}'</arg>
<arg>Exit For Loop</arg>
<doc>Runs the given keyword with the given arguments, if ``condition`` is true.</doc>
<status status="PASS" starttime="20231003 22:51:17.655" endtime="20231003 22:51:17.655"/>
</kw>
<kw name="Run Keyword If" library="BuiltIn">
<arg>'${convert_random_month_year}' &gt; '${convert_current_month_year}'</arg>
<arg>Click Element</arg>
<arg>${calendar_next_button}</arg>
<arg>ELSE</arg>
<arg>Click Element</arg>
<arg>${calendar_previous_button}</arg>
<doc>Runs the given keyword with the given arguments, if ``condition`` is true.</doc>
<kw name="Click Element" library="SeleniumLibrary">
<arg>${calendar_previous_button}</arg>
<doc>Click the element identified by ``locator``.</doc>
<msg timestamp="20231003 22:51:17.655" level="INFO">Clicking element 'xpath://button[@title='Previous month']'.</msg>
<status status="PASS" starttime="20231003 22:51:17.655" endtime="20231003 22:51:17.736"/>
</kw>
<status status="PASS" starttime="20231003 22:51:17.655" endtime="20231003 22:51:17.736"/>
</kw>
<status status="PASS" starttime="20231003 22:51:17.632" endtime="20231003 22:51:17.736"/>
</iter>
<iter>
<var name="${i}">1</var>
<kw name="Get Text" library="SeleniumLibrary">
<var>${current_month_year}</var>
<arg>${month_year_text_calendar}</arg>
<doc>Returns the text value of the element identified by ``locator``.</doc>
<msg timestamp="20231003 22:51:17.753" level="INFO">${current_month_year} = October 2022</msg>
<status status="PASS" starttime="20231003 22:51:17.736" endtime="20231003 22:51:17.753"/>
</kw>
<kw name="Convert Date" library="DateTime">
<var>${convert_random_month_year}</var>
<arg>${random_month_year}</arg>
<arg>date_format=%B %Y</arg>
<doc>Converts between supported `date formats`.</doc>
<msg timestamp="20231003 22:51:17.753" level="INFO">${convert_random_month_year} = 2022-02-01 00:00:00.000</msg>
<status status="PASS" starttime="20231003 22:51:17.753" endtime="20231003 22:51:17.753"/>
</kw>
<kw name="Convert Date" library="DateTime">
<var>${convert_current_month_year}</var>
<arg>${current_month_year}</arg>
<arg>date_format=%B %Y</arg>
<doc>Converts between supported `date formats`.</doc>
<msg timestamp="20231003 22:51:17.753" level="INFO">${convert_current_month_year} = 2022-10-01 00:00:00.000</msg>
<status status="PASS" starttime="20231003 22:51:17.753" endtime="20231003 22:51:17.754"/>
</kw>
<kw name="Run Keyword If" library="BuiltIn">
<arg>'${convert_current_month_year}' == '${convert_random_month_year}'</arg>
<arg>Exit For Loop</arg>
<doc>Runs the given keyword with the given arguments, if ``condition`` is true.</doc>
<status status="PASS" starttime="20231003 22:51:17.754" endtime="20231003 22:51:17.754"/>
</kw>
<kw name="Run Keyword If" library="BuiltIn">
<arg>'${convert_random_month_year}' &gt; '${convert_current_month_year}'</arg>
<arg>Click Element</arg>
<arg>${calendar_next_button}</arg>
<arg>ELSE</arg>
<arg>Click Element</arg>
<arg>${calendar_previous_button}</arg>
<doc>Runs the given keyword with the given arguments, if ``condition`` is true.</doc>
<kw name="Click Element" library="SeleniumLibrary">
<arg>${calendar_previous_button}</arg>
<doc>Click the element identified by ``locator``.</doc>
<msg timestamp="20231003 22:51:17.755" level="INFO">Clicking element 'xpath://button[@title='Previous month']'.</msg>
<status status="PASS" starttime="20231003 22:51:17.754" endtime="20231003 22:51:17.815"/>
</kw>
<status status="PASS" starttime="20231003 22:51:17.754" endtime="20231003 22:51:17.815"/>
</kw>
<status status="PASS" starttime="20231003 22:51:17.736" endtime="20231003 22:51:17.815"/>
</iter>
<iter>
<var name="${i}">2</var>
<kw name="Get Text" library="SeleniumLibrary">
<var>${current_month_year}</var>
<arg>${month_year_text_calendar}</arg>
<doc>Returns the text value of the element identified by ``locator``.</doc>
<msg timestamp="20231003 22:51:17.901" level="INFO">${current_month_year} = September 2022</msg>
<status status="PASS" starttime="20231003 22:51:17.815" endtime="20231003 22:51:17.901"/>
</kw>
<kw name="Convert Date" library="DateTime">
<var>${convert_random_month_year}</var>
<arg>${random_month_year}</arg>
<arg>date_format=%B %Y</arg>
<doc>Converts between supported `date formats`.</doc>
<msg timestamp="20231003 22:51:17.902" level="INFO">${convert_random_month_year} = 2022-02-01 00:00:00.000</msg>
<status status="PASS" starttime="20231003 22:51:17.902" endtime="20231003 22:51:17.902"/>
</kw>
<kw name="Convert Date" library="DateTime">
<var>${convert_current_month_year}</var>
<arg>${current_month_year}</arg>
<arg>date_format=%B %Y</arg>
<doc>Converts between supported `date formats`.</doc>
<msg timestamp="20231003 22:51:17.902" level="INFO">${convert_current_month_year} = 2022-09-01 00:00:00.000</msg>
<status status="PASS" starttime="20231003 22:51:17.902" endtime="20231003 22:51:17.902"/>
</kw>
<kw name="Run Keyword If" library="BuiltIn">
<arg>'${convert_current_month_year}' == '${convert_random_month_year}'</arg>
<arg>Exit For Loop</arg>
<doc>Runs the given keyword with the given arguments, if ``condition`` is true.</doc>
<status status="PASS" starttime="20231003 22:51:17.903" endtime="20231003 22:51:17.903"/>
</kw>
<kw name="Run Keyword If" library="BuiltIn">
<arg>'${convert_random_month_year}' &gt; '${convert_current_month_year}'</arg>
<arg>Click Element</arg>
<arg>${calendar_next_button}</arg>
<arg>ELSE</arg>
<arg>Click Element</arg>
<arg>${calendar_previous_button}</arg>
<doc>Runs the given keyword with the given arguments, if ``condition`` is true.</doc>
<kw name="Click Element" library="SeleniumLibrary">
<arg>${calendar_previous_button}</arg>
<doc>Click the element identified by ``locator``.</doc>
<msg timestamp="20231003 22:51:17.904" level="INFO">Clicking element 'xpath://button[@title='Previous month']'.</msg>
<status status="PASS" starttime="20231003 22:51:17.903" endtime="20231003 22:51:17.962"/>
</kw>
<status status="PASS" starttime="20231003 22:51:17.903" endtime="20231003 22:51:17.962"/>
</kw>
<status status="PASS" starttime="20231003 22:51:17.815" endtime="20231003 22:51:17.962"/>
</iter>
<iter>
<var name="${i}">3</var>
<kw name="Get Text" library="SeleniumLibrary">
<var>${current_month_year}</var>
<arg>${month_year_text_calendar}</arg>
<doc>Returns the text value of the element identified by ``locator``.</doc>
<msg timestamp="20231003 22:51:17.978" level="INFO">${current_month_year} = August 2022</msg>
<status status="PASS" starttime="20231003 22:51:17.963" endtime="20231003 22:51:17.978"/>
</kw>
<kw name="Convert Date" library="DateTime">
<var>${convert_random_month_year}</var>
<arg>${random_month_year}</arg>
<arg>date_format=%B %Y</arg>
<doc>Converts between supported `date formats`.</doc>
<msg timestamp="20231003 22:51:17.979" level="INFO">${convert_random_month_year} = 2022-02-01 00:00:00.000</msg>
<status status="PASS" starttime="20231003 22:51:17.978" endtime="20231003 22:51:17.979"/>
</kw>
<kw name="Convert Date" library="DateTime">
<var>${convert_current_month_year}</var>
<arg>${current_month_year}</arg>
<arg>date_format=%B %Y</arg>
<doc>Converts between supported `date formats`.</doc>
<msg timestamp="20231003 22:51:17.979" level="INFO">${convert_current_month_year} = 2022-08-01 00:00:00.000</msg>
<status status="PASS" starttime="20231003 22:51:17.979" endtime="20231003 22:51:17.979"/>
</kw>
<kw name="Run Keyword If" library="BuiltIn">
<arg>'${convert_current_month_year}' == '${convert_random_month_year}'</arg>
<arg>Exit For Loop</arg>
<doc>Runs the given keyword with the given arguments, if ``condition`` is true.</doc>
<status status="PASS" starttime="20231003 22:51:17.979" endtime="20231003 22:51:17.979"/>
</kw>
<kw name="Run Keyword If" library="BuiltIn">
<arg>'${convert_random_month_year}' &gt; '${convert_current_month_year}'</arg>
<arg>Click Element</arg>
<arg>${calendar_next_button}</arg>
<arg>ELSE</arg>
<arg>Click Element</arg>
<arg>${calendar_previous_button}</arg>
<doc>Runs the given keyword with the given arguments, if ``condition`` is true.</doc>
<kw name="Click Element" library="SeleniumLibrary">
<arg>${calendar_previous_button}</arg>
<doc>Click the element identified by ``locator``.</doc>
<msg timestamp="20231003 22:51:17.980" level="INFO">Clicking element 'xpath://button[@title='Previous month']'.</msg>
<status status="PASS" starttime="20231003 22:51:17.980" endtime="20231003 22:51:18.033"/>
</kw>
<status status="PASS" starttime="20231003 22:51:17.979" endtime="20231003 22:51:18.033"/>
</kw>
<status status="PASS" starttime="20231003 22:51:17.962" endtime="20231003 22:51:18.033"/>
</iter>
<iter>
<var name="${i}">4</var>
<kw name="Get Text" library="SeleniumLibrary">
<var>${current_month_year}</var>
<arg>${month_year_text_calendar}</arg>
<doc>Returns the text value of the element identified by ``locator``.</doc>
<msg timestamp="20231003 22:51:18.054" level="INFO">${current_month_year} = July 2022</msg>
<status status="PASS" starttime="20231003 22:51:18.033" endtime="20231003 22:51:18.054"/>
</kw>
<kw name="Convert Date" library="DateTime">
<var>${convert_random_month_year}</var>
<arg>${random_month_year}</arg>
<arg>date_format=%B %Y</arg>
<doc>Converts between supported `date formats`.</doc>
<msg timestamp="20231003 22:51:18.054" level="INFO">${convert_random_month_year} = 2022-02-01 00:00:00.000</msg>
<status status="PASS" starttime="20231003 22:51:18.054" endtime="20231003 22:51:18.055"/>
</kw>
<kw name="Convert Date" library="DateTime">
<var>${convert_current_month_year}</var>
<arg>${current_month_year}</arg>
<arg>date_format=%B %Y</arg>
<doc>Converts between supported `date formats`.</doc>
<msg timestamp="20231003 22:51:18.055" level="INFO">${convert_current_month_year} = 2022-07-01 00:00:00.000</msg>
<status status="PASS" starttime="20231003 22:51:18.055" endtime="20231003 22:51:18.055"/>
</kw>
<kw name="Run Keyword If" library="BuiltIn">
<arg>'${convert_current_month_year}' == '${convert_random_month_year}'</arg>
<arg>Exit For Loop</arg>
<doc>Runs the given keyword with the given arguments, if ``condition`` is true.</doc>
<status status="PASS" starttime="20231003 22:51:18.055" endtime="20231003 22:51:18.055"/>
</kw>
<kw name="Run Keyword If" library="BuiltIn">
<arg>'${convert_random_month_year}' &gt; '${convert_current_month_year}'</arg>
<arg>Click Element</arg>
<arg>${calendar_next_button}</arg>
<arg>ELSE</arg>
<arg>Click Element</arg>
<arg>${calendar_previous_button}</arg>
<doc>Runs the given keyword with the given arguments, if ``condition`` is true.</doc>
<kw name="Click Element" library="SeleniumLibrary">
<arg>${calendar_previous_button}</arg>
<doc>Click the element identified by ``locator``.</doc>
<msg timestamp="20231003 22:51:18.056" level="INFO">Clicking element 'xpath://button[@title='Previous month']'.</msg>
<status status="PASS" starttime="20231003 22:51:18.056" endtime="20231003 22:51:18.108"/>
</kw>
<status status="PASS" starttime="20231003 22:51:18.056" endtime="20231003 22:51:18.108"/>
</kw>
<status status="PASS" starttime="20231003 22:51:18.033" endtime="20231003 22:51:18.108"/>
</iter>
<iter>
<var name="${i}">5</var>
<kw name="Get Text" library="SeleniumLibrary">
<var>${current_month_year}</var>
<arg>${month_year_text_calendar}</arg>
<doc>Returns the text value of the element identified by ``locator``.</doc>
<msg timestamp="20231003 22:51:18.123" level="INFO">${current_month_year} = June 2022</msg>
<status status="PASS" starttime="20231003 22:51:18.108" endtime="20231003 22:51:18.123"/>
</kw>
<kw name="Convert Date" library="DateTime">
<var>${convert_random_month_year}</var>
<arg>${random_month_year}</arg>
<arg>date_format=%B %Y</arg>
<doc>Converts between supported `date formats`.</doc>
<msg timestamp="20231003 22:51:18.124" level="INFO">${convert_random_month_year} = 2022-02-01 00:00:00.000</msg>
<status status="PASS" starttime="20231003 22:51:18.124" endtime="20231003 22:51:18.124"/>
</kw>
<kw name="Convert Date" library="DateTime">
<var>${convert_current_month_year}</var>
<arg>${current_month_year}</arg>
<arg>date_format=%B %Y</arg>
<doc>Converts between supported `date formats`.</doc>
<msg timestamp="20231003 22:51:18.124" level="INFO">${convert_current_month_year} = 2022-06-01 00:00:00.000</msg>
<status status="PASS" starttime="20231003 22:51:18.124" endtime="20231003 22:51:18.124"/>
</kw>
<kw name="Run Keyword If" library="BuiltIn">
<arg>'${convert_current_month_year}' == '${convert_random_month_year}'</arg>
<arg>Exit For Loop</arg>
<doc>Runs the given keyword with the given arguments, if ``condition`` is true.</doc>
<status status="PASS" starttime="20231003 22:51:18.124" endtime="20231003 22:51:18.125"/>
</kw>
<kw name="Run Keyword If" library="BuiltIn">
<arg>'${convert_random_month_year}' &gt; '${convert_current_month_year}'</arg>
<arg>Click Element</arg>
<arg>${calendar_next_button}</arg>
<arg>ELSE</arg>
<arg>Click Element</arg>
<arg>${calendar_previous_button}</arg>
<doc>Runs the given keyword with the given arguments, if ``condition`` is true.</doc>
<kw name="Click Element" library="SeleniumLibrary">
<arg>${calendar_previous_button}</arg>
<doc>Click the element identified by ``locator``.</doc>
<msg timestamp="20231003 22:51:18.125" level="INFO">Clicking element 'xpath://button[@title='Previous month']'.</msg>
<status status="PASS" starttime="20231003 22:51:18.125" endtime="20231003 22:51:18.177"/>
</kw>
<status status="PASS" starttime="20231003 22:51:18.125" endtime="20231003 22:51:18.177"/>
</kw>
<status status="PASS" starttime="20231003 22:51:18.108" endtime="20231003 22:51:18.177"/>
</iter>
<iter>
<var name="${i}">6</var>
<kw name="Get Text" library="SeleniumLibrary">
<var>${current_month_year}</var>
<arg>${month_year_text_calendar}</arg>
<doc>Returns the text value of the element identified by ``locator``.</doc>
<msg timestamp="20231003 22:51:18.191" level="INFO">${current_month_year} = May 2022</msg>
<status status="PASS" starttime="20231003 22:51:18.177" endtime="20231003 22:51:18.191"/>
</kw>
<kw name="Convert Date" library="DateTime">
<var>${convert_random_month_year}</var>
<arg>${random_month_year}</arg>
<arg>date_format=%B %Y</arg>
<doc>Converts between supported `date formats`.</doc>
<msg timestamp="20231003 22:51:18.191" level="INFO">${convert_random_month_year} = 2022-02-01 00:00:00.000</msg>
<status status="PASS" starttime="20231003 22:51:18.191" endtime="20231003 22:51:18.191"/>
</kw>
<kw name="Convert Date" library="DateTime">
<var>${convert_current_month_year}</var>
<arg>${current_month_year}</arg>
<arg>date_format=%B %Y</arg>
<doc>Converts between supported `date formats`.</doc>
<msg timestamp="20231003 22:51:18.192" level="INFO">${convert_current_month_year} = 2022-05-01 00:00:00.000</msg>
<status status="PASS" starttime="20231003 22:51:18.192" endtime="20231003 22:51:18.192"/>
</kw>
<kw name="Run Keyword If" library="BuiltIn">
<arg>'${convert_current_month_year}' == '${convert_random_month_year}'</arg>
<arg>Exit For Loop</arg>
<doc>Runs the given keyword with the given arguments, if ``condition`` is true.</doc>
<status status="PASS" starttime="20231003 22:51:18.192" endtime="20231003 22:51:18.192"/>
</kw>
<kw name="Run Keyword If" library="BuiltIn">
<arg>'${convert_random_month_year}' &gt; '${convert_current_month_year}'</arg>
<arg>Click Element</arg>
<arg>${calendar_next_button}</arg>
<arg>ELSE</arg>
<arg>Click Element</arg>
<arg>${calendar_previous_button}</arg>
<doc>Runs the given keyword with the given arguments, if ``condition`` is true.</doc>
<kw name="Click Element" library="SeleniumLibrary">
<arg>${calendar_previous_button}</arg>
<doc>Click the element identified by ``locator``.</doc>
<msg timestamp="20231003 22:51:18.193" level="INFO">Clicking element 'xpath://button[@title='Previous month']'.</msg>
<status status="PASS" starttime="20231003 22:51:18.192" endtime="20231003 22:51:18.242"/>
</kw>
<status status="PASS" starttime="20231003 22:51:18.192" endtime="20231003 22:51:18.243"/>
</kw>
<status status="PASS" starttime="20231003 22:51:18.177" endtime="20231003 22:51:18.243"/>
</iter>
<iter>
<var name="${i}">7</var>
<kw name="Get Text" library="SeleniumLibrary">
<var>${current_month_year}</var>
<arg>${month_year_text_calendar}</arg>
<doc>Returns the text value of the element identified by ``locator``.</doc>
<msg timestamp="20231003 22:51:18.257" level="INFO">${current_month_year} = April 2022</msg>
<status status="PASS" starttime="20231003 22:51:18.243" endtime="20231003 22:51:18.257"/>
</kw>
<kw name="Convert Date" library="DateTime">
<var>${convert_random_month_year}</var>
<arg>${random_month_year}</arg>
<arg>date_format=%B %Y</arg>
<doc>Converts between supported `date formats`.</doc>
<msg timestamp="20231003 22:51:18.258" level="INFO">${convert_random_month_year} = 2022-02-01 00:00:00.000</msg>
<status status="PASS" starttime="20231003 22:51:18.258" endtime="20231003 22:51:18.258"/>
</kw>
<kw name="Convert Date" library="DateTime">
<var>${convert_current_month_year}</var>
<arg>${current_month_year}</arg>
<arg>date_format=%B %Y</arg>
<doc>Converts between supported `date formats`.</doc>
<msg timestamp="20231003 22:51:18.258" level="INFO">${convert_current_month_year} = 2022-04-01 00:00:00.000</msg>
<status status="PASS" starttime="20231003 22:51:18.258" endtime="20231003 22:51:18.258"/>
</kw>
<kw name="Run Keyword If" library="BuiltIn">
<arg>'${convert_current_month_year}' == '${convert_random_month_year}'</arg>
<arg>Exit For Loop</arg>
<doc>Runs the given keyword with the given arguments, if ``condition`` is true.</doc>
<status status="PASS" starttime="20231003 22:51:18.258" endtime="20231003 22:51:18.258"/>
</kw>
<kw name="Run Keyword If" library="BuiltIn">
<arg>'${convert_random_month_year}' &gt; '${convert_current_month_year}'</arg>
<arg>Click Element</arg>
<arg>${calendar_next_button}</arg>
<arg>ELSE</arg>
<arg>Click Element</arg>
<arg>${calendar_previous_button}</arg>
<doc>Runs the given keyword with the given arguments, if ``condition`` is true.</doc>
<kw name="Click Element" library="SeleniumLibrary">
<arg>${calendar_previous_button}</arg>
<doc>Click the element identified by ``locator``.</doc>
<msg timestamp="20231003 22:51:18.259" level="INFO">Clicking element 'xpath://button[@title='Previous month']'.</msg>
<status status="PASS" starttime="20231003 22:51:18.259" endtime="20231003 22:51:18.309"/>
</kw>
<status status="PASS" starttime="20231003 22:51:18.259" endtime="20231003 22:51:18.309"/>
</kw>
<status status="PASS" starttime="20231003 22:51:18.243" endtime="20231003 22:51:18.309"/>
</iter>
<iter>
<var name="${i}">8</var>
<kw name="Get Text" library="SeleniumLibrary">
<var>${current_month_year}</var>
<arg>${month_year_text_calendar}</arg>
<doc>Returns the text value of the element identified by ``locator``.</doc>
<msg timestamp="20231003 22:51:18.326" level="INFO">${current_month_year} = March 2022</msg>
<status status="PASS" starttime="20231003 22:51:18.309" endtime="20231003 22:51:18.326"/>
</kw>
<kw name="Convert Date" library="DateTime">
<var>${convert_random_month_year}</var>
<arg>${random_month_year}</arg>
<arg>date_format=%B %Y</arg>
<doc>Converts between supported `date formats`.</doc>
<msg timestamp="20231003 22:51:18.326" level="INFO">${convert_random_month_year} = 2022-02-01 00:00:00.000</msg>
<status status="PASS" starttime="20231003 22:51:18.326" endtime="20231003 22:51:18.326"/>
</kw>
<kw name="Convert Date" library="DateTime">
<var>${convert_current_month_year}</var>
<arg>${current_month_year}</arg>
<arg>date_format=%B %Y</arg>
<doc>Converts between supported `date formats`.</doc>
<msg timestamp="20231003 22:51:18.327" level="INFO">${convert_current_month_year} = 2022-03-01 00:00:00.000</msg>
<status status="PASS" starttime="20231003 22:51:18.326" endtime="20231003 22:51:18.327"/>
</kw>
<kw name="Run Keyword If" library="BuiltIn">
<arg>'${convert_current_month_year}' == '${convert_random_month_year}'</arg>
<arg>Exit For Loop</arg>
<doc>Runs the given keyword with the given arguments, if ``condition`` is true.</doc>
<status status="PASS" starttime="20231003 22:51:18.327" endtime="20231003 22:51:18.327"/>
</kw>
<kw name="Run Keyword If" library="BuiltIn">
<arg>'${convert_random_month_year}' &gt; '${convert_current_month_year}'</arg>
<arg>Click Element</arg>
<arg>${calendar_next_button}</arg>
<arg>ELSE</arg>
<arg>Click Element</arg>
<arg>${calendar_previous_button}</arg>
<doc>Runs the given keyword with the given arguments, if ``condition`` is true.</doc>
<kw name="Click Element" library="SeleniumLibrary">
<arg>${calendar_previous_button}</arg>
<doc>Click the element identified by ``locator``.</doc>
<msg timestamp="20231003 22:51:18.328" level="INFO">Clicking element 'xpath://button[@title='Previous month']'.</msg>
<status status="PASS" starttime="20231003 22:51:18.327" endtime="20231003 22:51:18.377"/>
</kw>
<status status="PASS" starttime="20231003 22:51:18.327" endtime="20231003 22:51:18.377"/>
</kw>
<status status="PASS" starttime="20231003 22:51:18.309" endtime="20231003 22:51:18.377"/>
</iter>
<iter>
<var name="${i}">9</var>
<kw name="Get Text" library="SeleniumLibrary">
<var>${current_month_year}</var>
<arg>${month_year_text_calendar}</arg>
<doc>Returns the text value of the element identified by ``locator``.</doc>
<msg timestamp="20231003 22:51:18.394" level="INFO">${current_month_year} = February 2022</msg>
<status status="PASS" starttime="20231003 22:51:18.377" endtime="20231003 22:51:18.394"/>
</kw>
<kw name="Convert Date" library="DateTime">
<var>${convert_random_month_year}</var>
<arg>${random_month_year}</arg>
<arg>date_format=%B %Y</arg>
<doc>Converts between supported `date formats`.</doc>
<msg timestamp="20231003 22:51:18.395" level="INFO">${convert_random_month_year} = 2022-02-01 00:00:00.000</msg>
<status status="PASS" starttime="20231003 22:51:18.394" endtime="20231003 22:51:18.395"/>
</kw>
<kw name="Convert Date" library="DateTime">
<var>${convert_current_month_year}</var>
<arg>${current_month_year}</arg>
<arg>date_format=%B %Y</arg>
<doc>Converts between supported `date formats`.</doc>
<msg timestamp="20231003 22:51:18.395" level="INFO">${convert_current_month_year} = 2022-02-01 00:00:00.000</msg>
<status status="PASS" starttime="20231003 22:51:18.395" endtime="20231003 22:51:18.395"/>
</kw>
<kw name="Run Keyword If" library="BuiltIn">
<arg>'${convert_current_month_year}' == '${convert_random_month_year}'</arg>
<arg>Exit For Loop</arg>
<doc>Runs the given keyword with the given arguments, if ``condition`` is true.</doc>
<kw name="Exit For Loop" library="BuiltIn">
<doc>Stops executing the enclosing FOR loop.</doc>
<msg timestamp="20231003 22:51:18.396" level="INFO">Exiting for loop altogether.</msg>
<status status="PASS" starttime="20231003 22:51:18.396" endtime="20231003 22:51:18.396"/>
</kw>
<status status="PASS" starttime="20231003 22:51:18.396" endtime="20231003 22:51:18.396"/>
</kw>
<kw name="Run Keyword If" library="BuiltIn">
<arg>'${convert_random_month_year}' &gt; '${convert_current_month_year}'</arg>
<arg>Click Element</arg>
<arg>${calendar_next_button}</arg>
<arg>ELSE</arg>
<arg>Click Element</arg>
<arg>${calendar_previous_button}</arg>
<doc>Runs the given keyword with the given arguments, if ``condition`` is true.</doc>
<status status="NOT RUN" starttime="20231003 22:51:18.396" endtime="20231003 22:51:18.396"/>
</kw>
<status status="PASS" starttime="20231003 22:51:18.377" endtime="20231003 22:51:18.396"/>
</iter>
<status status="PASS" starttime="20231003 22:51:17.632" endtime="20231003 22:51:18.396"/>
</for>
<msg timestamp="20231003 22:51:18.396" level="INFO">${target_date} = February 2022</msg>
<status status="PASS" starttime="20231003 22:51:17.631" endtime="20231003 22:51:18.397"/>
</kw>
<kw name="Log To Console" library="BuiltIn">
<arg>\nMonth year after search: ${target_date}</arg>
<doc>Logs the given message to the console.</doc>
<status status="PASS" starttime="20231003 22:51:18.397" endtime="20231003 22:51:18.397"/>
</kw>
<if>
<branch type="IF" condition="'${random_month_year}' != '${target_date}'">
<kw name="Log To Console" library="BuiltIn">
<arg>\nDate not found after max attempts</arg>
<doc>Logs the given message to the console.</doc>
<status status="NOT RUN" starttime="20231003 22:51:18.397" endtime="20231003 22:51:18.397"/>
</kw>
<status status="NOT RUN" starttime="20231003 22:51:18.397" endtime="20231003 22:51:18.397"/>
</branch>
<branch type="ELSE IF" condition="'${formatted_current_date}'.isdigit()">
<if>
<branch type="IF" condition="'${formatted_current_date}' == '${random_date}'">
<if>
<branch type="IF" condition="'${current_month_year}' == '${random_month_year}'">
<kw name="Double Click Date In Calendar" library="profile_keyword">
<arg>${random_date}</arg>
<status status="NOT RUN" starttime="20231003 22:51:18.398" endtime="20231003 22:51:18.398"/>
</kw>
<status status="NOT RUN" starttime="20231003 22:51:18.398" endtime="20231003 22:51:18.398"/>
</branch>
<branch type="ELSE">
<kw name="Click Date In Calendar" library="profile_keyword">
<arg>${random_date}</arg>
<status status="NOT RUN" starttime="20231003 22:51:18.398" endtime="20231003 22:51:18.398"/>
</kw>
<status status="NOT RUN" starttime="20231003 22:51:18.398" endtime="20231003 22:51:18.398"/>
</branch>
<status status="NOT RUN" starttime="20231003 22:51:18.398" endtime="20231003 22:51:18.398"/>
</if>
<status status="NOT RUN" starttime="20231003 22:51:18.397" endtime="20231003 22:51:18.398"/>
</branch>
<branch type="ELSE">
<kw name="Click Date In Calendar" library="profile_keyword">
<arg>${random_date}</arg>
<kw name="Set Variable" library="BuiltIn">
<var>${date_button_locator}</var>
<arg>${date_prefix}${target_date}${date_suffix}</arg>
<doc>Returns the given values which can then be assigned to a variables.</doc>
<msg timestamp="20231003 22:51:18.398" level="INFO">${date_button_locator} = xpath://button[normalize-space(.)='4']</msg>
<status status="PASS" starttime="20231003 22:51:18.398" endtime="20231003 22:51:18.398"/>
</kw>
<kw name="Click Element" library="SeleniumLibrary">
<arg>${date_button_locator}</arg>
<doc>Click the element identified by ``locator``.</doc>
<msg timestamp="20231003 22:51:18.399" level="INFO">Clicking element 'xpath://button[normalize-space(.)='4']'.</msg>
<status status="PASS" starttime="20231003 22:51:18.398" endtime="20231003 22:51:18.452"/>
</kw>
<status status="PASS" starttime="20231003 22:51:18.398" endtime="20231003 22:51:18.452"/>
</kw>
<status status="PASS" starttime="20231003 22:51:18.398" endtime="20231003 22:51:18.452"/>
</branch>
<status status="PASS" starttime="20231003 22:51:18.397" endtime="20231003 22:51:18.452"/>
</if>
<status status="PASS" starttime="20231003 22:51:18.397" endtime="20231003 22:51:18.452"/>
</branch>
<branch type="ELSE">
<kw name="Click Date In Calendar" library="profile_keyword">
<arg>${random_date}</arg>
<status status="NOT RUN" starttime="20231003 22:51:18.453" endtime="20231003 22:51:18.453"/>
</kw>
<status status="NOT RUN" starttime="20231003 22:51:18.452" endtime="20231003 22:51:18.453"/>
</branch>
<status status="PASS" starttime="20231003 22:51:18.397" endtime="20231003 22:51:18.453"/>
</if>
<kw name="Click Ok Button in Calendar" library="profile_keyword">
<kw name="Sleep" library="BuiltIn">
<arg>1s</arg>
<doc>Pauses the test executed for the given time.</doc>
<msg timestamp="20231003 22:51:19.454" level="INFO">Slept 1 second</msg>
<status status="PASS" starttime="20231003 22:51:18.453" endtime="20231003 22:51:19.455"/>
</kw>
<kw name="Wait Until Element Is Enabled" library="SeleniumLibrary">
<arg>${ok_calendar_button}</arg>
<arg>5s</arg>
<doc>Waits until the element ``locator`` is enabled.</doc>
<status status="PASS" starttime="20231003 22:51:19.455" endtime="20231003 22:51:19.482"/>
</kw>
<kw name="Click Element" library="SeleniumLibrary">
<arg>${ok_calendar_button}</arg>
<doc>Click the element identified by ``locator``.</doc>
<msg timestamp="20231003 22:51:19.483" level="INFO">Clicking element 'xpath://button[normalize-space()='OK']'.</msg>
<status status="PASS" starttime="20231003 22:51:19.482" endtime="20231003 22:51:19.552"/>
</kw>
<status status="PASS" starttime="20231003 22:51:18.453" endtime="20231003 22:51:19.552"/>
</kw>
<kw name="Click Save Button" library="profile_keyword">
<kw name="Wait Until Element Is Enabled" library="SeleniumLibrary">
<arg>${save_button}</arg>
<arg>5s</arg>
<doc>Waits until the element ``locator`` is enabled.</doc>
<status status="PASS" starttime="20231003 22:51:19.553" endtime="20231003 22:51:19.583"/>
</kw>
<kw name="Click Element" library="SeleniumLibrary">
<arg>${save_button}</arg>
<doc>Click the element identified by ``locator``.</doc>
<msg timestamp="20231003 22:51:19.583" level="INFO">Clicking element 'css:button[type='submit']'.</msg>
<status status="PASS" starttime="20231003 22:51:19.583" endtime="20231003 22:51:19.946"/>
</kw>
<status status="PASS" starttime="20231003 22:51:19.552" endtime="20231003 22:51:19.946"/>
</kw>
<kw name="Is Visible Success Message" library="profile_keyword">
<kw name="Wait Until Element Is Visible" library="SeleniumLibrary">
<arg>${success_message}</arg>
<arg>5s</arg>
<doc>Waits until the element ``locator`` is visible.</doc>
<status status="PASS" starttime="20231003 22:51:19.946" endtime="20231003 22:51:19.966"/>
</kw>
<status status="PASS" starttime="20231003 22:51:19.946" endtime="20231003 22:51:19.966"/>
</kw>
<kw name="Wait Until Element Is Visible" library="SeleniumLibrary">
<arg>${birthday_field}</arg>
<doc>Waits until the element ``locator`` is visible.</doc>
<status status="PASS" starttime="20231003 22:51:19.966" endtime="20231003 22:51:19.982"/>
</kw>
<kw name="Get Value" library="SeleniumLibrary">
<var>${birthday_text}</var>
<arg>${birthday_field}</arg>
<doc>Returns the value attribute of the element identified by ``locator``.</doc>
<msg timestamp="20231003 22:51:19.996" level="INFO">${birthday_text} = 04/02/22</msg>
<status status="PASS" starttime="20231003 22:51:19.982" endtime="20231003 22:51:19.996"/>
</kw>
<kw name="Log To Console" library="BuiltIn">
<arg>\nMonth year after save: ${birthday_text}</arg>
<doc>Logs the given message to the console.</doc>
<status status="PASS" starttime="20231003 22:51:19.996" endtime="20231003 22:51:19.996"/>
</kw>
<kw name="Click Birthday Button" library="profile_keyword">
<kw name="Is Visible Birthday Field" library="profile_keyword">
<kw name="Wait Until Element Is Visible" library="SeleniumLibrary">
<arg>${birthday_field}</arg>
<arg>5s</arg>
<doc>Waits until the element ``locator`` is visible.</doc>
<status status="PASS" starttime="20231003 22:51:19.997" endtime="20231003 22:51:20.011"/>
</kw>
<status status="PASS" starttime="20231003 22:51:19.997" endtime="20231003 22:51:20.011"/>
</kw>
<kw name="Click Element" library="SeleniumLibrary">
<arg>${birthday_field}</arg>
<doc>Click the element identified by ``locator``.</doc>
<msg timestamp="20231003 22:51:20.012" level="INFO">Clicking element 'css:input[name='birthday']'.</msg>
<status status="PASS" starttime="20231003 22:51:20.012" endtime="20231003 22:51:20.083"/>
</kw>
<status status="PASS" starttime="20231003 22:51:19.997" endtime="20231003 22:51:20.083"/>
</kw>
<kw name="Get Text" library="SeleniumLibrary">
<var>${current_month_year}</var>
<arg>${month_year_text_calendar}</arg>
<doc>Returns the text value of the element identified by ``locator``.</doc>
<msg timestamp="20231003 22:51:20.104" level="INFO">${current_month_year} = February 2022</msg>
<status status="PASS" starttime="20231003 22:51:20.083" endtime="20231003 22:51:20.104"/>
</kw>
<kw name="Should Be Equal" library="BuiltIn">
<arg>${current_month_year}</arg>
<arg>${random_month_year}</arg>
<doc>Fails if the given objects are unequal.</doc>
<status status="PASS" starttime="20231003 22:51:20.105" endtime="20231003 22:51:20.105"/>
</kw>
<kw name="Close Browser" library="base_keyword" type="TEARDOWN">
<kw name="Close All Browsers" library="SeleniumLibrary">
<doc>Closes all open browsers and resets the browser cache.</doc>
<status status="PASS" starttime="20231003 22:51:20.106" endtime="20231003 22:51:20.226"/>
</kw>
<status status="PASS" starttime="20231003 22:51:20.105" endtime="20231003 22:51:20.226"/>
</kw>
<doc>Success edit birthday date</doc>
<tag>profile</tag>
<tag>regression</tag>
<status status="PASS" starttime="20231003 22:51:00.830" endtime="20231003 22:51:20.226"/>
</test>
<doc>Profile Functionality</doc>
<status status="PASS" starttime="20231003 22:51:00.809" endtime="20231003 22:51:20.227"/>
</suite>
<suite id="s1-s4" name="Signup" source="/Users/pedropradita/PycharmProjects/aha/tests/signup.robot">
<kw name="Set Implicit Wait Globally" library="base_keyword" type="SETUP">
<kw name="Set Selenium Implicit Wait" library="SeleniumLibrary">
<arg>20s</arg>
<doc>Sets the implicit wait value used by Selenium.</doc>
<status status="PASS" starttime="20231003 22:51:20.247" endtime="20231003 22:51:20.247"/>
</kw>
<status status="PASS" starttime="20231003 22:51:20.246" endtime="20231003 22:51:20.247"/>
</kw>
<test id="s1-s4-t1" name="Signup with Email" line="19">
<kw name="Open Signup Page" library="signup_keyword" type="SETUP">
<arg>${${environment}_URL}</arg>
<arg>${browser_chrome}</arg>
<kw name="Open Home Page" library="base_keyword">
<arg>${SiteUrl}</arg>
<arg>${Browser}</arg>
<kw name="Open Browser" library="SeleniumLibrary">
<arg>${SiteUrl}</arg>
<arg>${Browser}</arg>
<doc>Opens a new browser instance to the optional ``url``.</doc>
<msg timestamp="20231003 22:51:20.248" level="INFO">Opening browser 'headless chrome' to base url 'https://earnaha.com/'.</msg>
<status status="PASS" starttime="20231003 22:51:20.248" endtime="20231003 22:51:25.954"/>
</kw>
<kw name="Maximize Browser Window" library="SeleniumLibrary">
<doc>Maximizes current browser window.</doc>
<status status="PASS" starttime="20231003 22:51:25.954" endtime="20231003 22:51:26.422"/>
</kw>
<status status="PASS" starttime="20231003 22:51:20.248" endtime="20231003 22:51:26.422"/>
</kw>
<kw name="Click Signup Button Home Page" library="signup_keyword">
<kw name="Click Element" library="SeleniumLibrary">
<arg>${signup_button}</arg>
<doc>Click the element identified by ``locator``.</doc>
<msg timestamp="20231003 22:51:26.423" level="INFO">Clicking element 'xpath:(//a[contains(@href, '/signup')])[1]'.</msg>
<status status="PASS" starttime="20231003 22:51:26.422" endtime="20231003 22:51:28.378"/>
</kw>
<status status="PASS" starttime="20231003 22:51:26.422" endtime="20231003 22:51:28.378"/>
</kw>
<status status="PASS" starttime="20231003 22:51:20.247" endtime="20231003 22:51:28.378"/>
</kw>
<kw name="Get Current Date Time Formatted" library="common_keyword">
<var>${formatted_date_time}</var>
<kw name="Get Current Date" library="DateTime">
<var>${formatted_current_date}</var>
<arg>result_format=%Y%m%d%H%M%S</arg>
<doc>Returns current local or UTC time with an optional increment.</doc>
<msg timestamp="20231003 22:51:28.379" level="INFO">${formatted_current_date} = 20231003225128</msg>
<status status="PASS" starttime="20231003 22:51:28.379" endtime="20231003 22:51:28.379"/>
</kw>
<kw name="Log To Console" library="BuiltIn">
<arg>\nCurrent date: ${formatted_current_date}</arg>
<doc>Logs the given message to the console.</doc>
<status status="PASS" starttime="20231003 22:51:28.379" endtime="20231003 22:51:28.379"/>
</kw>
<msg timestamp="20231003 22:51:28.379" level="INFO">${formatted_date_time} = 20231003225128</msg>
<status status="PASS" starttime="20231003 22:51:28.378" endtime="20231003 22:51:28.379"/>
</kw>
<kw name="Input Username" library="signup_keyword">
<arg>${sign_email_front}${${environment}_text}.${formatted_date_time}${sign_email_end}</arg>
<kw name="Wait Until Element Is Visible" library="SeleniumLibrary">
<arg>${email_field}</arg>
<doc>Waits until the element ``locator`` is visible.</doc>
<status status="PASS" starttime="20231003 22:51:28.380" endtime="20231003 22:51:28.403"/>
</kw>
<kw name="Input Text" library="SeleniumLibrary">
<arg>${email_field}</arg>
<arg>${email}</arg>
<doc>Types the given ``text`` into the text field identified by ``locator``.</doc>
<msg timestamp="20231003 22:51:28.404" level="INFO">Typing text 'test.prod.20231003225128@aha.test' into text field 'id:email'.</msg>
<status status="PASS" starttime="20231003 22:51:28.403" endtime="20231003 22:51:28.566"/>
</kw>
<status status="PASS" starttime="20231003 22:51:28.380" endtime="20231003 22:51:28.566"/>
</kw>
<kw name="Input Password" library="signup_keyword">
<arg>${password}</arg>
<kw name="Input Text" library="SeleniumLibrary">
<arg>${password_field}</arg>
<arg>${password}</arg>
<doc>Types the given ``text`` into the text field identified by ``locator``.</doc>
<msg timestamp="20231003 22:51:28.568" level="INFO">Typing text 'Testaha1!' into text field 'id:password'.</msg>
<status status="PASS" starttime="20231003 22:51:28.567" endtime="20231003 22:51:28.656"/>
</kw>
<status status="PASS" starttime="20231003 22:51:28.567" endtime="20231003 22:51:28.656"/>
</kw>
<kw name="Click Signup Button" library="signup_keyword">
<kw name="Click Element" library="SeleniumLibrary">
<arg>${continue_button}</arg>
<doc>Click the element identified by ``locator``.</doc>
<msg timestamp="20231003 22:51:28.657" level="INFO">Clicking element 'xpath:(//*[@type='submit'])[1]'.</msg>
<status status="PASS" starttime="20231003 22:51:28.657" endtime="20231003 22:51:33.279"/>
</kw>
<status status="PASS" starttime="20231003 22:51:28.656" endtime="20231003 22:51:33.279"/>
</kw>
<kw name="Wait Profile Button is Visible" library="signup_keyword">
<var>${visibility_result}</var>
<kw name="Wait Until Element Is Visible" library="SeleniumLibrary">
<arg>${profile_button}</arg>
<arg>10</arg>
<doc>Waits until the element ``locator`` is visible.</doc>
<status status="PASS" starttime="20231003 22:51:33.279" endtime="20231003 22:51:34.912"/>
</kw>
<kw name="Run Keyword And Return Status" library="BuiltIn">
<var>${visibility_status}</var>
<arg>element should be visible</arg>
<arg>${profile_button}</arg>
<doc>Runs the given keyword with given arguments and returns the status as a Boolean value.</doc>
<kw name="Element Should Be Visible" library="SeleniumLibrary">
<arg>${profile_button}</arg>
<doc>Verifies that the element identified by ``locator`` is visible.</doc>
<msg timestamp="20231003 22:51:34.926" level="INFO">Element 'css:div[aria-label='Profile']' is displayed.</msg>
<status status="PASS" starttime="20231003 22:51:34.912" endtime="20231003 22:51:34.927"/>
</kw>
<msg timestamp="20231003 22:51:34.927" level="INFO">${visibility_status} = True</msg>
<status status="PASS" starttime="20231003 22:51:34.912" endtime="20231003 22:51:34.927"/>
</kw>
<msg timestamp="20231003 22:51:34.927" level="INFO">${visibility_result} = True</msg>
<status status="PASS" starttime="20231003 22:51:33.279" endtime="20231003 22:51:34.927"/>
</kw>
<kw name="Should Be True" library="BuiltIn">
<arg>${visibility_result}</arg>
<doc>Fails if the given condition is not true.</doc>
<status status="PASS" starttime="20231003 22:51:34.927" endtime="20231003 22:51:34.927"/>
</kw>
<kw name="Close Browser" library="base_keyword" type="TEARDOWN">
<kw name="Close All Browsers" library="SeleniumLibrary">
<doc>Closes all open browsers and resets the browser cache.</doc>
<status status="PASS" starttime="20231003 22:51:34.928" endtime="20231003 22:51:35.041"/>
</kw>
<status status="PASS" starttime="20231003 22:51:34.927" endtime="20231003 22:51:35.041"/>
</kw>
<doc>Success signup with new email</doc>
<tag>regression</tag>
<tag>signup</tag>
<status status="PASS" starttime="20231003 22:51:20.247" endtime="20231003 22:51:35.041"/>
</test>
<doc>Signup Functionality</doc>
<status status="PASS" starttime="20231003 22:51:20.228" endtime="20231003 22:51:35.042"/>
</suite>
<status status="PASS" starttime="20231003 22:49:46.803" endtime="20231003 22:51:35.043"/>
</suite>
<statistics>
<total>
<stat pass="6" fail="0" skip="0">All Tests</stat>
</total>
<tag>
<stat pass="2" fail="0" skip="0">login</stat>
<stat pass="2" fail="0" skip="0">logout</stat>
<stat pass="1" fail="0" skip="0">profile</stat>
<stat pass="6" fail="0" skip="0">regression</stat>
<stat pass="1" fail="0" skip="0">signup</stat>
</tag>
<suite>
<stat pass="6" fail="0" skip="0" id="s1" name="Tests">Tests</stat>
<stat pass="2" fail="0" skip="0" id="s1-s1" name="Login">Tests.Login</stat>
<stat pass="2" fail="0" skip="0" id="s1-s2" name="Logout">Tests.Logout</stat>
<stat pass="1" fail="0" skip="0" id="s1-s3" name="Profile">Tests.Profile</stat>
<stat pass="1" fail="0" skip="0" id="s1-s4" name="Signup">Tests.Signup</stat>
</suite>
</statistics>
<errors>
</errors>
</robot>
